{"I:\\boris staff\\andela\\bootcamp challenge\\team_work_server\\app.js":{"path":"I:\\boris staff\\andela\\bootcamp challenge\\team_work_server\\app.js","statementMap":{"0":{"start":{"line":3,"column":0},"end":{"line":5,"column":3}},"1":{"start":{"line":6,"column":0},"end":{"line":6,"column":25}},"2":{"start":{"line":8,"column":10},"end":{"line":8,"column":47}},"3":{"start":{"line":10,"column":12},"end":{"line":10,"column":51}},"4":{"start":{"line":12,"column":15},"end":{"line":12,"column":57}},"5":{"start":{"line":14,"column":14},"end":{"line":14,"column":55}},"6":{"start":{"line":16,"column":18},"end":{"line":16,"column":64}},"7":{"start":{"line":18,"column":12},"end":{"line":18,"column":51}},"8":{"start":{"line":20,"column":14},"end":{"line":20,"column":64}},"9":{"start":{"line":22,"column":39},"end":{"line":22,"column":93}},"10":{"start":{"line":24,"column":12},"end":{"line":24,"column":35}},"11":{"start":{"line":25,"column":0},"end":{"line":25,"column":42}},"12":{"start":{"line":26,"column":0},"end":{"line":26,"column":36}},"13":{"start":{"line":27,"column":0},"end":{"line":27,"column":30}},"14":{"start":{"line":28,"column":0},"end":{"line":60,"column":3}},"15":{"start":{"line":29,"column":16},"end":{"line":29,"column":57}},"16":{"start":{"line":33,"column":6},"end":{"line":33,"column":19}},"17":{"start":{"line":35,"column":18},"end":{"line":35,"column":56}},"18":{"start":{"line":37,"column":25},"end":{"line":37,"column":154}},"19":{"start":{"line":37,"column":36},"end":{"line":37,"column":154}},"20":{"start":{"line":37,"column":84},"end":{"line":37,"column":153}},"21":{"start":{"line":39,"column":18},"end":{"line":39,"column":77}},"22":{"start":{"line":41,"column":23},"end":{"line":41,"column":81}},"23":{"start":{"line":43,"column":2},"end":{"line":43,"column":29}},"24":{"start":{"line":45,"column":2},"end":{"line":57,"column":3}},"25":{"start":{"line":46,"column":20},"end":{"line":46,"column":78}},"26":{"start":{"line":48,"column":4},"end":{"line":52,"column":5}},"27":{"start":{"line":49,"column":6},"end":{"line":51,"column":9}},"28":{"start":{"line":54,"column":4},"end":{"line":54,"column":26}},"29":{"start":{"line":56,"column":4},"end":{"line":56,"column":28}},"30":{"start":{"line":59,"column":2},"end":{"line":59,"column":9}},"31":{"start":{"line":61,"column":0},"end":{"line":61,"column":33}},"32":{"start":{"line":62,"column":0},"end":{"line":62,"column":62}},"33":{"start":{"line":63,"column":15},"end":{"line":63,"column":18}},"34":{"start":{"line":64,"column":0},"end":{"line":64,"column":27}}},"fnMap":{"0":{"name":"_interopRequireDefault","decl":{"start":{"line":22,"column":9},"end":{"line":22,"column":31}},"loc":{"start":{"line":22,"column":37},"end":{"line":22,"column":95}},"line":22},"1":{"name":"(anonymous_1)","decl":{"start":{"line":28,"column":8},"end":{"line":28,"column":9}},"loc":{"start":{"line":28,"column":28},"end":{"line":60,"column":1}},"line":28},"2":{"name":"(anonymous_2)","decl":{"start":{"line":37,"column":25},"end":{"line":37,"column":26}},"loc":{"start":{"line":37,"column":36},"end":{"line":37,"column":154}},"line":37},"3":{"name":"(anonymous_3)","decl":{"start":{"line":37,"column":76},"end":{"line":37,"column":77}},"loc":{"start":{"line":37,"column":84},"end":{"line":37,"column":153}},"line":37}},"branchMap":{"0":{"loc":{"start":{"line":22,"column":46},"end":{"line":22,"column":92}},"type":"cond-expr","locations":[{"start":{"line":22,"column":70},"end":{"line":22,"column":73}},{"start":{"line":22,"column":76},"end":{"line":22,"column":92}}],"line":22},"1":{"loc":{"start":{"line":22,"column":46},"end":{"line":22,"column":67}},"type":"binary-expr","locations":[{"start":{"line":22,"column":46},"end":{"line":22,"column":49}},{"start":{"line":22,"column":53},"end":{"line":22,"column":67}}],"line":22},"2":{"loc":{"start":{"line":29,"column":16},"end":{"line":29,"column":57}},"type":"binary-expr","locations":[{"start":{"line":29,"column":16},"end":{"line":29,"column":51}},{"start":{"line":29,"column":55},"end":{"line":29,"column":57}}],"line":29},"3":{"loc":{"start":{"line":43,"column":12},"end":{"line":43,"column":28}},"type":"binary-expr","locations":[{"start":{"line":43,"column":12},"end":{"line":43,"column":22}},{"start":{"line":43,"column":26},"end":{"line":43,"column":28}}],"line":43},"4":{"loc":{"start":{"line":45,"column":2},"end":{"line":57,"column":3}},"type":"if","locations":[{"start":{"line":45,"column":2},"end":{"line":57,"column":3}},{"start":{"line":45,"column":2},"end":{"line":57,"column":3}}],"line":45},"5":{"loc":{"start":{"line":48,"column":4},"end":{"line":52,"column":5}},"type":"if","locations":[{"start":{"line":48,"column":4},"end":{"line":52,"column":5}},{"start":{"line":48,"column":4},"end":{"line":52,"column":5}}],"line":48}},"s":{"0":1,"1":1,"2":1,"3":1,"4":1,"5":1,"6":1,"7":1,"8":1,"9":7,"10":1,"11":1,"12":1,"13":1,"14":1,"15":18,"16":18,"17":18,"18":18,"19":36,"20":36,"21":18,"22":18,"23":18,"24":18,"25":18,"26":18,"27":0,"28":18,"29":0,"30":18,"31":1,"32":1,"33":1,"34":1},"f":{"0":7,"1":18,"2":36,"3":36},"b":{"0":[0,7],"1":[7,7],"2":[18,0],"3":[18,0],"4":[18,0],"5":[0,18]},"_coverageSchema":"43e27e138ebf9cfc5966b082cf9a028302ed4184","hash":"11cb6351a313d3ea9ac56ee828193f471f9b17af","contentHash":"a995615e9f5b5eec28190195acec763da1d5c6a53fdd0cefbd6166b0a583be1f"},"I:\\boris staff\\andela\\bootcamp challenge\\team_work_server\\config\\config.js":{"path":"I:\\boris staff\\andela\\bootcamp challenge\\team_work_server\\config\\config.js","statementMap":{"0":{"start":{"line":3,"column":0},"end":{"line":5,"column":2}}},"fnMap":{},"branchMap":{"0":{"loc":{"start":{"line":4,"column":8},"end":{"line":4,"column":32}},"type":"binary-expr","locations":[{"start":{"line":4,"column":8},"end":{"line":4,"column":24}},{"start":{"line":4,"column":28},"end":{"line":4,"column":32}}],"line":4}},"s":{"0":1},"f":{},"b":{"0":[1,1]},"_coverageSchema":"43e27e138ebf9cfc5966b082cf9a028302ed4184","hash":"2e2d25909bc5210e2750069d3b6eeb4f11e76fbe","contentHash":"f7866f6a6af613e4575b172e011f7794e286f9fefd977cd5c89683423d3cf8e5"},"I:\\boris staff\\andela\\bootcamp challenge\\team_work_server\\api\\v1\\index.js":{"path":"I:\\boris staff\\andela\\bootcamp challenge\\team_work_server\\api\\v1\\index.js","statementMap":{"0":{"start":{"line":3,"column":15},"end":{"line":3,"column":66}},"1":{"start":{"line":5,"column":15},"end":{"line":5,"column":66}},"2":{"start":{"line":7,"column":12},"end":{"line":7,"column":60}},"3":{"start":{"line":9,"column":19},"end":{"line":9,"column":74}},"4":{"start":{"line":11,"column":13},"end":{"line":11,"column":62}},"5":{"start":{"line":13,"column":39},"end":{"line":13,"column":93}},"6":{"start":{"line":16,"column":0},"end":{"line":22,"column":2}},"7":{"start":{"line":17,"column":2},"end":{"line":17,"column":43}},"8":{"start":{"line":18,"column":2},"end":{"line":18,"column":39}},"9":{"start":{"line":19,"column":2},"end":{"line":19,"column":39}},"10":{"start":{"line":20,"column":2},"end":{"line":20,"column":36}},"11":{"start":{"line":21,"column":2},"end":{"line":21,"column":37}}},"fnMap":{"0":{"name":"_interopRequireDefault","decl":{"start":{"line":13,"column":9},"end":{"line":13,"column":31}},"loc":{"start":{"line":13,"column":37},"end":{"line":13,"column":95}},"line":13},"1":{"name":"(anonymous_1)","decl":{"start":{"line":16,"column":17},"end":{"line":16,"column":18}},"loc":{"start":{"line":16,"column":24},"end":{"line":22,"column":1}},"line":16}},"branchMap":{"0":{"loc":{"start":{"line":13,"column":46},"end":{"line":13,"column":92}},"type":"cond-expr","locations":[{"start":{"line":13,"column":70},"end":{"line":13,"column":73}},{"start":{"line":13,"column":76},"end":{"line":13,"column":92}}],"line":13},"1":{"loc":{"start":{"line":13,"column":46},"end":{"line":13,"column":67}},"type":"binary-expr","locations":[{"start":{"line":13,"column":46},"end":{"line":13,"column":49}},{"start":{"line":13,"column":53},"end":{"line":13,"column":67}}],"line":13}},"s":{"0":1,"1":1,"2":1,"3":1,"4":1,"5":5,"6":1,"7":18,"8":18,"9":18,"10":18,"11":18},"f":{"0":5,"1":18},"b":{"0":[5,0],"1":[5,5]},"_coverageSchema":"43e27e138ebf9cfc5966b082cf9a028302ed4184","hash":"024c2f97569dab69508f1c35007b54c43dc83052","contentHash":"d710b8cf7d36dbafd9e9833cacbb9748598d8362c9625387623a983f200d30a5"},"I:\\boris staff\\andela\\bootcamp challenge\\team_work_server\\api\\v1\\routes\\comment.js":{"path":"I:\\boris staff\\andela\\bootcamp challenge\\team_work_server\\api\\v1\\routes\\comment.js","statementMap":{"0":{"start":{"line":3,"column":0},"end":{"line":5,"column":3}},"1":{"start":{"line":6,"column":0},"end":{"line":6,"column":25}},"2":{"start":{"line":8,"column":15},"end":{"line":8,"column":57}},"3":{"start":{"line":10,"column":25},"end":{"line":10,"column":92}},"4":{"start":{"line":12,"column":11},"end":{"line":12,"column":64}},"5":{"start":{"line":14,"column":21},"end":{"line":14,"column":102}},"6":{"start":{"line":16,"column":21},"end":{"line":16,"column":102}},"7":{"start":{"line":18,"column":39},"end":{"line":18,"column":93}},"8":{"start":{"line":20,"column":15},"end":{"line":20,"column":40}},"9":{"start":{"line":22,"column":0},"end":{"line":22,"column":118}},"10":{"start":{"line":25,"column":15},"end":{"line":25,"column":21}},"11":{"start":{"line":26,"column":0},"end":{"line":26,"column":27}}},"fnMap":{"0":{"name":"_interopRequireDefault","decl":{"start":{"line":18,"column":9},"end":{"line":18,"column":31}},"loc":{"start":{"line":18,"column":37},"end":{"line":18,"column":95}},"line":18}},"branchMap":{"0":{"loc":{"start":{"line":18,"column":46},"end":{"line":18,"column":92}},"type":"cond-expr","locations":[{"start":{"line":18,"column":70},"end":{"line":18,"column":73}},{"start":{"line":18,"column":76},"end":{"line":18,"column":92}}],"line":18},"1":{"loc":{"start":{"line":18,"column":46},"end":{"line":18,"column":67}},"type":"binary-expr","locations":[{"start":{"line":18,"column":46},"end":{"line":18,"column":49}},{"start":{"line":18,"column":53},"end":{"line":18,"column":67}}],"line":18}},"s":{"0":1,"1":1,"2":1,"3":1,"4":1,"5":1,"6":1,"7":5,"8":1,"9":1,"10":1,"11":1},"f":{"0":5},"b":{"0":[1,4],"1":[5,5]},"_coverageSchema":"43e27e138ebf9cfc5966b082cf9a028302ed4184","hash":"0f70d6d1f66e58607e4d3525f021c97c50f3dd6a","contentHash":"897c29a587e548b0443ae0834a634156d8dba8c526fa80be4e31d02b6b900db6"},"I:\\boris staff\\andela\\bootcamp challenge\\team_work_server\\api\\v1\\controllers\\commentController.js":{"path":"I:\\boris staff\\andela\\bootcamp challenge\\team_work_server\\api\\v1\\controllers\\commentController.js","statementMap":{"0":{"start":{"line":3,"column":0},"end":{"line":5,"column":3}},"1":{"start":{"line":6,"column":0},"end":{"line":6,"column":25}},"2":{"start":{"line":8,"column":15},"end":{"line":8,"column":67}},"3":{"start":{"line":10,"column":15},"end":{"line":10,"column":67}},"4":{"start":{"line":12,"column":39},"end":{"line":12,"column":93}},"5":{"start":{"line":15,"column":15},"end":{"line":49,"column":1}},"6":{"start":{"line":17,"column":4},"end":{"line":46,"column":5}},"7":{"start":{"line":18,"column":20},"end":{"line":18,"column":29}},"8":{"start":{"line":20,"column":22},"end":{"line":20,"column":78}},"9":{"start":{"line":20,"column":51},"end":{"line":20,"column":77}},"10":{"start":{"line":22,"column":6},"end":{"line":25,"column":9}},"11":{"start":{"line":22,"column":20},"end":{"line":25,"column":9}},"12":{"start":{"line":26,"column":6},"end":{"line":29,"column":9}},"13":{"start":{"line":26,"column":41},"end":{"line":29,"column":9}},"14":{"start":{"line":31,"column":6},"end":{"line":32,"column":9}},"15":{"start":{"line":34,"column":6},"end":{"line":43,"column":9}},"16":{"start":{"line":45,"column":6},"end":{"line":45,"column":34}},"17":{"start":{"line":50,"column":0},"end":{"line":50,"column":27}}},"fnMap":{"0":{"name":"_interopRequireDefault","decl":{"start":{"line":12,"column":9},"end":{"line":12,"column":31}},"loc":{"start":{"line":12,"column":37},"end":{"line":12,"column":95}},"line":12},"1":{"name":"(anonymous_1)","decl":{"start":{"line":16,"column":2},"end":{"line":16,"column":3}},"loc":{"start":{"line":16,"column":25},"end":{"line":47,"column":3}},"line":16},"2":{"name":"(anonymous_2)","decl":{"start":{"line":20,"column":44},"end":{"line":20,"column":45}},"loc":{"start":{"line":20,"column":51},"end":{"line":20,"column":77}},"line":20}},"branchMap":{"0":{"loc":{"start":{"line":12,"column":46},"end":{"line":12,"column":92}},"type":"cond-expr","locations":[{"start":{"line":12,"column":70},"end":{"line":12,"column":73}},{"start":{"line":12,"column":76},"end":{"line":12,"column":92}}],"line":12},"1":{"loc":{"start":{"line":12,"column":46},"end":{"line":12,"column":67}},"type":"binary-expr","locations":[{"start":{"line":12,"column":46},"end":{"line":12,"column":49}},{"start":{"line":12,"column":53},"end":{"line":12,"column":67}}],"line":12},"2":{"loc":{"start":{"line":22,"column":6},"end":{"line":25,"column":9}},"type":"if","locations":[{"start":{"line":22,"column":6},"end":{"line":25,"column":9}},{"start":{"line":22,"column":6},"end":{"line":25,"column":9}}],"line":22},"3":{"loc":{"start":{"line":26,"column":6},"end":{"line":29,"column":9}},"type":"if","locations":[{"start":{"line":26,"column":6},"end":{"line":29,"column":9}},{"start":{"line":26,"column":6},"end":{"line":29,"column":9}}],"line":26}},"s":{"0":1,"1":1,"2":1,"3":1,"4":2,"5":1,"6":1,"7":1,"8":1,"9":1,"10":1,"11":0,"12":1,"13":0,"14":1,"15":1,"16":0,"17":1},"f":{"0":2,"1":1,"2":1},"b":{"0":[0,2],"1":[2,2],"2":[0,1],"3":[0,1]},"_coverageSchema":"43e27e138ebf9cfc5966b082cf9a028302ed4184","hash":"ecda094eef02f75459b83488097bd84b46b62e68","contentHash":"95aa4c70366c1772afba81836d55ba94bdf3f1e2c068d860ea3f71e527301a20"},"I:\\boris staff\\andela\\bootcamp challenge\\team_work_server\\api\\v1\\models\\article.js":{"path":"I:\\boris staff\\andela\\bootcamp challenge\\team_work_server\\api\\v1\\models\\article.js","statementMap":{"0":{"start":{"line":3,"column":17},"end":{"line":10,"column":2}},"1":{"start":{"line":11,"column":0},"end":{"line":11,"column":26}}},"fnMap":{},"branchMap":{},"s":{"0":1,"1":1},"f":{},"b":{},"_coverageSchema":"43e27e138ebf9cfc5966b082cf9a028302ed4184","hash":"8621fed7578725fbc6277de20e19ff94a59eeb78","contentHash":"137baf3e46142a3d61bbade7de7203019a130d0184a86f4d246956930346d76d"},"I:\\boris staff\\andela\\bootcamp challenge\\team_work_server\\api\\v1\\models\\comment.js":{"path":"I:\\boris staff\\andela\\bootcamp challenge\\team_work_server\\api\\v1\\models\\comment.js","statementMap":{"0":{"start":{"line":3,"column":17},"end":{"line":3,"column":19}},"1":{"start":{"line":4,"column":0},"end":{"line":4,"column":26}}},"fnMap":{},"branchMap":{},"s":{"0":1,"1":1},"f":{},"b":{},"_coverageSchema":"43e27e138ebf9cfc5966b082cf9a028302ed4184","hash":"99c433b9d01546ff06de322dc8ebf7d72040919e","contentHash":"4b0cfc07f178ac11fde82d3271c17d10e02e1fd73702005aed1b60462b1c4d08"},"I:\\boris staff\\andela\\bootcamp challenge\\team_work_server\\api\\v1\\middlewares\\jwt.js":{"path":"I:\\boris staff\\andela\\bootcamp challenge\\team_work_server\\api\\v1\\middlewares\\jwt.js","statementMap":{"0":{"start":{"line":3,"column":12},"end":{"line":3,"column":35}},"1":{"start":{"line":5,"column":16},"end":{"line":5,"column":34}},"2":{"start":{"line":7,"column":12},"end":{"line":7,"column":21}},"3":{"start":{"line":9,"column":0},"end":{"line":9,"column":44}},"4":{"start":{"line":11,"column":0},"end":{"line":34,"column":2}},"5":{"start":{"line":14,"column":6},"end":{"line":14,"column":17}},"6":{"start":{"line":16,"column":2},"end":{"line":33,"column":3}},"7":{"start":{"line":17,"column":4},"end":{"line":27,"column":7}},"8":{"start":{"line":18,"column":6},"end":{"line":23,"column":7}},"9":{"start":{"line":19,"column":8},"end":{"line":22,"column":11}},"10":{"start":{"line":25,"column":6},"end":{"line":25,"column":24}},"11":{"start":{"line":26,"column":6},"end":{"line":26,"column":13}},"12":{"start":{"line":29,"column":4},"end":{"line":32,"column":7}}},"fnMap":{"0":{"name":"WebAuthentication","decl":{"start":{"line":11,"column":26},"end":{"line":11,"column":43}},"loc":{"start":{"line":11,"column":60},"end":{"line":34,"column":1}},"line":11},"1":{"name":"(anonymous_1)","decl":{"start":{"line":17,"column":44},"end":{"line":17,"column":45}},"loc":{"start":{"line":17,"column":60},"end":{"line":27,"column":5}},"line":17}},"branchMap":{"0":{"loc":{"start":{"line":16,"column":2},"end":{"line":33,"column":3}},"type":"if","locations":[{"start":{"line":16,"column":2},"end":{"line":33,"column":3}},{"start":{"line":16,"column":2},"end":{"line":33,"column":3}}],"line":16},"1":{"loc":{"start":{"line":18,"column":6},"end":{"line":23,"column":7}},"type":"if","locations":[{"start":{"line":18,"column":6},"end":{"line":23,"column":7}},{"start":{"line":18,"column":6},"end":{"line":23,"column":7}}],"line":18}},"s":{"0":1,"1":1,"2":1,"3":1,"4":1,"5":16,"6":16,"7":16,"8":16,"9":0,"10":16,"11":16,"12":0},"f":{"0":16,"1":16},"b":{"0":[16,0],"1":[0,16]},"_coverageSchema":"43e27e138ebf9cfc5966b082cf9a028302ed4184","hash":"5ddd3913742866bd609ddc19ca3719a3443c4192","contentHash":"53af719aa3f47a9dfaf2c9d6e04f2fd2cdb5db78f8c3d9bbd3b970fb3fcc6d0a"},"I:\\boris staff\\andela\\bootcamp challenge\\team_work_server\\api\\v1\\middlewares\\commentValidation\\createComment.js":{"path":"I:\\boris staff\\andela\\bootcamp challenge\\team_work_server\\api\\v1\\middlewares\\commentValidation\\createComment.js","statementMap":{"0":{"start":{"line":3,"column":15},"end":{"line":3,"column":70}},"1":{"start":{"line":5,"column":12},"end":{"line":5,"column":42}},"2":{"start":{"line":7,"column":39},"end":{"line":7,"column":93}},"3":{"start":{"line":11,"column":12},"end":{"line":11,"column":26}},"4":{"start":{"line":13,"column":0},"end":{"line":67,"column":2}},"5":{"start":{"line":14,"column":2},"end":{"line":66,"column":3}},"6":{"start":{"line":15,"column":18},"end":{"line":15,"column":27}},"7":{"start":{"line":16,"column":24},"end":{"line":16,"column":111}},"8":{"start":{"line":19,"column":8},"end":{"line":19,"column":18}},"9":{"start":{"line":22,"column":8},"end":{"line":22,"column":16}},"10":{"start":{"line":23,"column":17},"end":{"line":30,"column":5}},"11":{"start":{"line":31,"column":19},"end":{"line":38,"column":6}},"12":{"start":{"line":42,"column":8},"end":{"line":42,"column":34}},"13":{"start":{"line":44,"column":4},"end":{"line":63,"column":5}},"14":{"start":{"line":45,"column":6},"end":{"line":59,"column":7}},"15":{"start":{"line":47,"column":10},"end":{"line":50,"column":13}},"16":{"start":{"line":51,"column":10},"end":{"line":51,"column":16}},"17":{"start":{"line":54,"column":10},"end":{"line":57,"column":13}},"18":{"start":{"line":58,"column":10},"end":{"line":58,"column":16}},"19":{"start":{"line":61,"column":6},"end":{"line":61,"column":24}},"20":{"start":{"line":62,"column":6},"end":{"line":62,"column":13}},"21":{"start":{"line":65,"column":4},"end":{"line":65,"column":39}}},"fnMap":{"0":{"name":"_interopRequireDefault","decl":{"start":{"line":7,"column":9},"end":{"line":7,"column":31}},"loc":{"start":{"line":7,"column":37},"end":{"line":7,"column":95}},"line":7},"1":{"name":"(anonymous_1)","decl":{"start":{"line":13,"column":17},"end":{"line":13,"column":18}},"loc":{"start":{"line":13,"column":37},"end":{"line":67,"column":1}},"line":13}},"branchMap":{"0":{"loc":{"start":{"line":7,"column":46},"end":{"line":7,"column":92}},"type":"cond-expr","locations":[{"start":{"line":7,"column":70},"end":{"line":7,"column":73}},{"start":{"line":7,"column":76},"end":{"line":7,"column":92}}],"line":7},"1":{"loc":{"start":{"line":7,"column":46},"end":{"line":7,"column":67}},"type":"binary-expr","locations":[{"start":{"line":7,"column":46},"end":{"line":7,"column":49}},{"start":{"line":7,"column":53},"end":{"line":7,"column":67}}],"line":7},"2":{"loc":{"start":{"line":16,"column":24},"end":{"line":16,"column":111}},"type":"cond-expr","locations":[{"start":{"line":16,"column":55},"end":{"line":16,"column":56}},{"start":{"line":16,"column":59},"end":{"line":16,"column":111}}],"line":16},"3":{"loc":{"start":{"line":44,"column":4},"end":{"line":63,"column":5}},"type":"if","locations":[{"start":{"line":44,"column":4},"end":{"line":63,"column":5}},{"start":{"line":44,"column":4},"end":{"line":63,"column":5}}],"line":44},"4":{"loc":{"start":{"line":45,"column":6},"end":{"line":59,"column":7}},"type":"switch","locations":[{"start":{"line":46,"column":8},"end":{"line":51,"column":16}},{"start":{"line":53,"column":8},"end":{"line":58,"column":16}}],"line":45}},"s":{"0":1,"1":1,"2":1,"3":1,"4":1,"5":1,"6":1,"7":1,"8":1,"9":1,"10":1,"11":1,"12":1,"13":1,"14":0,"15":0,"16":0,"17":0,"18":0,"19":1,"20":1,"21":0},"f":{"0":1,"1":1},"b":{"0":[0,1],"1":[1,1],"2":[1,0],"3":[0,1],"4":[0,0]},"_coverageSchema":"43e27e138ebf9cfc5966b082cf9a028302ed4184","hash":"beacb3724717db79bc5ed8c0d31d43454f2533ca","contentHash":"cd80350a1eab05cdfd86a217db553c22e065cd3468b22af41a274bbda0d478da"},"I:\\boris staff\\andela\\bootcamp challenge\\team_work_server\\api\\v1\\heplpers\\date.js":{"path":"I:\\boris staff\\andela\\bootcamp challenge\\team_work_server\\api\\v1\\heplpers\\date.js","statementMap":{"0":{"start":{"line":3,"column":26},"end":{"line":3,"column":56}},"1":{"start":{"line":4,"column":17},"end":{"line":4,"column":61}},"2":{"start":{"line":5,"column":17},"end":{"line":5,"column":51}},"3":{"start":{"line":7,"column":0},"end":{"line":7,"column":51}},"4":{"start":{"line":7,"column":21},"end":{"line":7,"column":51}},"5":{"start":{"line":8,"column":0},"end":{"line":8,"column":51}},"6":{"start":{"line":8,"column":21},"end":{"line":8,"column":51}},"7":{"start":{"line":11,"column":0},"end":{"line":11,"column":224}},"8":{"start":{"line":11,"column":29},"end":{"line":11,"column":80}},"9":{"start":{"line":11,"column":85},"end":{"line":11,"column":224}},"10":{"start":{"line":11,"column":114},"end":{"line":11,"column":165}},"11":{"start":{"line":11,"column":170},"end":{"line":11,"column":224}},"12":{"start":{"line":11,"column":200},"end":{"line":11,"column":224}},"13":{"start":{"line":16,"column":38},"end":{"line":18,"column":1}},"14":{"start":{"line":17,"column":2},"end":{"line":17,"column":34}},"15":{"start":{"line":20,"column":14},"end":{"line":20,"column":24}},"16":{"start":{"line":21,"column":13},"end":{"line":21,"column":45}},"17":{"start":{"line":22,"column":13},"end":{"line":22,"column":171}},"18":{"start":{"line":23,"column":17},"end":{"line":23,"column":54}},"19":{"start":{"line":24,"column":0},"end":{"line":26,"column":2}}},"fnMap":{"0":{"name":"(anonymous_0)","decl":{"start":{"line":16,"column":38},"end":{"line":16,"column":39}},"loc":{"start":{"line":16,"column":43},"end":{"line":18,"column":1}},"line":16}},"branchMap":{"0":{"loc":{"start":{"line":7,"column":0},"end":{"line":7,"column":51}},"type":"if","locations":[{"start":{"line":7,"column":0},"end":{"line":7,"column":51}},{"start":{"line":7,"column":0},"end":{"line":7,"column":51}}],"line":7},"1":{"loc":{"start":{"line":8,"column":0},"end":{"line":8,"column":51}},"type":"if","locations":[{"start":{"line":8,"column":0},"end":{"line":8,"column":51}},{"start":{"line":8,"column":0},"end":{"line":8,"column":51}}],"line":8},"2":{"loc":{"start":{"line":11,"column":0},"end":{"line":11,"column":224}},"type":"if","locations":[{"start":{"line":11,"column":0},"end":{"line":11,"column":224}},{"start":{"line":11,"column":0},"end":{"line":11,"column":224}}],"line":11},"3":{"loc":{"start":{"line":11,"column":85},"end":{"line":11,"column":224}},"type":"if","locations":[{"start":{"line":11,"column":85},"end":{"line":11,"column":224}},{"start":{"line":11,"column":85},"end":{"line":11,"column":224}}],"line":11},"4":{"loc":{"start":{"line":11,"column":170},"end":{"line":11,"column":224}},"type":"if","locations":[{"start":{"line":11,"column":170},"end":{"line":11,"column":224}},{"start":{"line":11,"column":170},"end":{"line":11,"column":224}}],"line":11},"5":{"loc":{"start":{"line":17,"column":9},"end":{"line":17,"column":33}},"type":"cond-expr","locations":[{"start":{"line":17,"column":17},"end":{"line":17,"column":23}},{"start":{"line":17,"column":26},"end":{"line":17,"column":33}}],"line":17}},"s":{"0":1,"1":1,"2":1,"3":1,"4":1,"5":1,"6":1,"7":1,"8":1,"9":0,"10":0,"11":0,"12":0,"13":1,"14":3,"15":1,"16":1,"17":1,"18":1,"19":1},"f":{"0":3},"b":{"0":[1,0],"1":[1,0],"2":[1,0],"3":[0,0],"4":[0,0],"5":[3,0]},"_coverageSchema":"43e27e138ebf9cfc5966b082cf9a028302ed4184","hash":"7a3175dc05845a02db53f39577100333c6e060e0","contentHash":"8dc8ebb92ab40fe1053f956abfffa9da2a284c0d39859fc2c22e5930a0cbbb68"},"I:\\boris staff\\andela\\bootcamp challenge\\team_work_server\\api\\v1\\middlewares\\articleValidation\\updateArticle.js":{"path":"I:\\boris staff\\andela\\bootcamp challenge\\team_work_server\\api\\v1\\middlewares\\articleValidation\\updateArticle.js","statementMap":{"0":{"start":{"line":3,"column":15},"end":{"line":3,"column":70}},"1":{"start":{"line":5,"column":12},"end":{"line":5,"column":42}},"2":{"start":{"line":7,"column":39},"end":{"line":7,"column":93}},"3":{"start":{"line":11,"column":12},"end":{"line":11,"column":26}},"4":{"start":{"line":13,"column":0},"end":{"line":94,"column":2}},"5":{"start":{"line":14,"column":2},"end":{"line":93,"column":3}},"6":{"start":{"line":15,"column":18},"end":{"line":15,"column":27}},"7":{"start":{"line":20,"column":8},"end":{"line":20,"column":16}},"8":{"start":{"line":21,"column":4},"end":{"line":24,"column":6}},"9":{"start":{"line":21,"column":46},"end":{"line":24,"column":6}},"10":{"start":{"line":25,"column":24},"end":{"line":25,"column":26}},"11":{"start":{"line":27,"column":4},"end":{"line":44,"column":5}},"12":{"start":{"line":29,"column":8},"end":{"line":37,"column":11}},"13":{"start":{"line":30,"column":10},"end":{"line":33,"column":12}},"14":{"start":{"line":30,"column":37},"end":{"line":33,"column":12}},"15":{"start":{"line":34,"column":21},"end":{"line":34,"column":72}},"16":{"start":{"line":35,"column":10},"end":{"line":35,"column":31}},"17":{"start":{"line":36,"column":10},"end":{"line":36,"column":61}},"18":{"start":{"line":40,"column":6},"end":{"line":43,"column":8}},"19":{"start":{"line":40,"column":28},"end":{"line":43,"column":8}},"20":{"start":{"line":46,"column":17},"end":{"line":51,"column":5}},"21":{"start":{"line":52,"column":19},"end":{"line":57,"column":6}},"22":{"start":{"line":61,"column":8},"end":{"line":61,"column":34}},"23":{"start":{"line":63,"column":4},"end":{"line":90,"column":5}},"24":{"start":{"line":64,"column":6},"end":{"line":85,"column":7}},"25":{"start":{"line":66,"column":10},"end":{"line":69,"column":13}},"26":{"start":{"line":70,"column":10},"end":{"line":70,"column":16}},"27":{"start":{"line":73,"column":10},"end":{"line":76,"column":13}},"28":{"start":{"line":77,"column":10},"end":{"line":77,"column":16}},"29":{"start":{"line":80,"column":10},"end":{"line":83,"column":13}},"30":{"start":{"line":84,"column":10},"end":{"line":84,"column":16}},"31":{"start":{"line":87,"column":6},"end":{"line":87,"column":27}},"32":{"start":{"line":88,"column":6},"end":{"line":88,"column":75}},"33":{"start":{"line":89,"column":6},"end":{"line":89,"column":13}},"34":{"start":{"line":92,"column":4},"end":{"line":92,"column":39}}},"fnMap":{"0":{"name":"_interopRequireDefault","decl":{"start":{"line":7,"column":9},"end":{"line":7,"column":31}},"loc":{"start":{"line":7,"column":37},"end":{"line":7,"column":95}},"line":7},"1":{"name":"(anonymous_1)","decl":{"start":{"line":13,"column":17},"end":{"line":13,"column":18}},"loc":{"start":{"line":13,"column":37},"end":{"line":94,"column":1}},"line":13},"2":{"name":"check","decl":{"start":{"line":28,"column":15},"end":{"line":28,"column":20}},"loc":{"start":{"line":28,"column":24},"end":{"line":38,"column":7}},"line":28},"3":{"name":"(anonymous_3)","decl":{"start":{"line":29,"column":23},"end":{"line":29,"column":24}},"loc":{"start":{"line":29,"column":36},"end":{"line":37,"column":9}},"line":29}},"branchMap":{"0":{"loc":{"start":{"line":7,"column":46},"end":{"line":7,"column":92}},"type":"cond-expr","locations":[{"start":{"line":7,"column":70},"end":{"line":7,"column":73}},{"start":{"line":7,"column":76},"end":{"line":7,"column":92}}],"line":7},"1":{"loc":{"start":{"line":7,"column":46},"end":{"line":7,"column":67}},"type":"binary-expr","locations":[{"start":{"line":7,"column":46},"end":{"line":7,"column":49}},{"start":{"line":7,"column":53},"end":{"line":7,"column":67}}],"line":7},"2":{"loc":{"start":{"line":21,"column":4},"end":{"line":24,"column":6}},"type":"if","locations":[{"start":{"line":21,"column":4},"end":{"line":24,"column":6}},{"start":{"line":21,"column":4},"end":{"line":24,"column":6}}],"line":21},"3":{"loc":{"start":{"line":21,"column":8},"end":{"line":21,"column":44}},"type":"binary-expr","locations":[{"start":{"line":21,"column":8},"end":{"line":21,"column":16}},{"start":{"line":21,"column":20},"end":{"line":21,"column":44}}],"line":21},"4":{"loc":{"start":{"line":27,"column":4},"end":{"line":44,"column":5}},"type":"if","locations":[{"start":{"line":27,"column":4},"end":{"line":44,"column":5}},{"start":{"line":27,"column":4},"end":{"line":44,"column":5}}],"line":27},"5":{"loc":{"start":{"line":30,"column":10},"end":{"line":33,"column":12}},"type":"if","locations":[{"start":{"line":30,"column":10},"end":{"line":33,"column":12}},{"start":{"line":30,"column":10},"end":{"line":33,"column":12}}],"line":30},"6":{"loc":{"start":{"line":36,"column":17},"end":{"line":36,"column":60}},"type":"cond-expr","locations":[{"start":{"line":36,"column":48},"end":{"line":36,"column":52}},{"start":{"line":36,"column":55},"end":{"line":36,"column":60}}],"line":36},"7":{"loc":{"start":{"line":40,"column":6},"end":{"line":43,"column":8}},"type":"if","locations":[{"start":{"line":40,"column":6},"end":{"line":43,"column":8}},{"start":{"line":40,"column":6},"end":{"line":43,"column":8}}],"line":40},"8":{"loc":{"start":{"line":63,"column":4},"end":{"line":90,"column":5}},"type":"if","locations":[{"start":{"line":63,"column":4},"end":{"line":90,"column":5}},{"start":{"line":63,"column":4},"end":{"line":90,"column":5}}],"line":63},"9":{"loc":{"start":{"line":64,"column":6},"end":{"line":85,"column":7}},"type":"switch","locations":[{"start":{"line":65,"column":8},"end":{"line":70,"column":16}},{"start":{"line":72,"column":8},"end":{"line":77,"column":16}},{"start":{"line":79,"column":8},"end":{"line":84,"column":16}}],"line":64},"10":{"loc":{"start":{"line":88,"column":24},"end":{"line":88,"column":74}},"type":"cond-expr","locations":[{"start":{"line":88,"column":51},"end":{"line":88,"column":60}},{"start":{"line":88,"column":63},"end":{"line":88,"column":74}}],"line":88}},"s":{"0":1,"1":1,"2":1,"3":1,"4":1,"5":1,"6":1,"7":1,"8":1,"9":0,"10":1,"11":1,"12":0,"13":0,"14":0,"15":0,"16":0,"17":0,"18":0,"19":0,"20":1,"21":1,"22":1,"23":1,"24":0,"25":0,"26":0,"27":0,"28":0,"29":0,"30":0,"31":1,"32":1,"33":1,"34":0},"f":{"0":1,"1":1,"2":0,"3":0},"b":{"0":[0,1],"1":[1,1],"2":[0,1],"3":[1,0],"4":[0,1],"5":[0,0],"6":[0,0],"7":[0,0],"8":[0,1],"9":[0,0,0],"10":[1,0]},"_coverageSchema":"43e27e138ebf9cfc5966b082cf9a028302ed4184","hash":"3dcdd1e0b15ff03a9814da372e6927628ff0e8d9","contentHash":"9ace785b5912170b158cef07fd9cb48c682b1ca2719493e64ca664a31af09ac1"},"I:\\boris staff\\andela\\bootcamp challenge\\team_work_server\\api\\v1\\routes\\article.js":{"path":"I:\\boris staff\\andela\\bootcamp challenge\\team_work_server\\api\\v1\\routes\\article.js","statementMap":{"0":{"start":{"line":3,"column":0},"end":{"line":5,"column":3}},"1":{"start":{"line":6,"column":0},"end":{"line":6,"column":25}},"2":{"start":{"line":8,"column":15},"end":{"line":8,"column":57}},"3":{"start":{"line":10,"column":25},"end":{"line":10,"column":92}},"4":{"start":{"line":12,"column":26},"end":{"line":12,"column":94}},"5":{"start":{"line":14,"column":11},"end":{"line":14,"column":64}},"6":{"start":{"line":16,"column":21},"end":{"line":16,"column":102}},"7":{"start":{"line":18,"column":21},"end":{"line":18,"column":102}},"8":{"start":{"line":20,"column":39},"end":{"line":20,"column":93}},"9":{"start":{"line":22,"column":15},"end":{"line":22,"column":40}},"10":{"start":{"line":24,"column":0},"end":{"line":24,"column":98}},"11":{"start":{"line":25,"column":0},"end":{"line":25,"column":110}},"12":{"start":{"line":26,"column":0},"end":{"line":26,"column":71}},"13":{"start":{"line":27,"column":0},"end":{"line":27,"column":85}},"14":{"start":{"line":28,"column":0},"end":{"line":28,"column":78}},"15":{"start":{"line":29,"column":0},"end":{"line":29,"column":87}},"16":{"start":{"line":30,"column":0},"end":{"line":30,"column":87}},"17":{"start":{"line":31,"column":0},"end":{"line":31,"column":83}},"18":{"start":{"line":32,"column":15},"end":{"line":32,"column":21}},"19":{"start":{"line":33,"column":0},"end":{"line":33,"column":27}}},"fnMap":{"0":{"name":"_interopRequireDefault","decl":{"start":{"line":20,"column":9},"end":{"line":20,"column":31}},"loc":{"start":{"line":20,"column":37},"end":{"line":20,"column":95}},"line":20}},"branchMap":{"0":{"loc":{"start":{"line":20,"column":46},"end":{"line":20,"column":92}},"type":"cond-expr","locations":[{"start":{"line":20,"column":70},"end":{"line":20,"column":73}},{"start":{"line":20,"column":76},"end":{"line":20,"column":92}}],"line":20},"1":{"loc":{"start":{"line":20,"column":46},"end":{"line":20,"column":67}},"type":"binary-expr","locations":[{"start":{"line":20,"column":46},"end":{"line":20,"column":49}},{"start":{"line":20,"column":53},"end":{"line":20,"column":67}}],"line":20}},"s":{"0":1,"1":1,"2":1,"3":1,"4":1,"5":1,"6":1,"7":1,"8":6,"9":1,"10":1,"11":1,"12":1,"13":1,"14":1,"15":1,"16":1,"17":1,"18":1,"19":1},"f":{"0":6},"b":{"0":[2,4],"1":[6,6]},"_coverageSchema":"43e27e138ebf9cfc5966b082cf9a028302ed4184","hash":"fbc471149969251e8a5e615a1d96d49f4134d5a3","contentHash":"8bf8ee3ce4c326715b91fb7ad3781c791c6bfa64286d6776ea4f76f62634da4c"},"I:\\boris staff\\andela\\bootcamp challenge\\team_work_server\\api\\v1\\controllers\\articleController.js":{"path":"I:\\boris staff\\andela\\bootcamp challenge\\team_work_server\\api\\v1\\controllers\\articleController.js","statementMap":{"0":{"start":{"line":3,"column":0},"end":{"line":5,"column":3}},"1":{"start":{"line":6,"column":0},"end":{"line":6,"column":25}},"2":{"start":{"line":8,"column":17},"end":{"line":8,"column":62}},"3":{"start":{"line":10,"column":15},"end":{"line":10,"column":67}},"4":{"start":{"line":12,"column":16},"end":{"line":12,"column":69}},"5":{"start":{"line":14,"column":15},"end":{"line":14,"column":67}},"6":{"start":{"line":16,"column":12},"end":{"line":16,"column":61}},"7":{"start":{"line":18,"column":39},"end":{"line":18,"column":93}},"8":{"start":{"line":20,"column":15},"end":{"line":216,"column":1}},"9":{"start":{"line":22,"column":18},"end":{"line":22,"column":27}},"10":{"start":{"line":23,"column":21},"end":{"line":23,"column":33}},"11":{"start":{"line":24,"column":4},"end":{"line":29,"column":7}},"12":{"start":{"line":25,"column":6},"end":{"line":28,"column":9}},"13":{"start":{"line":31,"column":4},"end":{"line":32,"column":7}},"14":{"start":{"line":35,"column":17},"end":{"line":37,"column":5}},"15":{"start":{"line":38,"column":4},"end":{"line":42,"column":7}},"16":{"start":{"line":46,"column":4},"end":{"line":100,"column":5}},"17":{"start":{"line":49,"column":10},"end":{"line":49,"column":20}},"18":{"start":{"line":50,"column":20},"end":{"line":50,"column":32}},"19":{"start":{"line":51,"column":23},"end":{"line":51,"column":38}},"20":{"start":{"line":53,"column":19},"end":{"line":53,"column":108}},"21":{"start":{"line":53,"column":52},"end":{"line":53,"column":107}},"22":{"start":{"line":55,"column":6},"end":{"line":60,"column":7}},"23":{"start":{"line":56,"column":8},"end":{"line":59,"column":11}},"24":{"start":{"line":62,"column":6},"end":{"line":62,"column":70}},"25":{"start":{"line":63,"column":6},"end":{"line":63,"column":62}},"26":{"start":{"line":64,"column":6},"end":{"line":64,"column":78}},"27":{"start":{"line":66,"column":18},"end":{"line":68,"column":8}},"28":{"start":{"line":67,"column":8},"end":{"line":67,"column":42}},"29":{"start":{"line":70,"column":6},"end":{"line":97,"column":7}},"30":{"start":{"line":71,"column":8},"end":{"line":71,"column":116}},"31":{"start":{"line":71,"column":25},"end":{"line":71,"column":114}},"32":{"start":{"line":71,"column":83},"end":{"line":71,"column":109}},"33":{"start":{"line":72,"column":8},"end":{"line":77,"column":11}},"34":{"start":{"line":73,"column":10},"end":{"line":76,"column":13}},"35":{"start":{"line":78,"column":21},"end":{"line":80,"column":9}},"36":{"start":{"line":81,"column":8},"end":{"line":84,"column":11}},"37":{"start":{"line":86,"column":25},"end":{"line":86,"column":27}},"38":{"start":{"line":87,"column":8},"end":{"line":89,"column":11}},"39":{"start":{"line":88,"column":10},"end":{"line":88,"column":45}},"40":{"start":{"line":90,"column":21},"end":{"line":92,"column":9}},"41":{"start":{"line":93,"column":8},"end":{"line":96,"column":11}},"42":{"start":{"line":99,"column":6},"end":{"line":99,"column":34}},"43":{"start":{"line":104,"column":4},"end":{"line":112,"column":5}},"44":{"start":{"line":105,"column":6},"end":{"line":109,"column":9}},"45":{"start":{"line":111,"column":6},"end":{"line":111,"column":34}},"46":{"start":{"line":116,"column":4},"end":{"line":144,"column":5}},"47":{"start":{"line":119,"column":10},"end":{"line":119,"column":20}},"48":{"start":{"line":121,"column":22},"end":{"line":121,"column":79}},"49":{"start":{"line":121,"column":55},"end":{"line":121,"column":78}},"50":{"start":{"line":123,"column":6},"end":{"line":128,"column":7}},"51":{"start":{"line":124,"column":8},"end":{"line":127,"column":11}},"52":{"start":{"line":130,"column":18},"end":{"line":132,"column":8}},"53":{"start":{"line":131,"column":8},"end":{"line":131,"column":42}},"54":{"start":{"line":134,"column":19},"end":{"line":136,"column":7}},"55":{"start":{"line":137,"column":6},"end":{"line":141,"column":9}},"56":{"start":{"line":143,"column":6},"end":{"line":143,"column":34}},"57":{"start":{"line":148,"column":18},"end":{"line":148,"column":27}},"58":{"start":{"line":150,"column":23},"end":{"line":150,"column":77}},"59":{"start":{"line":150,"column":54},"end":{"line":150,"column":76}},"60":{"start":{"line":152,"column":4},"end":{"line":156,"column":7}},"61":{"start":{"line":162,"column":8},"end":{"line":162,"column":18}},"62":{"start":{"line":164,"column":19},"end":{"line":164,"column":64}},"63":{"start":{"line":164,"column":45},"end":{"line":164,"column":63}},"64":{"start":{"line":166,"column":4},"end":{"line":169,"column":7}},"65":{"start":{"line":166,"column":17},"end":{"line":169,"column":7}},"66":{"start":{"line":171,"column":23},"end":{"line":171,"column":76}},"67":{"start":{"line":171,"column":54},"end":{"line":171,"column":75}},"68":{"start":{"line":173,"column":4},"end":{"line":177,"column":7}},"69":{"start":{"line":183,"column":8},"end":{"line":183,"column":18}},"70":{"start":{"line":184,"column":18},"end":{"line":184,"column":27}},"71":{"start":{"line":186,"column":17},"end":{"line":186,"column":74}},"72":{"start":{"line":186,"column":50},"end":{"line":186,"column":73}},"73":{"start":{"line":188,"column":20},"end":{"line":188,"column":82}},"74":{"start":{"line":188,"column":58},"end":{"line":188,"column":81}},"75":{"start":{"line":190,"column":4},"end":{"line":195,"column":5}},"76":{"start":{"line":191,"column":6},"end":{"line":194,"column":9}},"77":{"start":{"line":197,"column":4},"end":{"line":200,"column":7}},"78":{"start":{"line":197,"column":33},"end":{"line":200,"column":7}},"79":{"start":{"line":202,"column":16},"end":{"line":202,"column":75}},"80":{"start":{"line":202,"column":48},"end":{"line":202,"column":74}},"81":{"start":{"line":204,"column":17},"end":{"line":204,"column":75}},"82":{"start":{"line":204,"column":48},"end":{"line":204,"column":74}},"83":{"start":{"line":206,"column":4},"end":{"line":206,"column":40}},"84":{"start":{"line":208,"column":4},"end":{"line":208,"column":112}},"85":{"start":{"line":208,"column":21},"end":{"line":208,"column":110}},"86":{"start":{"line":208,"column":79},"end":{"line":208,"column":105}},"87":{"start":{"line":209,"column":4},"end":{"line":209,"column":111}},"88":{"start":{"line":209,"column":22},"end":{"line":209,"column":109}},"89":{"start":{"line":209,"column":78},"end":{"line":209,"column":104}},"90":{"start":{"line":210,"column":4},"end":{"line":213,"column":7}},"91":{"start":{"line":217,"column":0},"end":{"line":217,"column":27}}},"fnMap":{"0":{"name":"_interopRequireDefault","decl":{"start":{"line":18,"column":9},"end":{"line":18,"column":31}},"loc":{"start":{"line":18,"column":37},"end":{"line":18,"column":95}},"line":18},"1":{"name":"(anonymous_1)","decl":{"start":{"line":21,"column":2},"end":{"line":21,"column":3}},"loc":{"start":{"line":21,"column":25},"end":{"line":43,"column":3}},"line":21},"2":{"name":"(anonymous_2)","decl":{"start":{"line":24,"column":21},"end":{"line":24,"column":22}},"loc":{"start":{"line":24,"column":28},"end":{"line":29,"column":5}},"line":24},"3":{"name":"(anonymous_3)","decl":{"start":{"line":45,"column":2},"end":{"line":45,"column":3}},"loc":{"start":{"line":45,"column":25},"end":{"line":101,"column":3}},"line":45},"4":{"name":"(anonymous_4)","decl":{"start":{"line":53,"column":41},"end":{"line":53,"column":42}},"loc":{"start":{"line":53,"column":52},"end":{"line":53,"column":107}},"line":53},"5":{"name":"(anonymous_5)","decl":{"start":{"line":66,"column":43},"end":{"line":66,"column":44}},"loc":{"start":{"line":66,"column":50},"end":{"line":68,"column":7}},"line":66},"6":{"name":"(anonymous_6)","decl":{"start":{"line":71,"column":20},"end":{"line":71,"column":21}},"loc":{"start":{"line":71,"column":25},"end":{"line":71,"column":114}},"line":71},"7":{"name":"(anonymous_7)","decl":{"start":{"line":71,"column":78},"end":{"line":71,"column":79}},"loc":{"start":{"line":71,"column":83},"end":{"line":71,"column":109}},"line":71},"8":{"name":"(anonymous_8)","decl":{"start":{"line":72,"column":25},"end":{"line":72,"column":26}},"loc":{"start":{"line":72,"column":32},"end":{"line":77,"column":9}},"line":72},"9":{"name":"(anonymous_9)","decl":{"start":{"line":87,"column":20},"end":{"line":87,"column":21}},"loc":{"start":{"line":87,"column":27},"end":{"line":89,"column":9}},"line":87},"10":{"name":"(anonymous_10)","decl":{"start":{"line":103,"column":2},"end":{"line":103,"column":3}},"loc":{"start":{"line":103,"column":26},"end":{"line":113,"column":3}},"line":103},"11":{"name":"(anonymous_11)","decl":{"start":{"line":115,"column":2},"end":{"line":115,"column":3}},"loc":{"start":{"line":115,"column":26},"end":{"line":145,"column":3}},"line":115},"12":{"name":"(anonymous_12)","decl":{"start":{"line":121,"column":44},"end":{"line":121,"column":45}},"loc":{"start":{"line":121,"column":55},"end":{"line":121,"column":78}},"line":121},"13":{"name":"(anonymous_13)","decl":{"start":{"line":130,"column":42},"end":{"line":130,"column":43}},"loc":{"start":{"line":130,"column":49},"end":{"line":132,"column":7}},"line":130},"14":{"name":"(anonymous_14)","decl":{"start":{"line":147,"column":2},"end":{"line":147,"column":3}},"loc":{"start":{"line":147,"column":27},"end":{"line":157,"column":3}},"line":147},"15":{"name":"(anonymous_15)","decl":{"start":{"line":150,"column":47},"end":{"line":150,"column":48}},"loc":{"start":{"line":150,"column":54},"end":{"line":150,"column":76}},"line":150},"16":{"name":"(anonymous_16)","decl":{"start":{"line":159,"column":2},"end":{"line":159,"column":3}},"loc":{"start":{"line":159,"column":33},"end":{"line":178,"column":3}},"line":159},"17":{"name":"(anonymous_17)","decl":{"start":{"line":164,"column":38},"end":{"line":164,"column":39}},"loc":{"start":{"line":164,"column":45},"end":{"line":164,"column":63}},"line":164},"18":{"name":"(anonymous_18)","decl":{"start":{"line":171,"column":47},"end":{"line":171,"column":48}},"loc":{"start":{"line":171,"column":54},"end":{"line":171,"column":75}},"line":171},"19":{"name":"(anonymous_19)","decl":{"start":{"line":180,"column":2},"end":{"line":180,"column":3}},"loc":{"start":{"line":180,"column":25},"end":{"line":214,"column":3}},"line":180},"20":{"name":"(anonymous_20)","decl":{"start":{"line":186,"column":39},"end":{"line":186,"column":40}},"loc":{"start":{"line":186,"column":50},"end":{"line":186,"column":73}},"line":186},"21":{"name":"(anonymous_21)","decl":{"start":{"line":188,"column":47},"end":{"line":188,"column":48}},"loc":{"start":{"line":188,"column":58},"end":{"line":188,"column":81}},"line":188},"22":{"name":"(anonymous_22)","decl":{"start":{"line":202,"column":41},"end":{"line":202,"column":42}},"loc":{"start":{"line":202,"column":48},"end":{"line":202,"column":74}},"line":202},"23":{"name":"(anonymous_23)","decl":{"start":{"line":204,"column":41},"end":{"line":204,"column":42}},"loc":{"start":{"line":204,"column":48},"end":{"line":204,"column":74}},"line":204},"24":{"name":"(anonymous_24)","decl":{"start":{"line":208,"column":16},"end":{"line":208,"column":17}},"loc":{"start":{"line":208,"column":21},"end":{"line":208,"column":110}},"line":208},"25":{"name":"(anonymous_25)","decl":{"start":{"line":208,"column":74},"end":{"line":208,"column":75}},"loc":{"start":{"line":208,"column":79},"end":{"line":208,"column":105}},"line":208},"26":{"name":"(anonymous_26)","decl":{"start":{"line":209,"column":17},"end":{"line":209,"column":18}},"loc":{"start":{"line":209,"column":22},"end":{"line":209,"column":109}},"line":209},"27":{"name":"(anonymous_27)","decl":{"start":{"line":209,"column":73},"end":{"line":209,"column":74}},"loc":{"start":{"line":209,"column":78},"end":{"line":209,"column":104}},"line":209}},"branchMap":{"0":{"loc":{"start":{"line":18,"column":46},"end":{"line":18,"column":92}},"type":"cond-expr","locations":[{"start":{"line":18,"column":70},"end":{"line":18,"column":73}},{"start":{"line":18,"column":76},"end":{"line":18,"column":92}}],"line":18},"1":{"loc":{"start":{"line":18,"column":46},"end":{"line":18,"column":67}},"type":"binary-expr","locations":[{"start":{"line":18,"column":46},"end":{"line":18,"column":49}},{"start":{"line":18,"column":53},"end":{"line":18,"column":67}}],"line":18},"2":{"loc":{"start":{"line":53,"column":52},"end":{"line":53,"column":107}},"type":"binary-expr","locations":[{"start":{"line":53,"column":52},"end":{"line":53,"column":80}},{"start":{"line":53,"column":84},"end":{"line":53,"column":107}}],"line":53},"3":{"loc":{"start":{"line":55,"column":6},"end":{"line":60,"column":7}},"type":"if","locations":[{"start":{"line":55,"column":6},"end":{"line":60,"column":7}},{"start":{"line":55,"column":6},"end":{"line":60,"column":7}}],"line":55},"4":{"loc":{"start":{"line":62,"column":23},"end":{"line":62,"column":69}},"type":"cond-expr","locations":[{"start":{"line":62,"column":39},"end":{"line":62,"column":52}},{"start":{"line":62,"column":55},"end":{"line":62,"column":69}}],"line":62},"5":{"loc":{"start":{"line":63,"column":21},"end":{"line":63,"column":61}},"type":"cond-expr","locations":[{"start":{"line":63,"column":35},"end":{"line":63,"column":46}},{"start":{"line":63,"column":49},"end":{"line":63,"column":61}}],"line":63},"6":{"loc":{"start":{"line":64,"column":25},"end":{"line":64,"column":77}},"type":"cond-expr","locations":[{"start":{"line":64,"column":43},"end":{"line":64,"column":58}},{"start":{"line":64,"column":61},"end":{"line":64,"column":77}}],"line":64},"7":{"loc":{"start":{"line":70,"column":6},"end":{"line":97,"column":7}},"type":"if","locations":[{"start":{"line":70,"column":6},"end":{"line":97,"column":7}},{"start":{"line":70,"column":6},"end":{"line":97,"column":7}}],"line":70},"8":{"loc":{"start":{"line":123,"column":6},"end":{"line":128,"column":7}},"type":"if","locations":[{"start":{"line":123,"column":6},"end":{"line":128,"column":7}},{"start":{"line":123,"column":6},"end":{"line":128,"column":7}}],"line":123},"9":{"loc":{"start":{"line":166,"column":4},"end":{"line":169,"column":7}},"type":"if","locations":[{"start":{"line":166,"column":4},"end":{"line":169,"column":7}},{"start":{"line":166,"column":4},"end":{"line":169,"column":7}}],"line":166},"10":{"loc":{"start":{"line":190,"column":4},"end":{"line":195,"column":5}},"type":"if","locations":[{"start":{"line":190,"column":4},"end":{"line":195,"column":5}},{"start":{"line":190,"column":4},"end":{"line":195,"column":5}}],"line":190},"11":{"loc":{"start":{"line":197,"column":4},"end":{"line":200,"column":7}},"type":"if","locations":[{"start":{"line":197,"column":4},"end":{"line":200,"column":7}},{"start":{"line":197,"column":4},"end":{"line":200,"column":7}}],"line":197}},"s":{"0":1,"1":1,"2":1,"3":1,"4":1,"5":1,"6":1,"7":5,"8":1,"9":1,"10":1,"11":1,"12":5,"13":1,"14":1,"15":1,"16":1,"17":1,"18":1,"19":1,"20":1,"21":1,"22":1,"23":0,"24":1,"25":1,"26":1,"27":1,"28":5,"29":1,"30":0,"31":0,"32":0,"33":0,"34":0,"35":0,"36":0,"37":1,"38":1,"39":0,"40":1,"41":1,"42":0,"43":1,"44":1,"45":0,"46":1,"47":1,"48":1,"49":1,"50":1,"51":0,"52":1,"53":0,"54":1,"55":1,"56":0,"57":1,"58":1,"59":2,"60":1,"61":1,"62":1,"63":1,"64":1,"65":0,"66":1,"67":2,"68":1,"69":1,"70":1,"71":1,"72":2,"73":1,"74":2,"75":1,"76":0,"77":1,"78":0,"79":1,"80":5,"81":1,"82":0,"83":1,"84":1,"85":0,"86":0,"87":1,"88":0,"89":0,"90":1,"91":1},"f":{"0":5,"1":1,"2":5,"3":1,"4":1,"5":5,"6":0,"7":0,"8":0,"9":0,"10":1,"11":1,"12":1,"13":0,"14":1,"15":2,"16":1,"17":1,"18":2,"19":1,"20":2,"21":2,"22":5,"23":0,"24":0,"25":0,"26":0,"27":0},"b":{"0":[0,5],"1":[5,5],"2":[1,1],"3":[0,1],"4":[1,0],"5":[1,0],"6":[1,0],"7":[0,1],"8":[0,1],"9":[0,1],"10":[0,1],"11":[0,1]},"_coverageSchema":"43e27e138ebf9cfc5966b082cf9a028302ed4184","hash":"0a31f4ebd2f579009644825dab7f9958e69fd487","contentHash":"a734a2974b4499e39cb1ec8d38dbcec25d7a386120158e6a8fdba600a6f0bbb5"},"I:\\boris staff\\andela\\bootcamp challenge\\team_work_server\\api\\v1\\models\\category.js":{"path":"I:\\boris staff\\andela\\bootcamp challenge\\team_work_server\\api\\v1\\models\\category.js","statementMap":{"0":{"start":{"line":3,"column":17},"end":{"line":3,"column":19}},"1":{"start":{"line":4,"column":0},"end":{"line":4,"column":26}}},"fnMap":{},"branchMap":{},"s":{"0":1,"1":1},"f":{},"b":{},"_coverageSchema":"43e27e138ebf9cfc5966b082cf9a028302ed4184","hash":"a8c60b0671b6425def04c748f61ba31656aaad93","contentHash":"3cecc9227544e2d4ae7af3c5f2ea881d2aed707e5f75c0a4ee9513ce54b11d97"},"I:\\boris staff\\andela\\bootcamp challenge\\team_work_server\\api\\v1\\models\\user.js":{"path":"I:\\boris staff\\andela\\bootcamp challenge\\team_work_server\\api\\v1\\models\\user.js","statementMap":{"0":{"start":{"line":3,"column":14},"end":{"line":14,"column":2}},"1":{"start":{"line":15,"column":0},"end":{"line":15,"column":23}}},"fnMap":{},"branchMap":{},"s":{"0":1,"1":1},"f":{},"b":{},"_coverageSchema":"43e27e138ebf9cfc5966b082cf9a028302ed4184","hash":"0f549cf007ffc7b85f61753b59032bac46a40ba5","contentHash":"5dff3c85b9e6699addee19be0364b246d05c5826017520e6118b71b0e23db6d8"},"I:\\boris staff\\andela\\bootcamp challenge\\team_work_server\\api\\v1\\controllers\\categoryController.js":{"path":"I:\\boris staff\\andela\\bootcamp challenge\\team_work_server\\api\\v1\\controllers\\categoryController.js","statementMap":{"0":{"start":{"line":3,"column":0},"end":{"line":5,"column":3}},"1":{"start":{"line":6,"column":0},"end":{"line":6,"column":25}},"2":{"start":{"line":8,"column":17},"end":{"line":8,"column":62}},"3":{"start":{"line":10,"column":15},"end":{"line":10,"column":67}},"4":{"start":{"line":12,"column":16},"end":{"line":12,"column":69}},"5":{"start":{"line":14,"column":39},"end":{"line":14,"column":93}},"6":{"start":{"line":16,"column":15},"end":{"line":38,"column":1}},"7":{"start":{"line":20,"column":8},"end":{"line":20,"column":18}},"8":{"start":{"line":22,"column":14},"end":{"line":22,"column":67}},"9":{"start":{"line":22,"column":46},"end":{"line":22,"column":66}},"10":{"start":{"line":24,"column":17},"end":{"line":24,"column":19}},"11":{"start":{"line":25,"column":4},"end":{"line":30,"column":7}},"12":{"start":{"line":26,"column":20},"end":{"line":26,"column":69}},"13":{"start":{"line":26,"column":47},"end":{"line":26,"column":68}},"14":{"start":{"line":28,"column":6},"end":{"line":29,"column":9}},"15":{"start":{"line":31,"column":4},"end":{"line":35,"column":7}},"16":{"start":{"line":39,"column":0},"end":{"line":39,"column":27}}},"fnMap":{"0":{"name":"_interopRequireDefault","decl":{"start":{"line":14,"column":9},"end":{"line":14,"column":31}},"loc":{"start":{"line":14,"column":37},"end":{"line":14,"column":95}},"line":14},"1":{"name":"(anonymous_1)","decl":{"start":{"line":17,"column":2},"end":{"line":17,"column":3}},"loc":{"start":{"line":17,"column":27},"end":{"line":36,"column":3}},"line":17},"2":{"name":"(anonymous_2)","decl":{"start":{"line":22,"column":39},"end":{"line":22,"column":40}},"loc":{"start":{"line":22,"column":46},"end":{"line":22,"column":66}},"line":22},"3":{"name":"(anonymous_3)","decl":{"start":{"line":25,"column":14},"end":{"line":25,"column":15}},"loc":{"start":{"line":25,"column":21},"end":{"line":30,"column":5}},"line":25},"4":{"name":"(anonymous_4)","decl":{"start":{"line":26,"column":42},"end":{"line":26,"column":43}},"loc":{"start":{"line":26,"column":47},"end":{"line":26,"column":68}},"line":26}},"branchMap":{"0":{"loc":{"start":{"line":14,"column":46},"end":{"line":14,"column":92}},"type":"cond-expr","locations":[{"start":{"line":14,"column":70},"end":{"line":14,"column":73}},{"start":{"line":14,"column":76},"end":{"line":14,"column":92}}],"line":14},"1":{"loc":{"start":{"line":14,"column":46},"end":{"line":14,"column":67}},"type":"binary-expr","locations":[{"start":{"line":14,"column":46},"end":{"line":14,"column":49}},{"start":{"line":14,"column":53},"end":{"line":14,"column":67}}],"line":14}},"s":{"0":1,"1":1,"2":1,"3":1,"4":1,"5":3,"6":1,"7":0,"8":0,"9":0,"10":0,"11":0,"12":0,"13":0,"14":0,"15":0,"16":1},"f":{"0":3,"1":0,"2":0,"3":0,"4":0},"b":{"0":[0,3],"1":[3,3]},"_coverageSchema":"43e27e138ebf9cfc5966b082cf9a028302ed4184","hash":"30dcdb52cf3daf3c7ea8f3e8c771541330d2633e","contentHash":"ed4ad8c7faacbb98cba35eb54b2c33c7993c4e87303ca6f7a6eb50c35b79e528"},"I:\\boris staff\\andela\\bootcamp challenge\\team_work_server\\api\\v1\\middlewares\\articleValidation\\createArticle.js":{"path":"I:\\boris staff\\andela\\bootcamp challenge\\team_work_server\\api\\v1\\middlewares\\articleValidation\\createArticle.js","statementMap":{"0":{"start":{"line":3,"column":15},"end":{"line":3,"column":70}},"1":{"start":{"line":5,"column":12},"end":{"line":5,"column":42}},"2":{"start":{"line":7,"column":39},"end":{"line":7,"column":93}},"3":{"start":{"line":11,"column":12},"end":{"line":11,"column":26}},"4":{"start":{"line":13,"column":0},"end":{"line":101,"column":2}},"5":{"start":{"line":14,"column":2},"end":{"line":100,"column":3}},"6":{"start":{"line":15,"column":18},"end":{"line":15,"column":27}},"7":{"start":{"line":16,"column":24},"end":{"line":16,"column":111}},"8":{"start":{"line":21,"column":8},"end":{"line":21,"column":16}},"9":{"start":{"line":22,"column":4},"end":{"line":25,"column":6}},"10":{"start":{"line":22,"column":19},"end":{"line":25,"column":6}},"11":{"start":{"line":26,"column":4},"end":{"line":29,"column":6}},"12":{"start":{"line":26,"column":34},"end":{"line":29,"column":6}},"13":{"start":{"line":30,"column":24},"end":{"line":30,"column":26}},"14":{"start":{"line":33,"column":6},"end":{"line":41,"column":9}},"15":{"start":{"line":34,"column":8},"end":{"line":37,"column":10}},"16":{"start":{"line":34,"column":35},"end":{"line":37,"column":10}},"17":{"start":{"line":38,"column":19},"end":{"line":38,"column":70}},"18":{"start":{"line":39,"column":8},"end":{"line":39,"column":29}},"19":{"start":{"line":40,"column":8},"end":{"line":40,"column":59}},"20":{"start":{"line":44,"column":4},"end":{"line":47,"column":6}},"21":{"start":{"line":44,"column":26},"end":{"line":47,"column":6}},"22":{"start":{"line":48,"column":4},"end":{"line":48,"column":29}},"23":{"start":{"line":49,"column":17},"end":{"line":56,"column":5}},"24":{"start":{"line":57,"column":19},"end":{"line":64,"column":6}},"25":{"start":{"line":68,"column":8},"end":{"line":68,"column":34}},"26":{"start":{"line":70,"column":4},"end":{"line":97,"column":5}},"27":{"start":{"line":71,"column":6},"end":{"line":92,"column":7}},"28":{"start":{"line":73,"column":10},"end":{"line":76,"column":13}},"29":{"start":{"line":77,"column":10},"end":{"line":77,"column":16}},"30":{"start":{"line":80,"column":10},"end":{"line":83,"column":13}},"31":{"start":{"line":84,"column":10},"end":{"line":84,"column":16}},"32":{"start":{"line":87,"column":10},"end":{"line":90,"column":13}},"33":{"start":{"line":91,"column":10},"end":{"line":91,"column":16}},"34":{"start":{"line":94,"column":6},"end":{"line":94,"column":24}},"35":{"start":{"line":95,"column":6},"end":{"line":95,"column":33}},"36":{"start":{"line":96,"column":6},"end":{"line":96,"column":13}},"37":{"start":{"line":99,"column":4},"end":{"line":99,"column":39}}},"fnMap":{"0":{"name":"_interopRequireDefault","decl":{"start":{"line":7,"column":9},"end":{"line":7,"column":31}},"loc":{"start":{"line":7,"column":37},"end":{"line":7,"column":95}},"line":7},"1":{"name":"(anonymous_1)","decl":{"start":{"line":13,"column":17},"end":{"line":13,"column":18}},"loc":{"start":{"line":13,"column":37},"end":{"line":101,"column":1}},"line":13},"2":{"name":"check","decl":{"start":{"line":32,"column":13},"end":{"line":32,"column":18}},"loc":{"start":{"line":32,"column":22},"end":{"line":42,"column":5}},"line":32},"3":{"name":"(anonymous_3)","decl":{"start":{"line":33,"column":21},"end":{"line":33,"column":22}},"loc":{"start":{"line":33,"column":34},"end":{"line":41,"column":7}},"line":33}},"branchMap":{"0":{"loc":{"start":{"line":7,"column":46},"end":{"line":7,"column":92}},"type":"cond-expr","locations":[{"start":{"line":7,"column":70},"end":{"line":7,"column":73}},{"start":{"line":7,"column":76},"end":{"line":7,"column":92}}],"line":7},"1":{"loc":{"start":{"line":7,"column":46},"end":{"line":7,"column":67}},"type":"binary-expr","locations":[{"start":{"line":7,"column":46},"end":{"line":7,"column":49}},{"start":{"line":7,"column":53},"end":{"line":7,"column":67}}],"line":7},"2":{"loc":{"start":{"line":16,"column":24},"end":{"line":16,"column":111}},"type":"cond-expr","locations":[{"start":{"line":16,"column":55},"end":{"line":16,"column":56}},{"start":{"line":16,"column":59},"end":{"line":16,"column":111}}],"line":16},"3":{"loc":{"start":{"line":22,"column":4},"end":{"line":25,"column":6}},"type":"if","locations":[{"start":{"line":22,"column":4},"end":{"line":25,"column":6}},{"start":{"line":22,"column":4},"end":{"line":25,"column":6}}],"line":22},"4":{"loc":{"start":{"line":26,"column":4},"end":{"line":29,"column":6}},"type":"if","locations":[{"start":{"line":26,"column":4},"end":{"line":29,"column":6}},{"start":{"line":26,"column":4},"end":{"line":29,"column":6}}],"line":26},"5":{"loc":{"start":{"line":34,"column":8},"end":{"line":37,"column":10}},"type":"if","locations":[{"start":{"line":34,"column":8},"end":{"line":37,"column":10}},{"start":{"line":34,"column":8},"end":{"line":37,"column":10}}],"line":34},"6":{"loc":{"start":{"line":40,"column":15},"end":{"line":40,"column":58}},"type":"cond-expr","locations":[{"start":{"line":40,"column":46},"end":{"line":40,"column":50}},{"start":{"line":40,"column":53},"end":{"line":40,"column":58}}],"line":40},"7":{"loc":{"start":{"line":44,"column":4},"end":{"line":47,"column":6}},"type":"if","locations":[{"start":{"line":44,"column":4},"end":{"line":47,"column":6}},{"start":{"line":44,"column":4},"end":{"line":47,"column":6}}],"line":44},"8":{"loc":{"start":{"line":70,"column":4},"end":{"line":97,"column":5}},"type":"if","locations":[{"start":{"line":70,"column":4},"end":{"line":97,"column":5}},{"start":{"line":70,"column":4},"end":{"line":97,"column":5}}],"line":70},"9":{"loc":{"start":{"line":71,"column":6},"end":{"line":92,"column":7}},"type":"switch","locations":[{"start":{"line":72,"column":8},"end":{"line":77,"column":16}},{"start":{"line":79,"column":8},"end":{"line":84,"column":16}},{"start":{"line":86,"column":8},"end":{"line":91,"column":16}}],"line":71}},"s":{"0":1,"1":1,"2":1,"3":1,"4":1,"5":1,"6":1,"7":1,"8":1,"9":1,"10":0,"11":1,"12":0,"13":1,"14":1,"15":5,"16":0,"17":5,"18":5,"19":5,"20":1,"21":0,"22":1,"23":1,"24":1,"25":1,"26":1,"27":0,"28":0,"29":0,"30":0,"31":0,"32":0,"33":0,"34":1,"35":1,"36":1,"37":0},"f":{"0":1,"1":1,"2":1,"3":5},"b":{"0":[0,1],"1":[1,1],"2":[0,1],"3":[0,1],"4":[0,1],"5":[0,5],"6":[5,0],"7":[0,1],"8":[0,1],"9":[0,0,0]},"_coverageSchema":"43e27e138ebf9cfc5966b082cf9a028302ed4184","hash":"3a972ca2c1177f66535ef1656e817ff1d87744f4","contentHash":"d6396fb478052d198a811460668bf5966b711d03922d3a7794a252aef6290c25"},"I:\\boris staff\\andela\\bootcamp challenge\\team_work_server\\api\\v1\\routes\\auth.js":{"path":"I:\\boris staff\\andela\\bootcamp challenge\\team_work_server\\api\\v1\\routes\\auth.js","statementMap":{"0":{"start":{"line":3,"column":0},"end":{"line":5,"column":3}},"1":{"start":{"line":6,"column":0},"end":{"line":6,"column":25}},"2":{"start":{"line":8,"column":15},"end":{"line":8,"column":57}},"3":{"start":{"line":10,"column":32},"end":{"line":10,"column":106}},"4":{"start":{"line":12,"column":14},"end":{"line":12,"column":85}},"5":{"start":{"line":14,"column":12},"end":{"line":14,"column":63}},"6":{"start":{"line":16,"column":14},"end":{"line":16,"column":85}},"7":{"start":{"line":18,"column":39},"end":{"line":18,"column":93}},"8":{"start":{"line":20,"column":15},"end":{"line":20,"column":40}},"9":{"start":{"line":22,"column":0},"end":{"line":22,"column":89}},"10":{"start":{"line":23,"column":0},"end":{"line":23,"column":86}},"11":{"start":{"line":24,"column":15},"end":{"line":24,"column":21}},"12":{"start":{"line":25,"column":0},"end":{"line":25,"column":27}}},"fnMap":{"0":{"name":"_interopRequireDefault","decl":{"start":{"line":18,"column":9},"end":{"line":18,"column":31}},"loc":{"start":{"line":18,"column":37},"end":{"line":18,"column":95}},"line":18}},"branchMap":{"0":{"loc":{"start":{"line":18,"column":46},"end":{"line":18,"column":92}},"type":"cond-expr","locations":[{"start":{"line":18,"column":70},"end":{"line":18,"column":73}},{"start":{"line":18,"column":76},"end":{"line":18,"column":92}}],"line":18},"1":{"loc":{"start":{"line":18,"column":46},"end":{"line":18,"column":67}},"type":"binary-expr","locations":[{"start":{"line":18,"column":46},"end":{"line":18,"column":49}},{"start":{"line":18,"column":53},"end":{"line":18,"column":67}}],"line":18}},"s":{"0":1,"1":1,"2":1,"3":1,"4":1,"5":1,"6":1,"7":5,"8":1,"9":1,"10":1,"11":1,"12":1},"f":{"0":5},"b":{"0":[1,4],"1":[5,5]},"_coverageSchema":"43e27e138ebf9cfc5966b082cf9a028302ed4184","hash":"0e747babeeb0a9daa71617f6fbaf7584faaa3903","contentHash":"482acb5b6412b5ac1fa901a61cf4053a9b2a98d83febf0f47750bdf7e0dfad56"},"I:\\boris staff\\andela\\bootcamp challenge\\team_work_server\\api\\v1\\controllers\\authanticationController.js":{"path":"I:\\boris staff\\andela\\bootcamp challenge\\team_work_server\\api\\v1\\controllers\\authanticationController.js","statementMap":{"0":{"start":{"line":3,"column":0},"end":{"line":5,"column":3}},"1":{"start":{"line":6,"column":0},"end":{"line":6,"column":25}},"2":{"start":{"line":8,"column":15},"end":{"line":8,"column":57}},"3":{"start":{"line":10,"column":20},"end":{"line":10,"column":67}},"4":{"start":{"line":12,"column":12},"end":{"line":12,"column":61}},"5":{"start":{"line":14,"column":16},"end":{"line":14,"column":59}},"6":{"start":{"line":16,"column":12},"end":{"line":16,"column":63}},"7":{"start":{"line":18,"column":19},"end":{"line":18,"column":77}},"8":{"start":{"line":20,"column":39},"end":{"line":20,"column":93}},"9":{"start":{"line":22,"column":19},"end":{"line":22,"column":20}},"10":{"start":{"line":23,"column":12},"end":{"line":23,"column":35}},"11":{"start":{"line":26,"column":0},"end":{"line":26,"column":44}},"12":{"start":{"line":27,"column":15},"end":{"line":93,"column":1}},"13":{"start":{"line":29,"column":4},"end":{"line":52,"column":5}},"14":{"start":{"line":30,"column":20},"end":{"line":30,"column":35}},"15":{"start":{"line":32,"column":19},"end":{"line":32,"column":73}},"16":{"start":{"line":32,"column":46},"end":{"line":32,"column":72}},"17":{"start":{"line":34,"column":6},"end":{"line":36,"column":9}},"18":{"start":{"line":34,"column":16},"end":{"line":36,"column":9}},"19":{"start":{"line":37,"column":6},"end":{"line":37,"column":64}},"20":{"start":{"line":39,"column":6},"end":{"line":39,"column":32}},"21":{"start":{"line":41,"column":20},"end":{"line":41,"column":75}},"22":{"start":{"line":43,"column":6},"end":{"line":47,"column":9}},"23":{"start":{"line":49,"column":6},"end":{"line":51,"column":9}},"24":{"start":{"line":56,"column":4},"end":{"line":90,"column":5}},"25":{"start":{"line":57,"column":20},"end":{"line":57,"column":29}},"26":{"start":{"line":59,"column":19},"end":{"line":59,"column":73}},"27":{"start":{"line":59,"column":46},"end":{"line":59,"column":72}},"28":{"start":{"line":61,"column":6},"end":{"line":65,"column":7}},"29":{"start":{"line":62,"column":8},"end":{"line":64,"column":11}},"30":{"start":{"line":67,"column":21},"end":{"line":70,"column":8}},"31":{"start":{"line":72,"column":6},"end":{"line":84,"column":7}},"32":{"start":{"line":73,"column":22},"end":{"line":73,"column":76}},"33":{"start":{"line":75,"column":8},"end":{"line":78,"column":11}},"34":{"start":{"line":80,"column":8},"end":{"line":83,"column":11}},"35":{"start":{"line":86,"column":6},"end":{"line":89,"column":9}},"36":{"start":{"line":94,"column":0},"end":{"line":94,"column":27}}},"fnMap":{"0":{"name":"_interopRequireDefault","decl":{"start":{"line":20,"column":9},"end":{"line":20,"column":31}},"loc":{"start":{"line":20,"column":37},"end":{"line":20,"column":95}},"line":20},"1":{"name":"(anonymous_1)","decl":{"start":{"line":28,"column":2},"end":{"line":28,"column":3}},"loc":{"start":{"line":28,"column":27},"end":{"line":53,"column":3}},"line":28},"2":{"name":"(anonymous_2)","decl":{"start":{"line":32,"column":38},"end":{"line":32,"column":39}},"loc":{"start":{"line":32,"column":46},"end":{"line":32,"column":72}},"line":32},"3":{"name":"(anonymous_3)","decl":{"start":{"line":55,"column":2},"end":{"line":55,"column":3}},"loc":{"start":{"line":55,"column":24},"end":{"line":91,"column":3}},"line":55},"4":{"name":"(anonymous_4)","decl":{"start":{"line":59,"column":38},"end":{"line":59,"column":39}},"loc":{"start":{"line":59,"column":46},"end":{"line":59,"column":72}},"line":59}},"branchMap":{"0":{"loc":{"start":{"line":20,"column":46},"end":{"line":20,"column":92}},"type":"cond-expr","locations":[{"start":{"line":20,"column":70},"end":{"line":20,"column":73}},{"start":{"line":20,"column":76},"end":{"line":20,"column":92}}],"line":20},"1":{"loc":{"start":{"line":20,"column":46},"end":{"line":20,"column":67}},"type":"binary-expr","locations":[{"start":{"line":20,"column":46},"end":{"line":20,"column":49}},{"start":{"line":20,"column":53},"end":{"line":20,"column":67}}],"line":20},"2":{"loc":{"start":{"line":34,"column":6},"end":{"line":36,"column":9}},"type":"if","locations":[{"start":{"line":34,"column":6},"end":{"line":36,"column":9}},{"start":{"line":34,"column":6},"end":{"line":36,"column":9}}],"line":34},"3":{"loc":{"start":{"line":61,"column":6},"end":{"line":65,"column":7}},"type":"if","locations":[{"start":{"line":61,"column":6},"end":{"line":65,"column":7}},{"start":{"line":61,"column":6},"end":{"line":65,"column":7}}],"line":61},"4":{"loc":{"start":{"line":72,"column":6},"end":{"line":84,"column":7}},"type":"if","locations":[{"start":{"line":72,"column":6},"end":{"line":84,"column":7}},{"start":{"line":72,"column":6},"end":{"line":84,"column":7}}],"line":72}},"s":{"0":1,"1":1,"2":1,"3":1,"4":1,"5":1,"6":1,"7":1,"8":6,"9":1,"10":1,"11":1,"12":1,"13":1,"14":1,"15":1,"16":1,"17":1,"18":0,"19":1,"20":1,"21":1,"22":1,"23":0,"24":1,"25":1,"26":1,"27":1,"28":1,"29":0,"30":1,"31":1,"32":1,"33":1,"34":0,"35":0,"36":1},"f":{"0":6,"1":1,"2":1,"3":1,"4":1},"b":{"0":[0,6],"1":[6,6],"2":[0,1],"3":[0,1],"4":[1,0]},"_coverageSchema":"43e27e138ebf9cfc5966b082cf9a028302ed4184","hash":"753712d3e095cab0954ac887ed52a7fba413f0d8","contentHash":"073c4d7de8b383800d69ed72aeedc04c9500cdd6a308eed385da50030a621e94"},"I:\\boris staff\\andela\\bootcamp challenge\\team_work_server\\api\\v1\\heplpers\\hash.js":{"path":"I:\\boris staff\\andela\\bootcamp challenge\\team_work_server\\api\\v1\\heplpers\\hash.js","statementMap":{"0":{"start":{"line":3,"column":15},"end":{"line":3,"column":57}},"1":{"start":{"line":5,"column":20},"end":{"line":5,"column":67}},"2":{"start":{"line":7,"column":12},"end":{"line":7,"column":61}},"3":{"start":{"line":9,"column":16},"end":{"line":9,"column":59}},"4":{"start":{"line":11,"column":39},"end":{"line":11,"column":93}},"5":{"start":{"line":14,"column":19},"end":{"line":14,"column":20}},"6":{"start":{"line":15,"column":12},"end":{"line":15,"column":35}},"7":{"start":{"line":17,"column":21},"end":{"line":26,"column":1}},"8":{"start":{"line":18,"column":25},"end":{"line":23,"column":4}},"9":{"start":{"line":19,"column":4},"end":{"line":22,"column":7}},"10":{"start":{"line":20,"column":6},"end":{"line":20,"column":27}},"11":{"start":{"line":20,"column":15},"end":{"line":20,"column":27}},"12":{"start":{"line":21,"column":6},"end":{"line":21,"column":20}},"13":{"start":{"line":24,"column":2},"end":{"line":24,"column":30}},"14":{"start":{"line":25,"column":2},"end":{"line":25,"column":24}},"15":{"start":{"line":28,"column":0},"end":{"line":28,"column":30}}},"fnMap":{"0":{"name":"_interopRequireDefault","decl":{"start":{"line":11,"column":9},"end":{"line":11,"column":31}},"loc":{"start":{"line":11,"column":37},"end":{"line":11,"column":95}},"line":11},"1":{"name":"(anonymous_1)","decl":{"start":{"line":17,"column":21},"end":{"line":17,"column":22}},"loc":{"start":{"line":17,"column":33},"end":{"line":26,"column":1}},"line":17},"2":{"name":"(anonymous_2)","decl":{"start":{"line":18,"column":37},"end":{"line":18,"column":38}},"loc":{"start":{"line":18,"column":58},"end":{"line":23,"column":3}},"line":18},"3":{"name":"(anonymous_3)","decl":{"start":{"line":19,"column":49},"end":{"line":19,"column":50}},"loc":{"start":{"line":19,"column":70},"end":{"line":22,"column":5}},"line":19}},"branchMap":{"0":{"loc":{"start":{"line":11,"column":46},"end":{"line":11,"column":92}},"type":"cond-expr","locations":[{"start":{"line":11,"column":70},"end":{"line":11,"column":73}},{"start":{"line":11,"column":76},"end":{"line":11,"column":92}}],"line":11},"1":{"loc":{"start":{"line":11,"column":46},"end":{"line":11,"column":67}},"type":"binary-expr","locations":[{"start":{"line":11,"column":46},"end":{"line":11,"column":49}},{"start":{"line":11,"column":53},"end":{"line":11,"column":67}}],"line":11},"2":{"loc":{"start":{"line":20,"column":6},"end":{"line":20,"column":27}},"type":"if","locations":[{"start":{"line":20,"column":6},"end":{"line":20,"column":27}},{"start":{"line":20,"column":6},"end":{"line":20,"column":27}}],"line":20}},"s":{"0":1,"1":1,"2":1,"3":1,"4":4,"5":1,"6":1,"7":1,"8":1,"9":1,"10":1,"11":0,"12":1,"13":1,"14":1,"15":1},"f":{"0":4,"1":1,"2":1,"3":1},"b":{"0":[0,4],"1":[4,4],"2":[0,1]},"_coverageSchema":"43e27e138ebf9cfc5966b082cf9a028302ed4184","hash":"e35cb8f52acf9e31f5a101b4fd1730e27d1b51fc","contentHash":"bd266956bcbd1311fdab6899fc818196ee74a6a27194ac5620038ddb5e5ac84c"},"I:\\boris staff\\andela\\bootcamp challenge\\team_work_server\\api\\v1\\heplpers\\compareHash.js":{"path":"I:\\boris staff\\andela\\bootcamp challenge\\team_work_server\\api\\v1\\heplpers\\compareHash.js","statementMap":{"0":{"start":{"line":3,"column":15},"end":{"line":3,"column":57}},"1":{"start":{"line":5,"column":20},"end":{"line":5,"column":67}},"2":{"start":{"line":7,"column":12},"end":{"line":7,"column":61}},"3":{"start":{"line":9,"column":16},"end":{"line":9,"column":59}},"4":{"start":{"line":11,"column":39},"end":{"line":11,"column":93}},"5":{"start":{"line":14,"column":19},"end":{"line":14,"column":20}},"6":{"start":{"line":15,"column":12},"end":{"line":15,"column":35}},"7":{"start":{"line":17,"column":24},"end":{"line":34,"column":1}},"8":{"start":{"line":21,"column":25},"end":{"line":31,"column":4}},"9":{"start":{"line":22,"column":4},"end":{"line":30,"column":7}},"10":{"start":{"line":23,"column":6},"end":{"line":23,"column":27}},"11":{"start":{"line":23,"column":15},"end":{"line":23,"column":27}},"12":{"start":{"line":25,"column":6},"end":{"line":29,"column":7}},"13":{"start":{"line":26,"column":8},"end":{"line":26,"column":22}},"14":{"start":{"line":28,"column":8},"end":{"line":28,"column":23}},"15":{"start":{"line":32,"column":2},"end":{"line":32,"column":30}},"16":{"start":{"line":33,"column":2},"end":{"line":33,"column":24}},"17":{"start":{"line":36,"column":0},"end":{"line":36,"column":33}}},"fnMap":{"0":{"name":"_interopRequireDefault","decl":{"start":{"line":11,"column":9},"end":{"line":11,"column":31}},"loc":{"start":{"line":11,"column":37},"end":{"line":11,"column":95}},"line":11},"1":{"name":"(anonymous_1)","decl":{"start":{"line":17,"column":24},"end":{"line":17,"column":25}},"loc":{"start":{"line":20,"column":6},"end":{"line":34,"column":1}},"line":20},"2":{"name":"(anonymous_2)","decl":{"start":{"line":21,"column":37},"end":{"line":21,"column":38}},"loc":{"start":{"line":21,"column":58},"end":{"line":31,"column":3}},"line":21},"3":{"name":"(anonymous_3)","decl":{"start":{"line":22,"column":61},"end":{"line":22,"column":62}},"loc":{"start":{"line":22,"column":76},"end":{"line":30,"column":5}},"line":22}},"branchMap":{"0":{"loc":{"start":{"line":11,"column":46},"end":{"line":11,"column":92}},"type":"cond-expr","locations":[{"start":{"line":11,"column":70},"end":{"line":11,"column":73}},{"start":{"line":11,"column":76},"end":{"line":11,"column":92}}],"line":11},"1":{"loc":{"start":{"line":11,"column":46},"end":{"line":11,"column":67}},"type":"binary-expr","locations":[{"start":{"line":11,"column":46},"end":{"line":11,"column":49}},{"start":{"line":11,"column":53},"end":{"line":11,"column":67}}],"line":11},"2":{"loc":{"start":{"line":23,"column":6},"end":{"line":23,"column":27}},"type":"if","locations":[{"start":{"line":23,"column":6},"end":{"line":23,"column":27}},{"start":{"line":23,"column":6},"end":{"line":23,"column":27}}],"line":23},"3":{"loc":{"start":{"line":25,"column":6},"end":{"line":29,"column":7}},"type":"if","locations":[{"start":{"line":25,"column":6},"end":{"line":29,"column":7}},{"start":{"line":25,"column":6},"end":{"line":29,"column":7}}],"line":25}},"s":{"0":1,"1":1,"2":1,"3":1,"4":4,"5":1,"6":1,"7":1,"8":1,"9":1,"10":1,"11":0,"12":1,"13":1,"14":0,"15":1,"16":1,"17":1},"f":{"0":4,"1":1,"2":1,"3":1},"b":{"0":[0,4],"1":[4,4],"2":[0,1],"3":[1,0]},"_coverageSchema":"43e27e138ebf9cfc5966b082cf9a028302ed4184","hash":"e485215d29814acfd0d3a03d1a611166e424171e","contentHash":"da40ab0191937e17295670bd6b7aaceae96e9240dc782c1c4aa21e5366517304"},"I:\\boris staff\\andela\\bootcamp challenge\\team_work_server\\api\\v1\\middlewares\\authValidation\\signup.js":{"path":"I:\\boris staff\\andela\\bootcamp challenge\\team_work_server\\api\\v1\\middlewares\\authValidation\\signup.js","statementMap":{"0":{"start":{"line":3,"column":14},"end":{"line":3,"column":42}},"1":{"start":{"line":5,"column":12},"end":{"line":5,"column":26}},"2":{"start":{"line":7,"column":0},"end":{"line":134,"column":2}},"3":{"start":{"line":8,"column":22},"end":{"line":8,"column":76}},"4":{"start":{"line":20,"column":6},"end":{"line":20,"column":14}},"5":{"start":{"line":21,"column":15},"end":{"line":33,"column":3}},"6":{"start":{"line":34,"column":17},"end":{"line":46,"column":4}},"7":{"start":{"line":50,"column":6},"end":{"line":50,"column":32}},"8":{"start":{"line":52,"column":2},"end":{"line":133,"column":3}},"9":{"start":{"line":53,"column":4},"end":{"line":128,"column":5}},"10":{"start":{"line":55,"column":8},"end":{"line":63,"column":11}},"11":{"start":{"line":64,"column":8},"end":{"line":64,"column":14}},"12":{"start":{"line":67,"column":8},"end":{"line":70,"column":11}},"13":{"start":{"line":71,"column":8},"end":{"line":71,"column":14}},"14":{"start":{"line":74,"column":8},"end":{"line":77,"column":11}},"15":{"start":{"line":78,"column":8},"end":{"line":78,"column":14}},"16":{"start":{"line":81,"column":8},"end":{"line":84,"column":11}},"17":{"start":{"line":85,"column":8},"end":{"line":85,"column":14}},"18":{"start":{"line":88,"column":8},"end":{"line":91,"column":11}},"19":{"start":{"line":92,"column":8},"end":{"line":92,"column":14}},"20":{"start":{"line":95,"column":8},"end":{"line":98,"column":11}},"21":{"start":{"line":99,"column":8},"end":{"line":99,"column":14}},"22":{"start":{"line":102,"column":8},"end":{"line":105,"column":11}},"23":{"start":{"line":106,"column":8},"end":{"line":106,"column":14}},"24":{"start":{"line":109,"column":8},"end":{"line":112,"column":11}},"25":{"start":{"line":113,"column":8},"end":{"line":113,"column":14}},"26":{"start":{"line":116,"column":8},"end":{"line":119,"column":11}},"27":{"start":{"line":120,"column":8},"end":{"line":120,"column":14}},"28":{"start":{"line":123,"column":8},"end":{"line":126,"column":11}},"29":{"start":{"line":127,"column":8},"end":{"line":127,"column":14}},"30":{"start":{"line":130,"column":4},"end":{"line":130,"column":33}},"31":{"start":{"line":131,"column":4},"end":{"line":131,"column":22}},"32":{"start":{"line":132,"column":4},"end":{"line":132,"column":11}}},"fnMap":{"0":{"name":"(anonymous_0)","decl":{"start":{"line":7,"column":17},"end":{"line":7,"column":18}},"loc":{"start":{"line":7,"column":37},"end":{"line":134,"column":1}},"line":7}},"branchMap":{"0":{"loc":{"start":{"line":8,"column":22},"end":{"line":8,"column":76}},"type":"cond-expr","locations":[{"start":{"line":8,"column":42},"end":{"line":8,"column":43}},{"start":{"line":8,"column":46},"end":{"line":8,"column":76}}],"line":8},"1":{"loc":{"start":{"line":52,"column":2},"end":{"line":133,"column":3}},"type":"if","locations":[{"start":{"line":52,"column":2},"end":{"line":133,"column":3}},{"start":{"line":52,"column":2},"end":{"line":133,"column":3}}],"line":52},"2":{"loc":{"start":{"line":53,"column":4},"end":{"line":128,"column":5}},"type":"switch","locations":[{"start":{"line":54,"column":6},"end":{"line":64,"column":14}},{"start":{"line":66,"column":6},"end":{"line":71,"column":14}},{"start":{"line":73,"column":6},"end":{"line":78,"column":14}},{"start":{"line":80,"column":6},"end":{"line":85,"column":14}},{"start":{"line":87,"column":6},"end":{"line":92,"column":14}},{"start":{"line":94,"column":6},"end":{"line":99,"column":14}},{"start":{"line":101,"column":6},"end":{"line":106,"column":14}},{"start":{"line":108,"column":6},"end":{"line":113,"column":14}},{"start":{"line":115,"column":6},"end":{"line":120,"column":14}},{"start":{"line":122,"column":6},"end":{"line":127,"column":14}}],"line":53}},"s":{"0":1,"1":1,"2":1,"3":1,"4":1,"5":1,"6":1,"7":1,"8":1,"9":0,"10":0,"11":0,"12":0,"13":0,"14":0,"15":0,"16":0,"17":0,"18":0,"19":0,"20":0,"21":0,"22":0,"23":0,"24":0,"25":0,"26":0,"27":0,"28":0,"29":0,"30":1,"31":1,"32":1},"f":{"0":1},"b":{"0":[0,1],"1":[0,1],"2":[0,0,0,0,0,0,0,0,0,0]},"_coverageSchema":"43e27e138ebf9cfc5966b082cf9a028302ed4184","hash":"d62bd007a07ad327dcdff01cd0f76684c643dd3f","contentHash":"2fe40a8aa28036ae697c314ef632141cfa381bbcd37055641e9fc52f8f7b1df1"},"I:\\boris staff\\andela\\bootcamp challenge\\team_work_server\\api\\v1\\middlewares\\authValidation\\signin.js":{"path":"I:\\boris staff\\andela\\bootcamp challenge\\team_work_server\\api\\v1\\middlewares\\authValidation\\signin.js","statementMap":{"0":{"start":{"line":3,"column":14},"end":{"line":3,"column":42}},"1":{"start":{"line":5,"column":12},"end":{"line":5,"column":26}},"2":{"start":{"line":7,"column":0},"end":{"line":46,"column":2}},"3":{"start":{"line":11,"column":6},"end":{"line":11,"column":14}},"4":{"start":{"line":12,"column":15},"end":{"line":15,"column":3}},"5":{"start":{"line":16,"column":17},"end":{"line":19,"column":4}},"6":{"start":{"line":20,"column":2},"end":{"lin
[...]
{"line":20,"column":9},"end":{"line":20,"column":31}},"loc":{"start":{"line":20,"column":37},"end":{"line":20,"column":95}},"line":20}},"branchMap":{"0":{"loc":{"start":{"line":20,"column":46},"end":{"line":20,"column":92}},"type":"cond-expr","locations":[{"start":{"line":20,"column":70},"end":{"line":20,"column":73}},{"start":{"line":20,"column":76},"end":{"line":20,"column":92}}],"line":20},"1":{"loc":{"start":{"line":20,"column":46},"end":{"line":20,"column":67}},"type":"binary-expr","locations":[{"start":{"line":20,"column":46},"end":{"line":20,"column":49}},{"start":{"line":20,"column":53},"end":{"line":20,"column":67}}],"line":20}},"s":{"0":1,"1":1,"2":1,"3":1,"4":1,"5":1,"6":1,"7":1,"8":6,"9":1,"10":1,"11":1,"12":1,"13":1,"14":1,"15":1,"16":1,"17":1},"f":{"0":6},"b":{"0":[4,2],"1":[6,6]},"_coverageSchema":"43e27e138ebf9cfc5966b082cf9a028302ed4184","hash":"2fb0297ed5d9d4da741bf482118b0694bc15251c","contentHash":"b67f4c4707bbe612c50e944cee60beb8de05d81d9397d88747cfd0ed2e944254"},"I:\\boris staff\\andela\\bootcamp challenge\\team_work_server\\api\\v1\\controllers\\adminController.js":{"path":"I:\\boris staff\\andela\\bootcamp challenge\\team_work_server\\api\\v1\\controllers\\adminController.js","statementMap":{"0":{"start":{"line":3,"column":0},"end":{"line":5,"column":3}},"1":{"start":{"line":6,"column":0},"end":{"line":6,"column":25}},"2":{"start":{"line":8,"column":17},"end":{"line":8,"column":62}},"3":{"start":{"line":10,"column":19},"end":{"line":10,"column":75}},"4":{"start":{"line":12,"column":19},"end":{"line":12,"column":75}},"5":{"start":{"line":14,"column":15},"end":{"line":14,"column":67}},"6":{"start":{"line":16,"column":15},"end":{"line":16,"column":67}},"7":{"start":{"line":18,"column":39},"end":{"line":18,"column":93}},"8":{"start":{"line":20,"column":15},"end":{"line":75,"column":1}},"9":{"start":{"line":22,"column":17},"end":{"line":22,"column":19}},"10":{"start":{"line":24,"column":4},"end":{"line":39,"column":7}},"11":{"start":{"line":25,"column":22},"end":{"line":25,"column":72}},"12":{"start":{"line":25,"column":49},"end":{"line":25,"column":71}},"13":{"start":{"line":27,"column":16},"end":{"line":36,"column":7}},"14":{"start":{"line":37,"column":6},"end":{"line":38,"column":9}},"15":{"start":{"line":41,"column":4},"end":{"line":45,"column":7}},"16":{"start":{"line":50,"column":17},"end":{"line":50,"column":19}},"17":{"start":{"line":52,"column":4},"end":{"line":66,"column":7}},"18":{"start":{"line":53,"column":22},"end":{"line":53,"column":72}},"19":{"start":{"line":53,"column":49},"end":{"line":53,"column":71}},"20":{"start":{"line":55,"column":16},"end":{"line":63,"column":7}},"21":{"start":{"line":64,"column":6},"end":{"line":65,"column":9}},"22":{"start":{"line":68,"column":4},"end":{"line":72,"column":7}},"23":{"start":{"line":76,"column":0},"end":{"line":76,"column":27}}},"fnMap":{"0":{"name":"_interopRequireDefault","decl":{"start":{"line":18,"column":9},"end":{"line":18,"column":31}},"loc":{"start":{"line":18,"column":37},"end":{"line":18,"column":95}},"line":18},"1":{"name":"(anonymous_1)","decl":{"start":{"line":21,"column":2},"end":{"line":21,"column":3}},"loc":{"start":{"line":21,"column":32},"end":{"line":46,"column":3}},"line":21},"2":{"name":"(anonymous_2)","decl":{"start":{"line":24,"column":33},"end":{"line":24,"column":34}},"loc":{"start":{"line":24,"column":41},"end":{"line":39,"column":5}},"line":24},"3":{"name":"(anonymous_3)","decl":{"start":{"line":25,"column":44},"end":{"line":25,"column":45}},"loc":{"start":{"line":25,"column":49},"end":{"line":25,"column":71}},"line":25},"4":{"name":"(anonymous_4)","decl":{"start":{"line":48,"column":2},"end":{"line":48,"column":3}},"loc":{"start":{"line":48,"column":32},"end":{"line":73,"column":3}},"line":48},"5":{"name":"(anonymous_5)","decl":{"start":{"line":52,"column":33},"end":{"line":52,"column":34}},"loc":{"start":{"line":52,"column":41},"end":{"line":66,"column":5}},"line":52},"6":{"name":"(anonymous_6)","decl":{"start":{"line":53,"column":44},"end":{"line":53,"column":45}},"loc":{"start":{"line":53,"column":49},"end":{"line":53,"column":71}},"line":53}},"branchMap":{"0":{"loc":{"start":{"line":18,"column":46},"end":{"line":18,"column":92}},"type":"cond-expr","locations":[{"start":{"line":18,"column":70},"end":{"line":18,"column":73}},{"start":{"line":18,"column":76},"end":{"line":18,"column":92}}],"line":18},"1":{"loc":{"start":{"line":18,"column":46},"end":{"line":18,"column":67}},"type":"binary-expr","locations":[{"start":{"line":18,"column":46},"end":{"line":18,"column":49}},{"start":{"line":18,"column":53},"end":{"line":18,"column":67}}],"line":18}},"s":{"0":1,"1":1,"2":1,"3":1,"4":1,"5":1,"6":1,"7":5,"8":1,"9":1,"10":1,"11":2,"12":2,"13":2,"14":2,"15":1,"16":1,"17":1,"18":2,"19":2,"20":2,"21":2,"22":1,"23":1},"f":{"0":5,"1":1,"2":2,"3":2,"4":1,"5":2,"6":2},"b":{"0":[2,3],"1":[5,5]},"_coverageSchema":"43e27e138ebf9cfc5966b082cf9a028302ed4184","hash":"65154748ada67e1ce46f68c0fbcce90471fdb4bc","contentHash":"c7d3415781da27b6bbe713f912c56a3d0687655f58be43aa4a13a1290ec63cf3"},"I:\\boris staff\\andela\\bootcamp challenge\\team_work_server\\api\\v1\\controllers\\adminIgnoreController.js":{"path":"I:\\boris staff\\andela\\bootcamp challenge\\team_work_server\\api\\v1\\controllers\\adminIgnoreController.js","statementMap":{"0":{"start":{"line":3,"column":0},"end":{"line":5,"column":3}},"1":{"start":{"line":6,"column":0},"end":{"line":6,"column":25}},"2":{"start":{"line":8,"column":19},"end":{"line":8,"column":75}},"3":{"start":{"line":10,"column":19},"end":{"line":10,"column":75}},"4":{"start":{"line":12,"column":39},"end":{"line":12,"column":93}},"5":{"start":{"line":14,"column":15},"end":{"line":59,"column":1}},"6":{"start":{"line":18,"column":8},"end":{"line":18,"column":18}},"7":{"start":{"line":20,"column":20},"end":{"line":20,"column":83}},"8":{"start":{"line":20,"column":62},"end":{"line":20,"column":82}},"9":{"start":{"line":22,"column":4},"end":{"line":27,"column":5}},"10":{"start":{"line":23,"column":6},"end":{"line":26,"column":9}},"11":{"start":{"line":29,"column":4},"end":{"line":29,"column":44}},"12":{"start":{"line":31,"column":4},"end":{"line":34,"column":7}},"13":{"start":{"line":40,"column":8},"end":{"line":40,"column":18}},"14":{"start":{"line":42,"column":20},"end":{"line":42,"column":83}},"15":{"start":{"line":42,"column":62},"end":{"line":42,"column":82}},"16":{"start":{"line":44,"column":4},"end":{"line":49,"column":5}},"17":{"start":{"line":45,"column":6},"end":{"line":48,"column":9}},"18":{"start":{"line":51,"column":4},"end":{"line":51,"column":44}},"19":{"start":{"line":53,"column":4},"end":{"line":56,"column":7}},"20":{"start":{"line":60,"column":0},"end":{"line":60,"column":27}}},"fnMap":{"0":{"name":"_interopRequireDefault","decl":{"start":{"line":12,"column":9},"end":{"line":12,"column":31}},"loc":{"start":{"line":12,"column":37},"end":{"line":12,"column":95}},"line":12},"1":{"name":"(anonymous_1)","decl":{"start":{"line":15,"column":2},"end":{"line":15,"column":3}},"loc":{"start":{"line":15,"column":26},"end":{"line":35,"column":3}},"line":15},"2":{"name":"(anonymous_2)","decl":{"start":{"line":20,"column":51},"end":{"line":20,"column":52}},"loc":{"start":{"line":20,"column":62},"end":{"line":20,"column":82}},"line":20},"3":{"name":"(anonymous_3)","decl":{"start":{"line":37,"column":2},"end":{"line":37,"column":3}},"loc":{"start":{"line":37,"column":26},"end":{"line":57,"column":3}},"line":37},"4":{"name":"(anonymous_4)","decl":{"start":{"line":42,"column":51},"end":{"line":42,"column":52}},"loc":{"start":{"line":42,"column":62},"end":{"line":42,"column":82}},"line":42}},"branchMap":{"0":{"loc":{"start":{"line":12,"column":46},"end":{"line":12,"column":92}},"type":"cond-expr","locations":[{"start":{"line":12,"column":70},"end":{"line":12,"column":73}},{"start":{"line":12,"column":76},"end":{"line":12,"column":92}}],"line":12},"1":{"loc":{"start":{"line":12,"column":46},"end":{"line":12,"column":67}},"type":"binary-expr","locations":[{"start":{"line":12,"column":46},"end":{"line":12,"column":49}},{"start":{"line":12,"column":53},"end":{"line":12,"column":67}}],"line":12},"2":{"loc":{"start":{"line":22,"column":4},"end":{"line":27,"column":5}},"type":"if","locations":[{"start":{"line":22,"column":4},"end":{"line":27,"column":5}},{"start":{"line":22,"column":4},"end":{"line":27,"column":5}}],"line":22},"3":{"loc":{"start":{"line":44,"column":4},"end":{"line":49,"column":5}},"type":"if","locations":[{"start":{"line":44,"column":4},"end":{"line":49,"column":5}},{"start":{"line":44,"column":4},"end":{"line":49,"column":5}}],"line":44}},"s":{"0":1,"1":1,"2":1,"3":1,"4":2,"5":1,"6":1,"7":1,"8":2,"9":1,"10":0,"11":1,"12":1,"13":1,"14":1,"15":2,"16":1,"17":0,"18":1,"19":1,"20":1},"f":{"0":2,"1":1,"2":2,"3":1,"4":2},"b":{"0":[2,0],"1":[2,2],"2":[0,1],"3":[0,1]},"_coverageSchema":"43e27e138ebf9cfc5966b082cf9a028302ed4184","hash":"78a11c3f8c980c838f7d17ea9c62b445dcfc6e51","contentHash":"294fb3727137fab760646dd0756c8fa18b32087ec95f8a3724ff9d1a0c7daf6f"},"I:\\boris staff\\andela\\bootcamp challenge\\team_work_server\\api\\v1\\controllers\\adminDeleteController.js":{"path":"I:\\boris staff\\andela\\bootcamp challenge\\team_work_server\\api\\v1\\controllers\\adminDeleteController.js","statementMap":{"0":{"start":{"line":3,"column":0},"end":{"line":5,"column":3}},"1":{"start":{"line":6,"column":0},"end":{"line":6,"column":25}},"2":{"start":{"line":8,"column":19},"end":{"line":8,"column":75}},"3":{"start":{"line":10,"column":15},"end":{"line":10,"column":67}},"4":{"start":{"line":12,"column":16},"end":{"line":12,"column":69}},"5":{"start":{"line":14,"column":15},"end":{"line":14,"column":67}},"6":{"start":{"line":16,"column":19},"end":{"line":16,"column":75}},"7":{"start":{"line":18,"column":39},"end":{"line":18,"column":93}},"8":{"start":{"line":20,"column":15},"end":{"line":93,"column":1}},"9":{"start":{"line":24,"column":8},"end":{"line":24,"column":18}},"10":{"start":{"line":26,"column":22},"end":{"line":26,"column":85}},"11":{"start":{"line":26,"column":64},"end":{"line":26,"column":84}},"12":{"start":{"line":28,"column":4},"end":{"line":33,"column":5}},"13":{"start":{"line":29,"column":6},"end":{"line":32,"column":9}},"14":{"start":{"line":35,"column":21},"end":{"line":35,"column":67}},"15":{"start":{"line":35,"column":52},"end":{"line":35,"column":66}},"16":{"start":{"line":37,"column":22},"end":{"line":37,"column":40}},"17":{"start":{"line":39,"column":17},"end":{"line":39,"column":74}},"18":{"start":{"line":39,"column":50},"end":{"line":39,"column":73}},"19":{"start":{"line":41,"column":20},"end":{"line":41,"column":82}},"20":{"start":{"line":41,"column":58},"end":{"line":41,"column":81}},"21":{"start":{"line":43,"column":4},"end":{"line":48,"column":5}},"22":{"start":{"line":44,"column":6},"end":{"line":47,"column":9}},"23":{"start":{"line":50,"column":16},"end":{"line":50,"column":75}},"24":{"start":{"line":50,"column":48},"end":{"line":50,"column":74}},"25":{"start":{"line":52,"column":17},"end":{"line":52,"column":75}},"26":{"start":{"line":52,"column":48},"end":{"line":52,"column":74}},"27":{"start":{"line":54,"column":17},"end":{"line":54,"column":79}},"28":{"start":{"line":54,"column":52},"end":{"line":54,"column":78}},"29":{"start":{"line":56,"column":4},"end":{"line":56,"column":40}},"30":{"start":{"line":58,"column":4},"end":{"line":58,"column":112}},"31":{"start":{"line":58,"column":21},"end":{"line":58,"column":110}},"32":{"start":{"line":58,"column":79},"end":{"line":58,"column":105}},"33":{"start":{"line":59,"column":4},"end":{"line":59,"column":111}},"34":{"start":{"line":59,"column":22},"end":{"line":59,"column":109}},"35":{"start":{"line":59,"column":78},"end":{"line":59,"column":104}},"36":{"start":{"line":60,"column":4},"end":{"line":60,"column":119}},"37":{"start":{"line":60,"column":22},"end":{"line":60,"column":117}},"38":{"start":{"line":60,"column":86},"end":{"line":60,"column":112}},"39":{"start":{"line":61,"column":4},"end":{"line":64,"column":7}},"40":{"start":{"line":70,"column":8},"end":{"line":70,"column":18}},"41":{"start":{"line":72,"column":22},"end":{"line":72,"column":77}},"42":{"start":{"line":72,"column":60},"end":{"line":72,"column":76}},"43":{"start":{"line":74,"column":4},"end":{"line":79,"column":5}},"44":{"start":{"line":75,"column":6},"end":{"line":78,"column":9}},"45":{"start":{"line":81,"column":17},"end":{"line":81,"column":76}},"46":{"start":{"line":81,"column":52},"end":{"line":81,"column":75}},"47":{"start":{"line":83,"column":4},"end":{"line":83,"column":119}},"48":{"start":{"line":83,"column":22},"end":{"line":83,"column":117}},"49":{"start":{"line":83,"column":86},"end":{"line":83,"column":112}},"50":{"start":{"line":85,"column":4},"end":{"line":85,"column":42}},"51":{"start":{"line":87,"column":4},"end":{"line":90,"column":7}},"52":{"start":{"line":94,"column":0},"end":{"line":94,"column":27}}},"fnMap":{"0":{"name":"_interopRequireDefault","decl":{"start":{"line":18,"column":9},"end":{"line":18,"column":31}},"loc":{"start":{"line":18,"column":37},"end":{"line":18,"column":95}},"line":18},"1":{"name":"(anonymous_1)","decl":{"start":{"line":21,"column":2},"end":{"line":21,"column":3}},"loc":{"start":{"line":21,"column":26},"end":{"line":65,"column":3}},"line":21},"2":{"name":"(anonymous_2)","decl":{"start":{"line":26,"column":53},"end":{"line":26,"column":54}},"loc":{"start":{"line":26,"column":64},"end":{"line":26,"column":84}},"line":26},"3":{"name":"(anonymous_3)","decl":{"start":{"line":35,"column":47},"end":{"line":35,"column":48}},"loc":{"start":{"line":35,"column":52},"end":{"line":35,"column":66}},"line":35},"4":{"name":"(anonymous_4)","decl":{"start":{"line":39,"column":39},"end":{"line":39,"column":40}},"loc":{"start":{"line":39,"column":50},"end":{"line":39,"column":73}},"line":39},"5":{"name":"(anonymous_5)","decl":{"start":{"line":41,"column":47},"end":{"line":41,"column":48}},"loc":{"start":{"line":41,"column":58},"end":{"line":41,"column":81}},"line":41},"6":{"name":"(anonymous_6)","decl":{"start":{"line":50,"column":41},"end":{"line":50,"column":42}},"loc":{"start":{"line":50,"column":48},"end":{"line":50,"column":74}},"line":50},"7":{"name":"(anonymous_7)","decl":{"start":{"line":52,"column":41},"end":{"line":52,"column":42}},"loc":{"start":{"line":52,"column":48},"end":{"line":52,"column":74}},"line":52},"8":{"name":"(anonymous_8)","decl":{"start":{"line":54,"column":45},"end":{"line":54,"column":46}},"loc":{"start":{"line":54,"column":52},"end":{"line":54,"column":78}},"line":54},"9":{"name":"(anonymous_9)","decl":{"start":{"line":58,"column":16},"end":{"line":58,"column":17}},"loc":{"start":{"line":58,"column":21},"end":{"line":58,"column":110}},"line":58},"10":{"name":"(anonymous_10)","decl":{"start":{"line":58,"column":74},"end":{"line":58,"column":75}},"loc":{"start":{"line":58,"column":79},"end":{"line":58,"column":105}},"line":58},"11":{"name":"(anonymous_11)","decl":{"start":{"line":59,"column":17},"end":{"line":59,"column":18}},"loc":{"start":{"line":59,"column":22},"end":{"line":59,"column":109}},"line":59},"12":{"name":"(anonymous_12)","decl":{"start":{"line":59,"column":73},"end":{"line":59,"column":74}},"loc":{"start":{"line":59,"column":78},"end":{"line":59,"column":104}},"line":59},"13":{"name":"(anonymous_13)","decl":{"start":{"line":60,"column":17},"end":{"line":60,"column":18}},"loc":{"start":{"line":60,"column":22},"end":{"line":60,"column":117}},"line":60},"14":{"name":"(anonymous_14)","decl":{"start":{"line":60,"column":81},"end":{"line":60,"column":82}},"loc":{"start":{"line":60,"column":86},"end":{"line":60,"column":112}},"line":60},"15":{"name":"(anonymous_15)","decl":{"start":{"line":67,"column":2},"end":{"line":67,"column":3}},"loc":{"start":{"line":67,"column":26},"end":{"line":91,"column":3}},"line":67},"16":{"name":"(anonymous_16)","decl":{"start":{"line":72,"column":53},"end":{"line":72,"column":54}},"loc":{"start":{"line":72,"column":60},"end":{"line":72,"column":76}},"line":72},"17":{"name":"(anonymous_17)","decl":{"start":{"line":81,"column":45},"end":{"line":81,"column":46}},"loc":{"start":{"line":81,"column":52},"end":{"line":81,"column":75}},"line":81},"18":{"name":"(anonymous_18)","decl":{"start":{"line":83,"column":17},"end":{"line":83,"column":18}},"loc":{"start":{"line":83,"column":22},"end":{"line":83,"column":117}},"line":83},"19":{"name":"(anonymous_19)","decl":{"start":{"line":83,"column":81},"end":{"line":83,"column":82}},"loc":{"start":{"line":83,"column":86},"end":{"line":83,"column":112}},"line":83}},"branchMap":{"0":{"loc":{"start":{"line":18,"column":46},"end":{"line":18,"column":92}},"type":"cond-expr","locations":[{"start":{"line":18,"column":70},"end":{"line":18,"column":73}},{"start":{"line":18,"column":76},"end":{"line":18,"column":92}}],"line":18},"1":{"loc":{"start":{"line":18,"column":46},"end":{"line":18,"column":67}},"type":"binary-expr","locations":[{"start":{"line":18,"column":46},"end":{"line":18,"column":49}},{"start":{"line":18,"column":53},"end":{"line":18,"column":67}}],"line":18},"2":{"loc":{"start":{"line":28,"column":4},"end":{"line":33,"column":5}},"type":"if","locations":[{"start":{"line":28,"column":4},"end":{"line":33,"column":5}},{"start":{"line":28,"column":4},"end":{"line":33,"column":5}}],"line":28},"3":{"loc":{"start":{"line":43,"column":4},"end":{"line":48,"column":5}},"type":"if","locations":[{"start":{"line":43,"column":4},"end":{"line":48,"column":5}},{"start":{"line":43,"column":4},"end":{"line":48,"column":5}}],"line":43},"4":{"loc":{"start":{"line":74,"column":4},"end":{"line":79,"column":5}},"type":"if","locations":[{"start":{"line":74,"column":4},"end":{"line":79,"column":5}},{"start":{"line":74,"column":4},"end":{"line":79,"column":5}}],"line":74}},"s":{"0":1,"1":1,"2":1,"3":1,"4":1,"5":1,"6":1,"7":5,"8":1,"9":1,"10":1,"11":1,"12":1,"13":0,"14":1,"15":1,"16":1,"17":1,"18":1,"19":1,"20":1,"21":1,"22":0,"23":1,"24":5,"25":1,"26":0,"27":1,"28":1,"29":1,"30":1,"31":5,"32":5,"33":1,"34":0,"35":0,"36":1,"37":1,"38":1,"39":1,"40":1,"41":1,"42":1,"43":1,"44":0,"45":1,"46":1,"47":1,"48":1,"49":1,"50":1,"51":1,"52":1},"f":{"0":5,"1":1,"2":1,"3":1,"4":1,"5":1,"6":5,"7":0,"8":1,"9":5,"10":5,"11":0,"12":0,"13":1,"14":1,"15":1,"16":1,"17":1,"18":1,"19":1},"b":{"0":[2,3],"1":[5,5],"2":[0,1],"3":[0,1],"4":[0,1]},"_coverageSchema":"43e27e138ebf9cfc5966b082cf9a028302ed4184","hash":"5f58f7feed5ec680349d4057c7952ca8695bc28b","contentHash":"987447949cf2131471da7d2eadfb40f4323cd8a96044fafcfab05aca16e0cf9a"},"I:\\boris staff\\andela\\bootcamp challenge\\team_work_server\\api\\v1\\middlewares\\adminValidation\\admin.js":{"path":"I:\\boris staff\\andela\\bootcamp challenge\\team_work_server\\api\\v1\\middlewares\\adminValidation\\admin.js","statementMap":{"0":{"start":{"line":3,"column":0},"end":{"line":5,"column":3}},"1":{"start":{"line":6,"column":0},"end":{"line":6,"column":25}},"2":{"start":{"line":8,"column":15},"end":{"line":15,"column":1}},"3":{"start":{"line":9,"column":16},"end":{"line":9,"column":25}},"4":{"start":{"line":10,"column":2},"end":{"line":13,"column":5}},"5":{"start":{"line":10,"column":31},"end":{"line":13,"column":5}},"6":{"start":{"line":14,"column":2},"end":{"line":14,"column":9}},"7":{"start":{"line":17,"column":0},"end":{"line":17,"column":27}}},"fnMap":{"0":{"name":"(anonymous_0)","decl":{"start":{"line":8,"column":15},"end":{"line":8,"column":16}},"loc":{"start":{"line":8,"column":35},"end":{"line":15,"column":1}},"line":8}},"branchMap":{"0":{"loc":{"start":{"line":10,"column":2},"end":{"line":13,"column":5}},"type":"if","locations":[{"start":{"line":10,"column":2},"end":{"line":13,"column":5}},{"start":{"line":10,"column":2},"end":{"line":13,"column":5}}],"line":10}},"s":{"0":1,"1":1,"2":1,"3":6,"4":6,"5":0,"6":6,"7":1},"f":{"0":6},"b":{"0":[0,6]},"_coverageSchema":"43e27e138ebf9cfc5966b082cf9a028302ed4184","hash":"eb78a46a94968a810d8690241c602645b4ab9216","contentHash":"604b2c0dad9ce9387ec5e44f207f53b7871c224c0d9d4ee91415ce2cafeedce7"}}