{"C:\\Users\\user\\Desktop\\boris\\team_work_server\\app.js":{"path":"C:\\Users\\user\\Desktop\\boris\\team_work_server\\app.js","statementMap":{"0":{"start":{"line":3,"column":0},"end":{"line":5,"column":3}},"1":{"start":{"line":6,"column":0},"end":{"line":6,"column":25}},"2":{"start":{"line":8,"column":10},"end":{"line":8,"column":47}},"3":{"start":{"line":10,"column":12},"end":{"line":10,"column":51}},"4":{"start":{"line":12,"column":15},"end":{"line":12,"column":57}},"5":{"start":{"line":14,"column":14},"end":{"line":14,"column":55}},"6":{"start":{"line":16,"column":18},"end":{"line":16,"column":64}},"7":{"start":{"line":18,"column":12},"end":{"line":18,"column":51}},"8":{"start":{"line":20,"column":14},"end":{"line":20,"column":64}},"9":{"start":{"line":22,"column":39},"end":{"line":22,"column":93}},"10":{"start":{"line":24,"column":12},"end":{"line":24,"column":35}},"11":{"start":{"line":25,"column":0},"end":{"line":25,"column":42}},"12":{"start":{"line":26,"column":0},"end":{"line":26,"column":36}},"13":{"start":{"line":27,"column":0},"end":{"line":27,"column":30}},"14":{"start":{"line":28,"column":0},"end":{"line":60,"column":3}},"15":{"start":{"line":29,"column":16},"end":{"line":29,"column":57}},"16":{"start":{"line":33,"column":6},"end":{"line":33,"column":19}},"17":{"start":{"line":35,"column":18},"end":{"line":35,"column":56}},"18":{"start":{"line":37,"column":25},"end":{"line":37,"column":154}},"19":{"start":{"line":37,"column":36},"end":{"line":37,"column":154}},"20":{"start":{"line":37,"column":84},"end":{"line":37,"column":153}},"21":{"start":{"line":39,"column":18},"end":{"line":39,"column":77}},"22":{"start":{"line":41,"column":23},"end":{"line":41,"column":81}},"23":{"start":{"line":43,"column":2},"end":{"line":43,"column":29}},"24":{"start":{"line":45,"column":2},"end":{"line":57,"column":3}},"25":{"start":{"line":46,"column":20},"end":{"line":46,"column":78}},"26":{"start":{"line":48,"column":4},"end":{"line":52,"column":5}},"27":{"start":{"line":49,"column":6},"end":{"line":51,"column":9}},"28":{"start":{"line":54,"column":4},"end":{"line":54,"column":21}},"29":{"start":{"line":56,"column":4},"end":{"line":56,"column":23}},"30":{"start":{"line":59,"column":2},"end":{"line":59,"column":9}},"31":{"start":{"line":61,"column":0},"end":{"line":61,"column":33}},"32":{"start":{"line":62,"column":0},"end":{"line":62,"column":62}},"33":{"start":{"line":63,"column":15},"end":{"line":63,"column":18}},"34":{"start":{"line":64,"column":0},"end":{"line":64,"column":27}}},"fnMap":{"0":{"name":"_interopRequireDefault","decl":{"start":{"line":22,"column":9},"end":{"line":22,"column":31}},"loc":{"start":{"line":22,"column":37},"end":{"line":22,"column":95}},"line":22},"1":{"name":"(anonymous_1)","decl":{"start":{"line":28,"column":8},"end":{"line":28,"column":9}},"loc":{"start":{"line":28,"column":28},"end":{"line":60,"column":1}},"line":28},"2":{"name":"(anonymous_2)","decl":{"start":{"line":37,"column":25},"end":{"line":37,"column":26}},"loc":{"start":{"line":37,"column":36},"end":{"line":37,"column":154}},"line":37},"3":{"name":"(anonymous_3)","decl":{"start":{"line":37,"column":76},"end":{"line":37,"column":77}},"loc":{"start":{"line":37,"column":84},"end":{"line":37,"column":153}},"line":37}},"branchMap":{"0":{"loc":{"start":{"line":22,"column":46},"end":{"line":22,"column":92}},"type":"cond-expr","locations":[{"start":{"line":22,"column":70},"end":{"line":22,"column":73}},{"start":{"line":22,"column":76},"end":{"line":22,"column":92}}],"line":22},"1":{"loc":{"start":{"line":22,"column":46},"end":{"line":22,"column":67}},"type":"binary-expr","locations":[{"start":{"line":22,"column":46},"end":{"line":22,"column":49}},{"start":{"line":22,"column":53},"end":{"line":22,"column":67}}],"line":22},"2":{"loc":{"start":{"line":29,"column":16},"end":{"line":29,"column":57}},"type":"binary-expr","locations":[{"start":{"line":29,"column":16},"end":{"line":29,"column":51}},{"start":{"line":29,"column":55},"end":{"line":29,"column":57}}],"line":29},"3":{"loc":{"start":{"line":43,"column":12},"end":{"line":43,"column":28}},"type":"binary-expr","locations":[{"start":{"line":43,"column":12},"end":{"line":43,"column":22}},{"start":{"line":43,"column":26},"end":{"line":43,"column":28}}],"line":43},"4":{"loc":{"start":{"line":45,"column":2},"end":{"line":57,"column":3}},"type":"if","locations":[{"start":{"line":45,"column":2},"end":{"line":57,"column":3}},{"start":{"line":45,"column":2},"end":{"line":57,"column":3}}],"line":45},"5":{"loc":{"start":{"line":48,"column":4},"end":{"line":52,"column":5}},"type":"if","locations":[{"start":{"line":48,"column":4},"end":{"line":52,"column":5}},{"start":{"line":48,"column":4},"end":{"line":52,"column":5}}],"line":48}},"s":{"0":1,"1":1,"2":1,"3":1,"4":1,"5":1,"6":1,"7":1,"8":1,"9":7,"10":1,"11":1,"12":1,"13":1,"14":1,"15":19,"16":19,"17":19,"18":19,"19":38,"20":38,"21":19,"22":19,"23":19,"24":19,"25":19,"26":19,"27":0,"28":19,"29":0,"30":19,"31":1,"32":1,"33":1,"34":1},"f":{"0":7,"1":19,"2":38,"3":38},"b":{"0":[0,7],"1":[7,7],"2":[19,0],"3":[19,0],"4":[19,0],"5":[0,19]},"_coverageSchema":"43e27e138ebf9cfc5966b082cf9a028302ed4184","hash":"31a5713da6ae9b34b5e070916f96876549653597","contentHash":"9d141a4c7546f10846a7ebaa68979be13839370c5d413b099073433761d6b1b9"},"C:\\Users\\user\\Desktop\\boris\\team_work_server\\config\\config.js":{"path":"C:\\Users\\user\\Desktop\\boris\\team_work_server\\config\\config.js","statementMap":{"0":{"start":{"line":3,"column":0},"end":{"line":5,"column":2}}},"fnMap":{},"branchMap":{"0":{"loc":{"start":{"line":4,"column":8},"end":{"line":4,"column":32}},"type":"binary-expr","locations":[{"start":{"line":4,"column":8},"end":{"line":4,"column":24}},{"start":{"line":4,"column":28},"end":{"line":4,"column":32}}],"line":4}},"s":{"0":1},"f":{},"b":{"0":[1,1]},"_coverageSchema":"43e27e138ebf9cfc5966b082cf9a028302ed4184","hash":"e74205b7bc3e55038824757936b502020539b9d2","contentHash":"ab70110262cc3086c7063d477571bf623d39f71482ac477ac79f4b25687e72b7"},"C:\\Users\\user\\Desktop\\boris\\team_work_server\\api\\v1\\index.js":{"path":"C:\\Users\\user\\Desktop\\boris\\team_work_server\\api\\v1\\index.js","statementMap":{"0":{"start":{"line":3,"column":15},"end":{"line":3,"column":66}},"1":{"start":{"line":5,"column":15},"end":{"line":5,"column":66}},"2":{"start":{"line":7,"column":12},"end":{"line":7,"column":60}},"3":{"start":{"line":9,"column":19},"end":{"line":9,"column":74}},"4":{"start":{"line":11,"column":13},"end":{"line":11,"column":62}},"5":{"start":{"line":13,"column":11},"end":{"line":13,"column":55}},"6":{"start":{"line":15,"column":39},"end":{"line":15,"column":93}},"7":{"start":{"line":18,"column":0},"end":{"line":18,"column":56}},"8":{"start":{"line":20,"column":0},"end":{"line":20,"column":55}},"9":{"start":{"line":22,"column":0},"end":{"line":22,"column":46}},"10":{"start":{"line":24,"column":0},"end":{"line":24,"column":48}},"11":{"start":{"line":26,"column":0},"end":{"line":26,"column":50}}},"fnMap":{"0":{"name":"_interopRequireDefault","decl":{"start":{"line":15,"column":9},"end":{"line":15,"column":31}},"loc":{"start":{"line":15,"column":37},"end":{"line":15,"column":95}},"line":15}},"branchMap":{"0":{"loc":{"start":{"line":15,"column":46},"end":{"line":15,"column":92}},"type":"cond-expr","locations":[{"start":{"line":15,"column":70},"end":{"line":15,"column":73}},{"start":{"line":15,"column":76},"end":{"line":15,"column":92}}],"line":15},"1":{"loc":{"start":{"line":15,"column":46},"end":{"line":15,"column":67}},"type":"binary-expr","locations":[{"start":{"line":15,"column":46},"end":{"line":15,"column":49}},{"start":{"line":15,"column":53},"end":{"line":15,"column":67}}],"line":15}},"s":{"0":1,"1":1,"2":1,"3":1,"4":1,"5":1,"6":6,"7":1,"8":1,"9":1,"10":1,"11":1},"f":{"0":6},"b":{"0":[6,0],"1":[6,6]},"_coverageSchema":"43e27e138ebf9cfc5966b082cf9a028302ed4184","hash":"0b206c7106963cc8117f36b01ec79e86ade7bed0","contentHash":"1d7f88b78641c4b12c505a668be62ed449c22918210e907b2bf3dc6ca8f8d335"},"C:\\Users\\user\\Desktop\\boris\\team_work_server\\api\\v1\\routes\\comment.js":{"path":"C:\\Users\\user\\Desktop\\boris\\team_work_server\\api\\v1\\routes\\comment.js","statementMap":{"0":{"start":{"line":3,"column":0},"end":{"line":5,"column":3}},"1":{"start":{"line":6,"column":0},"end":{"line":6,"column":25}},"2":{"start":{"line":8,"column":15},"end":{"line":8,"column":57}},"3":{"start":{"line":10,"column":25},"end":{"line":10,"column":92}},"4":{"start":{"line":12,"column":15},"end":{"line":12,"column":72}},"5":{"start":{"line":14,"column":21},"end":{"line":14,"column":102}},"6":{"start":{"line":16,"column":39},"end":{"line":16,"column":93}},"7":{"start":{"line":18,"column":15},"end":{"line":18,"column":40}},"8":{"start":{"line":20,"column":0},"end":{"line":20,"column":113}},"9":{"start":{"line":21,"column":15},"end":{"line":21,"column":21}},"10":{"start":{"line":22,"column":0},"end":{"line":22,"column":27}}},"fnMap":{"0":{"name":"_interopRequireDefault","decl":{"start":{"line":16,"column":9},"end":{"line":16,"column":31}},"loc":{"start":{"line":16,"column":37},"end":{"line":16,"column":95}},"line":16}},"branchMap":{"0":{"loc":{"start":{"line":16,"column":46},"end":{"line":16,"column":92}},"type":"cond-expr","locations":[{"start":{"line":16,"column":70},"end":{"line":16,"column":73}},{"start":{"line":16,"column":76},"end":{"line":16,"column":92}}],"line":16},"1":{"loc":{"start":{"line":16,"column":46},"end":{"line":16,"column":67}},"type":"binary-expr","locations":[{"start":{"line":16,"column":46},"end":{"line":16,"column":49}},{"start":{"line":16,"column":53},"end":{"line":16,"column":67}}],"line":16}},"s":{"0":1,"1":1,"2":1,"3":1,"4":1,"5":1,"6":4,"7":1,"8":1,"9":1,"10":1},"f":{"0":4},"b":{"0":[3,1],"1":[4,4]},"_coverageSchema":"43e27e138ebf9cfc5966b082cf9a028302ed4184","hash":"0d22a5a9651ab32f79bc9528afdb6eb41c16e00a","contentHash":"bf91c244eb43e4d64689ae89e761caca6adb28ab682c1d51f6d237b7782a054a"},"C:\\Users\\user\\Desktop\\boris\\team_work_server\\api\\v1\\controllers\\commentController.js":{"path":"C:\\Users\\user\\Desktop\\boris\\team_work_server\\api\\v1\\controllers\\commentController.js","statementMap":{"0":{"start":{"line":3,"column":0},"end":{"line":5,"column":3}},"1":{"start":{"line":6,"column":0},"end":{"line":6,"column":25}},"2":{"start":{"line":8,"column":15},"end":{"line":8,"column":67}},"3":{"start":{"line":10,"column":15},"end":{"line":10,"column":67}},"4":{"start":{"line":12,"column":39},"end":{"line":12,"column":93}},"5":{"start":{"line":14,"column":15},"end":{"line":48,"column":3}},"6":{"start":{"line":16,"column":4},"end":{"line":45,"column":5}},"7":{"start":{"line":17,"column":20},"end":{"line":17,"column":29}},"8":{"start":{"line":19,"column":22},"end":{"line":19,"column":78}},"9":{"start":{"line":19,"column":51},"end":{"line":19,"column":77}},"10":{"start":{"line":21,"column":6},"end":{"line":24,"column":9}},"11":{"start":{"line":21,"column":20},"end":{"line":24,"column":9}},"12":{"start":{"line":25,"column":6},"end":{"line":28,"column":9}},"13":{"start":{"line":25,"column":41},"end":{"line":28,"column":9}},"14":{"start":{"line":30,"column":6},"end":{"line":31,"column":9}},"15":{"start":{"line":33,"column":6},"end":{"line":42,"column":9}},"16":{"start":{"line":44,"column":6},"end":{"line":44,"column":34}},"17":{"start":{"line":50,"column":0},"end":{"line":50,"column":27}}},"fnMap":{"0":{"name":"_interopRequireDefault","decl":{"start":{"line":12,"column":9},"end":{"line":12,"column":31}},"loc":{"start":{"line":12,"column":37},"end":{"line":12,"column":95}},"line":12},"1":{"name":"(anonymous_1)","decl":{"start":{"line":15,"column":2},"end":{"line":15,"column":3}},"loc":{"start":{"line":15,"column":25},"end":{"line":46,"column":3}},"line":15},"2":{"name":"(anonymous_2)","decl":{"start":{"line":19,"column":44},"end":{"line":19,"column":45}},"loc":{"start":{"line":19,"column":51},"end":{"line":19,"column":77}},"line":19}},"branchMap":{"0":{"loc":{"start":{"line":12,"column":46},"end":{"line":12,"column":92}},"type":"cond-expr","locations":[{"start":{"line":12,"column":70},"end":{"line":12,"column":73}},{"start":{"line":12,"column":76},"end":{"line":12,"column":92}}],"line":12},"1":{"loc":{"start":{"line":12,"column":46},"end":{"line":12,"column":67}},"type":"binary-expr","locations":[{"start":{"line":12,"column":46},"end":{"line":12,"column":49}},{"start":{"line":12,"column":53},"end":{"line":12,"column":67}}],"line":12},"2":{"loc":{"start":{"line":21,"column":6},"end":{"line":24,"column":9}},"type":"if","locations":[{"start":{"line":21,"column":6},"end":{"line":24,"column":9}},{"start":{"line":21,"column":6},"end":{"line":24,"column":9}}],"line":21},"3":{"loc":{"start":{"line":25,"column":6},"end":{"line":28,"column":9}},"type":"if","locations":[{"start":{"line":25,"column":6},"end":{"line":28,"column":9}},{"start":{"line":25,"column":6},"end":{"line":28,"column":9}}],"line":25}},"s":{"0":1,"1":1,"2":1,"3":1,"4":2,"5":1,"6":1,"7":1,"8":1,"9":1,"10":1,"11":0,"12":1,"13":0,"14":1,"15":1,"16":0,"17":1},"f":{"0":2,"1":1,"2":1},"b":{"0":[2,0],"1":[2,2],"2":[0,1],"3":[0,1]},"_coverageSchema":"43e27e138ebf9cfc5966b082cf9a028302ed4184","hash":"6b3900dfae48139033ac013135cd70ad514e3efc","contentHash":"85eee063a459ab6b1ed470c2ec0192db539b8fd9bbc8f51196635ad337cb31ba"},"C:\\Users\\user\\Desktop\\boris\\team_work_server\\api\\v1\\models\\article.js":{"path":"C:\\Users\\user\\Desktop\\boris\\team_work_server\\api\\v1\\models\\article.js","statementMap":{"0":{"start":{"line":3,"column":0},"end":{"line":5,"column":3}},"1":{"start":{"line":6,"column":0},"end":{"line":6,"column":25}},"2":{"start":{"line":7,"column":17},"end":{"line":14,"column":2}},"3":{"start":{"line":15,"column":15},"end":{"line":15,"column":23}},"4":{"start":{"line":16,"column":0},"end":{"line":16,"column":27}}},"fnMap":{},"branchMap":{},"s":{"0":1,"1":1,"2":1,"3":1,"4":1},"f":{},"b":{},"_coverageSchema":"43e27e138ebf9cfc5966b082cf9a028302ed4184","hash":"7af3260ffaefb4c8bd42b82af347ed2e76b01ba7","contentHash":"8f4eb56d7dbaf1c6cdb2d6b674d5ff8344279f1200c0d015eadb915b8e7ec054"},"C:\\Users\\user\\Desktop\\boris\\team_work_server\\api\\v1\\models\\comment.js":{"path":"C:\\Users\\user\\Desktop\\boris\\team_work_server\\api\\v1\\models\\comment.js","statementMap":{"0":{"start":{"line":3,"column":0},"end":{"line":5,"column":3}},"1":{"start":{"line":6,"column":0},"end":{"line":6,"column":25}},"2":{"start":{"line":7,"column":17},"end":{"line":7,"column":19}},"3":{"start":{"line":8,"column":15},"end":{"line":8,"column":23}},"4":{"start":{"line":9,"column":0},"end":{"line":9,"column":27}}},"fnMap":{},"branchMap":{},"s":{"0":1,"1":1,"2":1,"3":1,"4":1},"f":{},"b":{},"_coverageSchema":"43e27e138ebf9cfc5966b082cf9a028302ed4184","hash":"b4b67fbf1e39092d5008100323aa9012d300d103","contentHash":"87b5ad4859eae284622e7c0ccf2b8da24849e0d6b64e6241ed620782a4916080"},"C:\\Users\\user\\Desktop\\boris\\team_work_server\\api\\v1\\middlewares\\authJWT.js":{"path":"C:\\Users\\user\\Desktop\\boris\\team_work_server\\api\\v1\\middlewares\\authJWT.js","statementMap":{"0":{"start":{"line":3,"column":0},"end":{"line":5,"column":3}},"1":{"start":{"line":6,"column":0},"end":{"line":6,"column":25}},"2":{"start":{"line":8,"column":20},"end":{"line":8,"column":67}},"3":{"start":{"line":10,"column":15},"end":{"line":10,"column":57}},"4":{"start":{"line":12,"column":11},"end":{"line":12,"column":66}},"5":{"start":{"line":14,"column":39},"end":{"line":14,"column":93}},"6":{"start":{"line":16,"column":12},"end":{"line":16,"column":35}},"7":{"start":{"line":17,"column":0},"end":{"line":17,"column":52}},"8":{"start":{"line":19,"column":15},"end":{"line":42,"column":1}},"9":{"start":{"line":22,"column":6},"end":{"line":22,"column":17}},"10":{"start":{"line":24,"column":2},"end":{"line":41,"column":3}},"11":{"start":{"line":25,"column":4},"end":{"line":35,"column":7}},"12":{"start":{"line":26,"column":6},"end":{"line":31,"column":7}},"13":{"start":{"line":27,"column":8},"end":{"line":30,"column":11}},"14":{"start":{"line":33,"column":6},"end":{"line":33,"column":24}},"15":{"start":{"line":34,"column":6},"end":{"line":34,"column":13}},"16":{"start":{"line":37,"column":4},"end":{"line":40,"column":7}},"17":{"start":{"line":44,"column":0},"end":{"line":44,"column":27}}},"fnMap":{"0":{"name":"_interopRequireDefault","decl":{"start":{"line":14,"column":9},"end":{"line":14,"column":31}},"loc":{"start":{"line":14,"column":37},"end":{"line":14,"column":95}},"line":14},"1":{"name":"(anonymous_1)","decl":{"start":{"line":19,"column":15},"end":{"line":19,"column":16}},"loc":{"start":{"line":19,"column":35},"end":{"line":42,"column":1}},"line":19},"2":{"name":"(anonymous_2)","decl":{"start":{"line":25,"column":70},"end":{"line":25,"column":71}},"loc":{"start":{"line":25,"column":86},"end":{"line":35,"column":5}},"line":25}},"branchMap":{"0":{"loc":{"start":{"line":14,"column":46},"end":{"line":14,"column":92}},"type":"cond-expr","locations":[{"start":{"line":14,"column":70},"end":{"line":14,"column":73}},{"start":{"line":14,"column":76},"end":{"line":14,"column":92}}],"line":14},"1":{"loc":{"start":{"line":14,"column":46},"end":{"line":14,"column":67}},"type":"binary-expr","locations":[{"start":{"line":14,"column":46},"end":{"line":14,"column":49}},{"start":{"line":14,"column":53},"end":{"line":14,"column":67}}],"line":14},"2":{"loc":{"start":{"line":24,"column":2},"end":{"line":41,"column":3}},"type":"if","locations":[{"start":{"line":24,"column":2},"end":{"line":41,"column":3}},{"start":{"line":24,"column":2},"end":{"line":41,"column":3}}],"line":24},"3":{"loc":{"start":{"line":26,"column":6},"end":{"line":31,"column":7}},"type":"if","locations":[{"start":{"line":26,"column":6},"end":{"line":31,"column":7}},{"start":{"line":26,"column":6},"end":{"line":31,"column":7}}],"line":26}},"s":{"0":1,"1":1,"2":1,"3":1,"4":1,"5":3,"6":1,"7":1,"8":1,"9":17,"10":17,"11":17,"12":17,"13":0,"14":17,"15":17,"16":0,"17":1},"f":{"0":3,"1":17,"2":17},"b":{"0":[0,3],"1":[3,3],"2":[17,0],"3":[0,17]},"_coverageSchema":"43e27e138ebf9cfc5966b082cf9a028302ed4184","hash":"fd459b704aef06441502cf349da9d4d0912c5b2a","contentHash":"d21b0b84737ad85b4911290bb2c182f6f9eb4ea6398a43b63a1fe6965f805ba0"},"C:\\Users\\user\\Desktop\\boris\\team_work_server\\api\\v1\\middlewares\\commentValidation\\createComment.js":{"path":"C:\\Users\\user\\Desktop\\boris\\team_work_server\\api\\v1\\middlewares\\commentValidation\\createComment.js","statementMap":{"0":{"start":{"line":3,"column":0},"end":{"line":5,"column":3}},"1":{"start":{"line":6,"column":0},"end":{"line":6,"column":25}},"2":{"start":{"line":8,"column":15},"end":{"line":8,"column":70}},"3":{"start":{"line":10,"column":12},"end":{"line":10,"column":66}},"4":{"start":{"line":12,"column":11},"end":{"line":12,"column":49}},"5":{"start":{"line":14,"column":39},"end":{"line":14,"column":93}},"6":{"start":{"line":16,"column":15},"end":{"line":72,"column":1}},"7":{"start":{"line":17,"column":2},"end":{"line":71,"column":3}},"8":{"start":{"line":18,"column":18},"end":{"line":18,"column":27}},"9":{"start":{"line":19,"column":24},"end":{"line":19,"column":111}},"10":{"start":{"line":22,"column":8},"end":{"line":22,"column":18}},"11":{"start":{"line":25,"column":8},"end":{"line":25,"column":16}},"12":{"start":{"line":26,"column":17},"end":{"line":33,"column":5}},"13":{"start":{"line":35,"column":19},"end":{"line":42,"column":6}},"14":{"start":{"line":47,"column":8},"end":{"line":47,"column":43}},"15":{"start":{"line":49,"column":4},"end":{"line":68,"column":5}},"16":{"start":{"line":50,"column":6},"end":{"line":64,"column":7}},"17":{"start":{"line":52,"column":10},"end":{"line":55,"column":13}},"18":{"start":{"line":56,"column":10},"end":{"line":56,"column":16}},"19":{"start":{"line":59,"column":10},"end":{"line":62,"column":13}},"20":{"start":{"line":63,"column":10},"end":{"line":63,"column":16}},"21":{"start":{"line":66,"column":6},"end":{"line":66,"column":24}},"22":{"start":{"line":67,"column":6},"end":{"line":67,"column":13}},"23":{"start":{"line":70,"column":4},"end":{"line":70,"column":39}},"24":{"start":{"line":74,"column":0},"end":{"line":74,"column":27}}},"fnMap":{"0":{"name":"_interopRequireDefault","decl":{"start":{"line":14,"column":9},"end":{"line":14,"column":31}},"loc":{"start":{"line":14,"column":37},"end":{"line":14,"column":95}},"line":14},"1":{"name":"(anonymous_1)","decl":{"start":{"line":16,"column":15},"end":{"line":16,"column":16}},"loc":{"start":{"line":16,"column":35},"end":{"line":72,"column":1}},"line":16}},"branchMap":{"0":{"loc":{"start":{"line":14,"column":46},"end":{"line":14,"column":92}},"type":"cond-expr","locations":[{"start":{"line":14,"column":70},"end":{"line":14,"column":73}},{"start":{"line":14,"column":76},"end":{"line":14,"column":92}}],"line":14},"1":{"loc":{"start":{"line":14,"column":46},"end":{"line":14,"column":67}},"type":"binary-expr","locations":[{"start":{"line":14,"column":46},"end":{"line":14,"column":49}},{"start":{"line":14,"column":53},"end":{"line":14,"column":67}}],"line":14},"2":{"loc":{"start":{"line":19,"column":24},"end":{"line":19,"column":111}},"type":"cond-expr","locations":[{"start":{"line":19,"column":55},"end":{"line":19,"column":56}},{"start":{"line":19,"column":59},"end":{"line":19,"column":111}}],"line":19},"3":{"loc":{"start":{"line":49,"column":4},"end":{"line":68,"column":5}},"type":"if","locations":[{"start":{"line":49,"column":4},"end":{"line":68,"column":5}},{"start":{"line":49,"column":4},"end":{"line":68,"column":5}}],"line":49},"4":{"loc":{"start":{"line":50,"column":6},"end":{"line":64,"column":7}},"type":"switch","locations":[{"start":{"line":51,"column":8},"end":{"line":56,"column":16}},{"start":{"line":58,"column":8},"end":{"line":63,"column":16}}],"line":50}},"s":{"0":1,"1":1,"2":1,"3":1,"4":1,"5":3,"6":1,"7":1,"8":1,"9":1,"10":1,"11":1,"12":1,"13":1,"14":1,"15":1,"16":0,"17":0,"18":0,"19":0,"20":0,"21":1,"22":1,"23":0,"24":1},"f":{"0":3,"1":1},"b":{"0":[2,1],"1":[3,3],"2":[1,0],"3":[0,1],"4":[0,0]},"_coverageSchema":"43e27e138ebf9cfc5966b082cf9a028302ed4184","hash":"db1116e9d465e953265636b84fab550adc95f793","contentHash":"489490bfc1e9c81c5c906ff8cdc76d925a26c51062e8b4528cdc5c58e22e0747"},"C:\\Users\\user\\Desktop\\boris\\team_work_server\\api\\v1\\heplpers\\date.js":{"path":"C:\\Users\\user\\Desktop\\boris\\team_work_server\\api\\v1\\heplpers\\date.js","statementMap":{"0":{"start":{"line":3,"column":0},"end":{"line":5,"column":3}},"1":{"start":{"line":6,"column":0},"end":{"line":6,"column":25}},"2":{"start":{"line":7,"column":26},"end":{"line":7,"column":56}},"3":{"start":{"line":8,"column":17},"end":{"line":8,"column":61}},"4":{"start":{"line":9,"column":17},"end":{"line":9,"column":51}},"5":{"start":{"line":11,"column":0},"end":{"line":11,"column":51}},"6":{"start":{"line":11,"column":21},"end":{"line":11,"column":51}},"7":{"start":{"line":12,"column":0},"end":{"line":12,"column":51}},"8":{"start":{"line":12,"column":21},"end":{"line":12,"column":51}},"9":{"start":{"line":13,"column":0},"end":{"line":13,"column":224}},"10":{"start":{"line":13,"column":29},"end":{"line":13,"column":80}},"11":{"start":{"line":13,"column":85},"end":{"line":13,"column":224}},"12":{"start":{"line":13,"column":114},"end":{"line":13,"column":165}},"13":{"start":{"line":13,"column":170},"end":{"line":13,"column":224}},"14":{"start":{"line":13,"column":200},"end":{"line":13,"column":224}},"15":{"start":{"line":15,"column":38},"end":{"line":17,"column":1}},"16":{"start":{"line":16,"column":2},"end":{"line":16,"column":34}},"17":{"start":{"line":19,"column":14},"end":{"line":19,"column":24}},"18":{"start":{"line":20,"column":13},"end":{"line":20,"column":45}},"19":{"start":{"line":21,"column":13},"end":{"line":21,"column":171}},"20":{"start":{"line":22,"column":17},"end":{"line":22,"column":54}},"21":{"start":{"line":23,"column":15},"end":{"line":23,"column":23}},"22":{"start":{"line":24,"column":0},"end":{"line":24,"column":27}}},"fnMap":{"0":{"name":"(anonymous_0)","decl":{"start":{"line":15,"column":38},"end":{"line":15,"column":39}},"loc":{"start":{"line":15,"column":43},"end":{"line":17,"column":1}},"line":15}},"branchMap":{"0":{"loc":{"start":{"line":11,"column":0},"end":{"line":11,"column":51}},"type":"if","locations":[{"start":{"line":11,"column":0},"end":{"line":11,"column":51}},{"start":{"line":11,"column":0},"end":{"line":11,"column":51}}],"line":11},"1":{"loc":{"start":{"line":12,"column":0},"end":{"line":12,"column":51}},"type":"if","locations":[{"start":{"line":12,"column":0},"end":{"line":12,"column":51}},{"start":{"line":12,"column":0},"end":{"line":12,"column":51}}],"line":12},"2":{"loc":{"start":{"line":13,"column":0},"end":{"line":13,"column":224}},"type":"if","locations":[{"start":{"line":13,"column":0},"end":{"line":13,"column":224}},{"start":{"line":13,"column":0},"end":{"line":13,"column":224}}],"line":13},"3":{"loc":{"start":{"line":13,"column":85},"end":{"line":13,"column":224}},"type":"if","locations":[{"start":{"line":13,"column":85},"end":{"line":13,"column":224}},{"start":{"line":13,"column":85},"end":{"line":13,"column":224}}],"line":13},"4":{"loc":{"start":{"line":13,"column":170},"end":{"line":13,"column":224}},"type":"if","locations":[{"start":{"line":13,"column":170},"end":{"line":13,"column":224}},{"start":{"line":13,"column":170},"end":{"line":13,"column":224}}],"line":13},"5":{"loc":{"start":{"line":16,"column":9},"end":{"line":16,"column":33}},"type":"cond-expr","locations":[{"start":{"line":16,"column":17},"end":{"line":16,"column":23}},{"start":{"line":16,"column":26},"end":{"line":16,"column":33}}],"line":16}},"s":{"0":1,"1":1,"2":1,"3":1,"4":1,"5":1,"6":1,"7":1,"8":1,"9":1,"10":1,"11":0,"12":0,"13":0,"14":0,"15":1,"16":3,"17":1,"18":1,"19":1,"20":1,"21":1,"22":1},"f":{"0":3},"b":{"0":[1,0],"1":[1,0],"2":[1,0],"3":[0,0],"4":[0,0],"5":[3,0]},"_coverageSchema":"43e27e138ebf9cfc5966b082cf9a028302ed4184","hash":"492d01d2f852723ae79518eda3c2a92200c09b47","contentHash":"d7c041fd8dc66a0c4f2654dd1eeae25422df673cef35b7a0e8afeadac4934f49"},"C:\\Users\\user\\Desktop\\boris\\team_work_server\\api\\v1\\routes\\article.js":{"path":"C:\\Users\\user\\Desktop\\boris\\team_work_server\\api\\v1\\routes\\article.js","statementMap":{"0":{"start":{"line":3,"column":0},"end":{"line":5,"column":3}},"1":{"start":{"line":6,"column":0},"end":{"line":6,"column":25}},"2":{"start":{"line":8,"column":15},"end":{"line":8,"column":57}},"3":{"start":{"line":10,"column":25},"end":{"line":10,"column":92}},"4":{"start":{"line":12,"column":26},"end":{"line":12,"column":94}},"5":{"start":{"line":14,"column":15},"end":{"line":14,"column":72}},"6":{"start":{"line":16,"column":30},"end":{"line":16,"column":120}},"7":{"start":{"line":18,"column":30},"end":{"line":18,"column":120}},"8":{"start":{"line":20,"column":39},"end":{"line":20,"column":93}},"9":{"start":{"line":22,"column":15},"end":{"line":22,"column":40}},"10":{"start":{"line":24,"column":0},"end":{"line":24,"column":111}},"11":{"start":{"line":25,"column":0},"end":{"line":25,"column":123}},"12":{"start":{"line":26,"column":0},"end":{"line":26,"column":75}},"13":{"start":{"line":27,"column":0},"end":{"line":27,"column":89}},"14":{"start":{"line":28,"column":0},"end":{"line":28,"column":73}},"15":{"start":{"line":29,"column":0},"end":{"line":29,"column":103}},"16":{"start":{"line":30,"column":0},"end":{"line":30,"column":91}},"17":{"start":{"line":31,"column":0},"end":{"line":31,"column":114}},"18":{"start":{"line":32,"column":15},"end":{"line":32,"column":21}},"19":{"start":{"line":33,"column":0},"end":{"line":33,"column":27}}},"fnMap":{"0":{"name":"_interopRequireDefault","decl":{"start":{"line":20,"column":9},"end":{"line":20,"column":31}},"loc":{"start":{"line":20,"column":37},"end":{"line":20,"column":95}},"line":20}},"branchMap":{"0":{"loc":{"start":{"line":20,"column":46},"end":{"line":20,"column":92}},"type":"cond-expr","locations":[{"start":{"line":20,"column":70},"end":{"line":20,"column":73}},{"start":{"line":20,"column":76},"end":{"line":20,"column":92}}],"line":20},"1":{"loc":{"start":{"line":20,"column":46},"end":{"line":20,"column":67}},"type":"binary-expr","locations":[{"start":{"line":20,"column":46},"end":{"line":20,"column":49}},{"start":{"line":20,"column":53},"end":{"line":20,"column":67}}],"line":20}},"s":{"0":1,"1":1,"2":1,"3":1,"4":1,"5":1,"6":1,"7":1,"8":6,"9":1,"10":1,"11":1,"12":1,"13":1,"14":1,"15":1,"16":1,"17":1,"18":1,"19":1},"f":{"0":6},"b":{"0":[5,1],"1":[6,6]},"_coverageSchema":"43e27e138ebf9cfc5966b082cf9a028302ed4184","hash":"24f00b63428107fa97850a938e13e3c83ed19ae0","contentHash":"7987bc4aa4e0a4aa2c01b89cf88796c7a586128a5b45c1564633fd205423eef6"},"C:\\Users\\user\\Desktop\\boris\\team_work_server\\api\\v1\\controllers\\articleController.js":{"path":"C:\\Users\\user\\Desktop\\boris\\team_work_server\\api\\v1\\controllers\\articleController.js","statementMap":{"0":{"start":{"line":3,"column":0},"end":{"line":5,"column":3}},"1":{"start":{"line":6,"column":0},"end":{"line":6,"column":25}},"2":{"start":{"line":8,"column":17},"end":{"line":8,"column":62}},"3":{"start":{"line":10,"column":15},"end":{"line":10,"column":67}},"4":{"start":{"line":12,"column":16},"end":{"line":12,"column":69}},"5":{"start":{"line":14,"column":15},"end":{"line":14,"column":67}},"6":{"start":{"line":16,"column":12},"end":{"line":16,"column":61}},"7":{"start":{"line":18,"column":39},"end":{"line":18,"column":93}},"8":{"start":{"line":20,"column":15},"end":{"line":256,"column":3}},"9":{"start":{"line":27,"column":18},"end":{"line":27,"column":27}},"10":{"start":{"line":28,"column":21},"end":{"line":28,"column":33}},"11":{"start":{"line":29,"column":4},"end":{"line":34,"column":7}},"12":{"start":{"line":30,"column":6},"end":{"line":33,"column":9}},"13":{"start":{"line":36,"column":4},"end":{"line":37,"column":7}},"14":{"start":{"line":39,"column":17},"end":{"line":41,"column":5}},"15":{"start":{"line":42,"column":4},"end":{"line":46,"column":7}},"16":{"start":{"line":56,"column":4},"end":{"line":110,"column":5}},"17":{"start":{"line":59,"column":10},"end":{"line":59,"column":20}},"18":{"start":{"line":60,"column":20},"end":{"line":60,"column":32}},"19":{"start":{"line":61,"column":23},"end":{"line":61,"column":38}},"20":{"start":{"line":63,"column":19},"end":{"line":63,"column":108}},"21":{"start":{"line":63,"column":52},"end":{"line":63,"column":107}},"22":{"start":{"line":65,"column":6},"end":{"line":70,"column":7}},"23":{"start":{"line":66,"column":8},"end":{"line":69,"column":11}},"24":{"start":{"line":72,"column":6},"end":{"line":72,"column":70}},"25":{"start":{"line":73,"column":6},"end":{"line":73,"column":62}},"26":{"start":{"line":74,"column":6},"end":{"line":74,"column":78}},"27":{"start":{"line":76,"column":18},"end":{"line":78,"column":8}},"28":{"start":{"line":77,"column":8},"end":{"line":77,"column":42}},"29":{"start":{"line":80,"column":6},"end":{"line":107,"column":7}},"30":{"start":{"line":81,"column":8},"end":{"line":81,"column":116}},"31":{"start":{"line":81,"column":25},"end":{"line":81,"column":114}},"32":{"start":{"line":81,"column":83},"end":{"line":81,"column":109}},"33":{"start":{"line":82,"column":8},"end":{"line":87,"column":11}},"34":{"start":{"line":83,"column":10},"end":{"line":86,"column":13}},"35":{"start":{"line":88,"column":21},"end":{"line":90,"column":9}},"36":{"start":{"line":91,"column":8},"end":{"line":94,"column":11}},"37":{"start":{"line":96,"column":25},"end":{"line":96,"column":27}},"38":{"start":{"line":97,"column":8},"end":{"line":99,"column":11}},"39":{"start":{"line":98,"column":10},"end":{"line":98,"column":45}},"40":{"start":{"line":100,"column":21},"end":{"line":102,"column":9}},"41":{"start":{"line":103,"column":8},"end":{"line":106,"column":11}},"42":{"start":{"line":109,"column":6},"end":{"line":109,"column":34}},"43":{"start":{"line":120,"column":4},"end":{"line":128,"column":5}},"44":{"start":{"line":121,"column":6},"end":{"line":125,"column":9}},"45":{"start":{"line":127,"column":6},"end":{"line":127,"column":34}},"46":{"start":{"line":138,"column":4},"end":{"line":166,"column":5}},"47":{"start":{"line":141,"column":10},"end":{"line":141,"column":20}},"48":{"start":{"line":143,"column":22},"end":{"line":143,"column":79}},"49":{"start":{"line":143,"column":55},"end":{"line":143,"column":78}},"50":{"start":{"line":145,"column":6},"end":{"line":150,"column":7}},"51":{"start":{"line":146,"column":8},"end":{"line":149,"column":11}},"52":{"start":{"line":152,"column":18},"end":{"line":154,"column":8}},"53":{"start":{"line":153,"column":8},"end":{"line":153,"column":42}},"54":{"start":{"line":156,"column":19},"end":{"line":158,"column":7}},"55":{"start":{"line":159,"column":6},"end":{"line":163,"column":9}},"56":{"start":{"line":165,"column":6},"end":{"line":165,"column":34}},"57":{"start":{"line":176,"column":18},"end":{"line":176,"column":27}},"58":{"start":{"line":178,"column":23},"end":{"line":178,"column":77}},"59":{"start":{"line":178,"column":54},"end":{"line":178,"column":76}},"60":{"start":{"line":180,"column":4},"end":{"line":184,"column":7}},"61":{"start":{"line":196,"column":8},"end":{"line":196,"column":18}},"62":{"start":{"line":198,"column":19},"end":{"line":198,"column":64}},"63":{"start":{"line":198,"column":45},"end":{"line":198,"column":63}},"64":{"start":{"line":200,"column":4},"end":{"line":203,"column":7}},"65":{"start":{"line":200,"column":17},"end":{"line":203,"column":7}},"66":{"start":{"line":205,"column":23},"end":{"line":205,"column":76}},"67":{"start":{"line":205,"column":54},"end":{"line":205,"column":75}},"68":{"start":{"line":207,"column":4},"end":{"line":211,"column":7}},"69":{"start":{"line":223,"column":8},"end":{"line":223,"column":18}},"70":{"start":{"line":224,"column":18},"end":{"line":224,"column":27}},"71":{"start":{"line":226,"column":17},"end":{"line":226,"column":74}},"72":{"start":{"line":226,"column":50},"end":{"line":226,"column":73}},"73":{"start":{"line":228,"column":20},"end":{"line":228,"column":82}},"74":{"start":{"line":228,"column":58},"end":{"line":228,"column":81}},"75":{"start":{"line":230,"column":4},"end":{"line":235,"column":5}},"76":{"start":{"line":231,"column":6},"end":{"line":234,"column":9}},"77":{"start":{"line":237,"column":4},"end":{"line":240,"column":7}},"78":{"start":{"line":237,"column":33},"end":{"line":240,"column":7}},"79":{"start":{"line":242,"column":16},"end":{"line":242,"column":75}},"80":{"start":{"line":242,"column":48},"end":{"line":242,"column":74}},"81":{"start":{"line":244,"column":17},"end":{"line":244,"column":75}},"82":{"start":{"line":244,"column":48},"end":{"line":244,"column":74}},"83":{"start":{"line":246,"column":4},"end":{"line":246,"column":40}},"84":{"start":{"line":248,"column":4},"end":{"line":248,"column":112}},"85":{"start":{"line":248,"column":21},"end":{"line":248,"column":110}},"86":{"start":{"line":248,"column":79},"end":{"line":248,"column":105}},"87":{"start":{"line":249,"column":4},"end":{"line":249,"column":111}},"88":{"start":{"line":249,"column":22},"end":{"line":249,"column":109}},"89":{"start":{"line":249,"column":78},"end":{"line":249,"column":104}},"90":{"start":{"line":250,"column":4},"end":{"line":253,"column":7}},"91":{"start":{"line":258,"column":0},"end":{"line":258,"column":27}}},"fnMap":{"0":{"name":"_interopRequireDefault","decl":{"start":{"line":18,"column":9},"end":{"line":18,"column":31}},"loc":{"start":{"line":18,"column":37},"end":{"line":18,"column":95}},"line":18},"1":{"name":"(anonymous_1)","decl":{"start":{"line":26,"column":2},"end":{"line":26,"column":3}},"loc":{"start":{"line":26,"column":25},"end":{"line":47,"column":3}},"line":26},"2":{"name":"(anonymous_2)","decl":{"start":{"line":29,"column":21},"end":{"line":29,"column":22}},"loc":{"start":{"line":29,"column":28},"end":{"line":34,"column":5}},"line":29},"3":{"name":"(anonymous_3)","decl":{"start":{"line":55,"column":2},"end":{"line":55,"column":3}},"loc":{"start":{"line":55,"column":25},"end":{"line":111,"column":3}},"line":55},"4":{"name":"(anonymous_4)","decl":{"start":{"line":63,"column":41},"end":{"line":63,"column":42}},"loc":{"start":{"line":63,"column":52},"end":{"line":63,"column":107}},"line":63},"5":{"name":"(anonymous_5)","decl":{"start":{"line":76,"column":43},"end":{"line":76,"column":44}},"loc":{"start":{"line":76,"column":50},"end":{"line":78,"column":7}},"line":76},"6":{"name":"(anonymous_6)","decl":{"start":{"line":81,"column":20},"end":{"line":81,"column":21}},"loc":{"start":{"line":81,"column":25},"end":{"line":81,"column":114}},"line":81},"7":{"name":"(anonymous_7)","decl":{"start":{"line":81,"column":78},"end":{"line":81,"column":79}},"loc":{"start":{"line":81,"column":83},"end":{"line":81,"column":109}},"line":81},"8":{"name":"(anonymous_8)","decl":{"start":{"line":82,"column":25},"end":{"line":82,"column":26}},"loc":{"start":{"line":82,"column":32},"end":{"line":87,"column":9}},"line":82},"9":{"name":"(anonymous_9)","decl":{"start":{"line":97,"column":20},"end":{"line":97,"column":21}},"loc":{"start":{"line":97,"column":27},"end":{"line":99,"column":9}},"line":97},"10":{"name":"(anonymous_10)","decl":{"start":{"line":119,"column":2},"end":{"line":119,"column":3}},"loc":{"start":{"line":119,"column":26},"end":{"line":129,"column":3}},"line":119},"11":{"name":"(anonymous_11)","decl":{"start":{"line":137,"column":2},"end":{"line":137,"column":3}},"loc":{"start":{"line":137,"column":26},"end":{"line":167,"column":3}},"line":137},"12":{"name":"(anonymous_12)","decl":{"start":{"line":143,"column":44},"end":{"line":143,"column":45}},"loc":{"start":{"line":143,"column":55},"end":{"line":143,"column":78}},"line":143},"13":{"name":"(anonymous_13)","decl":{"start":{"line":152,"column":42},"end":{"line":152,"column":43}},"loc":{"start":{"line":152,"column":49},"end":{"line":154,"column":7}},"line":152},"14":{"name":"(anonymous_14)","decl":{"start":{"line":175,"column":2},"end":{"line":175,"column":3}},"loc":{"start":{"line":175,"column":27},"end":{"line":185,"column":3}},"line":175},"15":{"name":"(anonymous_15)","decl":{"start":{"line":178,"column":47},"end":{"line":178,"column":48}},"loc":{"start":{"line":178,"column":54},"end":{"line":178,"column":76}},"line":178},"16":{"name":"(anonymous_16)","decl":{"start":{"line":193,"column":2},"end":{"line":193,"column":3}},"loc":{"start":{"line":193,"column":33},"end":{"line":212,"column":3}},"line":193},"17":{"name":"(anonymous_17)","decl":{"start":{"line":198,"column":38},"end":{"line":198,"column":39}},"loc":{"start":{"line":198,"column":45},"end":{"line":198,"column":63}},"line":198},"18":{"name":"(anonymous_18)","decl":{"start":{"line":205,"column":47},"end":{"line":205,"column":48}},"loc":{"start":{"line":205,"column":54},"end":{"line":205,"column":75}},"line":205},"19":{"name":"(anonymous_19)","decl":{"start":{"line":220,"column":2},"end":{"line":220,"column":3}},"loc":{"start":{"line":220,"column":25},"end":{"line":254,"column":3}},"line":220},"20":{"name":"(anonymous_20)","decl":{"start":{"line":226,"column":39},"end":{"line":226,"column":40}},"loc":{"start":{"line":226,"column":50},"end":{"line":226,"column":73}},"line":226},"21":{"name":"(anonymous_21)","decl":{"start":{"line":228,"column":47},"end":{"line":228,"column":48}},"loc":{"start":{"line":228,"column":58},"end":{"line":228,"column":81}},"line":228},"22":{"name":"(anonymous_22)","decl":{"start":{"line":242,"column":41},"end":{"line":242,"column":42}},"loc":{"start":{"line":242,"column":48},"end":{"line":242,"column":74}},"line":242},"23":{"name":"(anonymous_23)","decl":{"start":{"line":244,"column":41},"end":{"line":244,"column":42}},"loc":{"start":{"line":244,"column":48},"end":{"line":244,"column":74}},"line":244},"24":{"name":"(anonymous_24)","decl":{"start":{"line":248,"column":16},"end":{"line":248,"column":17}},"loc":{"start":{"line":248,"column":21},"end":{"line":248,"column":110}},"line":248},"25":{"name":"(anonymous_25)","decl":{"start":{"line":248,"column":74},"end":{"line":248,"column":75}},"loc":{"start":{"line":248,"column":79},"end":{"line":248,"column":105}},"line":248},"26":{"name":"(anonymous_26)","decl":{"start":{"line":249,"column":17},"end":{"line":249,"column":18}},"loc":{"start":{"line":249,"column":22},"end":{"line":249,"column":109}},"line":249},"27":{"name":"(anonymous_27)","decl":{"start":{"line":249,"column":73},"end":{"line":249,"column":74}},"loc":{"start":{"line":249,"column":78},"end":{"line":249,"column":104}},"line":249}},"branchMap":{"0":{"loc":{"start":{"line":18,"column":46},"end":{"line":18,"column":92}},"type":"cond-expr","locations":[{"start":{"line":18,"column":70},"end":{"line":18,"column":73}},{"start":{"line":18,"column":76},"end":{"line":18,"column":92}}],"line":18},"1":{"loc":{"start":{"line":18,"column":46},"end":{"line":18,"column":67}},"type":"binary-expr","locations":[{"start":{"line":18,"column":46},"end":{"line":18,"column":49}},{"start":{"line":18,"column":53},"end":{"line":18,"column":67}}],"line":18},"2":{"loc":{"start":{"line":63,"column":52},"end":{"line":63,"column":107}},"type":"binary-expr","locations":[{"start":{"line":63,"column":52},"end":{"line":63,"column":80}},{"start":{"line":63,"column":84},"end":{"line":63,"column":107}}],"line":63},"3":{"loc":{"start":{"line":65,"column":6},"end":{"line":70,"column":7}},"type":"if","locations":[{"start":{"line":65,"column":6},"end":{"line":70,"column":7}},{"start":{"line":65,"column":6},"end":{"line":70,"column":7}}],"line":65},"4":{"loc":{"start":{"line":72,"column":23},"end":{"line":72,"column":69}},"type":"cond-expr","locations":[{"start":{"line":72,"column":39},"end":{"line":72,"column":52}},{"start":{"line":72,"column":55},"end":{"line":72,"column":69}}],"line":72},"5":{"loc":{"start":{"line":73,"column":21},"end":{"line":73,"column":61}},"type":"cond-expr","locations":[{"start":{"line":73,"column":35},"end":{"line":73,"column":46}},{"start":{"line":73,"column":49},"end":{"line":73,"column":61}}],"line":73},"6":{"loc":{"start":{"line":74,"column":25},"end":{"line":74,"column":77}},"type":"cond-expr","locations":[{"start":{"line":74,"column":43},"end":{"line":74,"column":58}},{"start":{"line":74,"column":61},"end":{"line":74,"column":77}}],"line":74},"7":{"loc":{"start":{"line":80,"column":6},"end":{"line":107,"column":7}},"type":"if","locations":[{"start":{"line":80,"column":6},"end":{"line":107,"column":7}},{"start":{"line":80,"column":6},"end":{"line":107,"column":7}}],"line":80},"8":{"loc":{"start":{"line":145,"column":6},"end":{"line":150,"column":7}},"type":"if","locations":[{"start":{"line":145,"column":6},"end":{"line":150,"column":7}},{"start":{"line":145,"column":6},"end":{"line":150,"column":7}}],"line":145},"9":{"loc":{"start":{"line":200,"column":4},"end":{"line":203,"column":7}},"type":"if","locations":[{"start":{"line":200,"column":4},"end":{"line":203,"column":7}},{"start":{"line":200,"column":4},"end":{"line":203,"column":7}}],"line":200},"10":{"loc":{"start":{"line":230,"column":4},"end":{"line":235,"column":5}},"type":"if","locations":[{"start":{"line":230,"column":4},"end":{"line":235,"column":5}},{"start":{"line":230,"column":4},"end":{"line":235,"column":5}}],"line":230},"11":{"loc":{"start":{"line":237,"column":4},"end":{"line":240,"column":7}},"type":"if","locations":[{"start":{"line":237,"column":4},"end":{"line":240,"column":7}},{"start":{"line":237,"column":4},"end":{"line":240,"column":7}}],"line":237}},"s":{"0":1,"1":1,"2":1,"3":1,"4":1,"5":1,"6":1,"7":5,"8":1,"9":1,"10":1,"11":1,"12":5,"13":1,"14":1,"15":1,"16":1,"17":1,"18":1,"19":1,"20":1,"21":1,"22":1,"23":0,"24":1,"25":1,"26":1,"27":1,"28":5,"29":1,"30":1,"31":0,"32":0,"33":1,"34":5,"35":1,"36":1,"37":0,"38":0,"39":0,"40":0,"41":0,"42":0,"43":1,"44":1,"45":0,"46":1,"47":1,"48":1,"49":1,"50":1,"51":0,"52":1,"53":0,"54":1,"55":1,"56":0,"57":1,"58":1,"59":2,"60":1,"61":1,"62":1,"63":1,"64":1,"65":0,"66":1,"67":2,"68":1,"69":1,"70":1,"71":1,"72":2,"73":1,"74":2,"75":1,"76":0,"77":1,"78":0,"79":1,"80":10,"81":1,"82":0,"83":1,"84":1,"85":5,"86":30,"87":1,"88":0,"89":0,"90":1,"91":1},"f":{"0":5,"1":1,"2":5,"3":1,"4":1,"5":5,"6":0,"7":0,"8":5,"9":0,"10":1,"11":1,"12":1,"13":0,"14":1,"15":2,"16":1,"17":1,"18":2,"19":1,"20":2,"21":2,"22":10,"23":0,"24":5,"25":30,"26":0,"27":0},"b":{"0":[4,1],"1":[5,5],"2":[1,1],"3":[0,1],"4":[1,0],"5":[1,0],"6":[1,0],"7":[1,0],"8":[0,1],"9":[0,1],"10":[0,1],"11":[0,1]},"_coverageSchema":"43e27e138ebf9cfc5966b082cf9a028302ed4184","hash":"607924bc76c7440f21761fae6e0a7b6ced09912f","contentHash":"10f953be2ada14ad9a89855d5c12436db54685bd30ab7e3d5ff2dcfb7b66aaa9"},"C:\\Users\\user\\Desktop\\boris\\team_work_server\\api\\v1\\models\\category.js":{"path":"C:\\Users\\user\\Desktop\\boris\\team_work_server\\api\\v1\\models\\category.js","statementMap":{"0":{"start":{"line":3,"column":0},"end":{"line":5,"column":3}},"1":{"start":{"line":6,"column":0},"end":{"line":6,"column":25}},"2":{"start":{"line":7,"column":17},"end":{"line":7,"column":19}},"3":{"start":{"line":8,"column":15},"end":{"line":8,"column":23}},"4":{"start":{"line":9,"column":0},"end":{"line":9,"column":27}}},"fnMap":{},"branchMap":{},"s":{"0":1,"1":1,"2":1,"3":1,"4":1},"f":{},"b":{},"_coverageSchema":"43e27e138ebf9cfc5966b082cf9a028302ed4184","hash":"1e99126856e663f1f45b1fbaa29ce000ec978e40","contentHash":"b347f8cad2076762ace7867b8ab1c2273588f3be3b80848da9a23c51472b503a"},"C:\\Users\\user\\Desktop\\boris\\team_work_server\\api\\v1\\models\\user.js":{"path":"C:\\Users\\user\\Desktop\\boris\\team_work_server\\api\\v1\\models\\user.js","statementMap":{"0":{"start":{"line":3,"column":0},"end":{"line":5,"column":3}},"1":{"start":{"line":6,"column":0},"end":{"line":6,"column":25}},"2":{"start":{"line":7,"column":14},"end":{"line":18,"column":2}},"3":{"start":{"line":19,"column":15},"end":{"line":19,"column":20}},"4":{"start":{"line":20,"column":0},"end":{"line":20,"column":27}}},"fnMap":{},"branchMap":{},"s":{"0":1,"1":1,"2":1,"3":1,"4":1},"f":{},"b":{},"_coverageSchema":"43e27e138ebf9cfc5966b082cf9a028302ed4184","hash":"65084d8431a15655079ea6f0885d2eaefcef3dfe","contentHash":"4bae40dd11a01bc0a22ce9956d493424b45e74afbca3ad8cddb1afb1fd3b89ee"},"C:\\Users\\user\\Desktop\\boris\\team_work_server\\api\\v1\\controllers\\categoryController.js":{"path":"C:\\Users\\user\\Desktop\\boris\\team_work_server\\api\\v1\\controllers\\categoryController.js","statementMap":{"0":{"start":{"line":3,"column":0},"end":{"line":5,"column":3}},"1":{"start":{"line":6,"column":0},"end":{"line":6,"column":25}},"2":{"start":{"line":8,"column":17},"end":{"line":8,"column":62}},"3":{"start":{"line":10,"column":15},"end":{"line":10,"column":67}},"4":{"start":{"line":12,"column":16},"end":{"line":12,"column":69}},"5":{"start":{"line":14,"column":39},"end":{"line":14,"column":93}},"6":{"start":{"line":20,"column":8},"end":{"line":20,"column":18}},"7":{"start":{"line":22,"column":14},"end":{"line":22,"column":76}},"8":{"start":{"line":22,"column":46},"end":{"line":22,"column":75}},"9":{"start":{"line":24,"column":17},"end":{"line":24,"column":19}},"10":{"start":{"line":25,"column":4},"end":{"line":30,"column":7}},"11":{"start":{"line":26,"column":20},"end":{"line":26,"column":69}},"12":{"start":{"line":26,"column":47},"end":{"line":26,"column":68}},"13":{"start":{"line":28,"column":6},"end":{"line":29,"column":9}},"14":{"start":{"line":31,"column":4},"end":{"line":35,"column":7}},"15":{"start":{"line":40,"column":15},"end":{"line":40,"column":34}},"16":{"start":{"line":42,"column":0},"end":{"line":42,"column":27}}},"fnMap":{"0":{"name":"_interopRequireDefault","decl":{"start":{"line":14,"column":9},"end":{"line":14,"column":31}},"loc":{"start":{"line":14,"column":37},"end":{"line":14,"column":95}},"line":14},"1":{"name":"(anonymous_1)","decl":{"start":{"line":17,"column":2},"end":{"line":17,"column":3}},"loc":{"start":{"line":17,"column":36},"end":{"line":36,"column":3}},"line":17},"2":{"name":"(anonymous_2)","decl":{"start":{"line":22,"column":39},"end":{"line":22,"column":40}},"loc":{"start":{"line":22,"column":46},"end":{"line":22,"column":75}},"line":22},"3":{"name":"(anonymous_3)","decl":{"start":{"line":25,"column":14},"end":{"line":25,"column":15}},"loc":{"start":{"line":25,"column":21},"end":{"line":30,"column":5}},"line":25},"4":{"name":"(anonymous_4)","decl":{"start":{"line":26,"column":42},"end":{"line":26,"column":43}},"loc":{"start":{"line":26,"column":47},"end":{"line":26,"column":68}},"line":26}},"branchMap":{"0":{"loc":{"start":{"line":14,"column":46},"end":{"line":14,"column":92}},"type":"cond-expr","locations":[{"start":{"line":14,"column":70},"end":{"line":14,"column":73}},{"start":{"line":14,"column":76},"end":{"line":14,"column":92}}],"line":14},"1":{"loc":{"start":{"line":14,"column":46},"end":{"line":14,"column":67}},"type":"binary-expr","locations":[{"start":{"line":14,"column":46},"end":{"line":14,"column":49}},{"start":{"line":14,"column":53},"end":{"line":14,"column":67}}],"line":14}},"s":{"0":1,"1":1,"2":1,"3":1,"4":1,"5":3,"6":1,"7":1,"8":10,"9":1,"10":1,"11":2,"12":3,"13":2,"14":1,"15":1,"16":1},"f":{"0":3,"1":1,"2":10,"3":2,"4":3},"b":{"0":[2,1],"1":[3,3]},"_coverageSchema":"43e27e138ebf9cfc5966b082cf9a028302ed4184","hash":"2ea34c569b858f365f003a2d700fe2426e345725","contentHash":"8bbd1f355225063411bb6391f6837cb54abd981d84a4fcbfa0ed67a407167258"},"C:\\Users\\user\\Desktop\\boris\\team_work_server\\api\\v1\\middlewares\\articleValidation\\createArticleValidator.js":{"path":"C:\\Users\\user\\Desktop\\boris\\team_work_server\\api\\v1\\middlewares\\articleValidation\\createArticleValidator.js","statementMap":{"0":{"start":{"line":3,"column":0},"end":{"line":5,"column":3}},"1":{"start":{"line":6,"column":0},"end":{"line":6,"column":25}},"2":{"start":{"line":8,"column":15},"end":{"line":8,"column":70}},"3":{"start":{"line":10,"column":12},"end":{"line":10,"column":66}},"4":{"start":{"line":12,"column":11},"end":{"line":12,"column":49}},"5":{"start":{"line":14,"column":39},"end":{"line":14,"column":93}},"6":{"start":{"line":16,"column":15},"end":{"line":105,"column":1}},"7":{"start":{"line":17,"column":2},"end":{"line":104,"column":3}},"8":{"start":{"line":18,"column":18},"end":{"line":18,"column":27}},"9":{"start":{"line":19,"column":24},"end":{"line":19,"column":111}},"10":{"start":{"line":24,"column":8},"end":{"line":24,"column":16}},"11":{"start":{"line":25,"column":4},"end":{"line":28,"column":6}},"12":{"start":{"line":25,"column":19},"end":{"line":28,"column":6}},"13":{"start":{"line":29,"column":4},"end":{"line":32,"column":6}},"14":{"start":{"line":29,"column":34},"end":{"line":32,"column":6}},"15":{"start":{"line":33,"column":24},"end":{"line":33,"column":26}},"16":{"start":{"line":36,"column":6},"end":{"line":44,"column":9}},"17":{"start":{"line":37,"column":8},"end":{"line":40,"column":10}},"18":{"start":{"line":37,"column":35},"end":{"line":40,"column":10}},"19":{"start":{"line":41,"column":19},"end":{"line":41,"column":70}},"20":{"start":{"line":42,"column":8},"end":{"line":42,"column":29}},"21":{"start":{"line":43,"column":8},"end":{"line":43,"column":59}},"22":{"start":{"line":47,"column":4},"end":{"line":50,"column":6}},"23":{"start":{"line":47,"column":26},"end":{"line":50,"column":6}},"24":{"start":{"line":51,"column":17},"end":{"line":58,"column":5}},"25":{"start":{"line":60,"column":19},"end":{"line":67,"column":6}},"26":{"start":{"line":72,"column":8},"end":{"line":72,"column":43}},"27":{"start":{"line":74,"column":4},"end":{"line":101,"column":5}},"28":{"start":{"line":75,"column":6},"end":{"line":96,"column":7}},"29":{"start":{"line":77,"column":10},"end":{"line":80,"column":13}},"30":{"start":{"line":81,"column":10},"end":{"line":81,"column":16}},"31":{"start":{"line":84,"column":10},"end":{"line":87,"column":13}},"32":{"start":{"line":88,"column":10},"end":{"line":88,"column":16}},"33":{"start":{"line":91,"column":10},"end":{"line":94,"column":13}},"34":{"start":{"line":95,"column":10},"end":{"line":95,"column":16}},"35":{"start":{"line":98,"column":6},"end":{"line":98,"column":24}},"36":{"start":{"line":99,"column":6},"end":{"line":99,"column":33}},"37":{"start":{"line":100,"column":6},"end":{"line":100,"column":13}},"38":{"start":{"line":103,"column":4},"end":{"line":103,"column":39}},"39":{"start":{"line":107,"column":0},"end":{"line":107,"column":27}}},"fnMap":{"0":{"name":"_interopRequireDefault","decl":{"start":{"line":14,"column":9},"end":{"line":14,"column":31}},"loc":{"start":{"line":14,"column":37},"end":{"line":14,"column":95}},"line":14},"1":{"name":"(anonymous_1)","decl":{"start":{"line":16,"column":15},"end":{"line":16,"column":16}},"loc":{"start":{"line":16,"column":35},"end":{"line":105,"column":1}},"line":16},"2":{"name":"check","decl":{"start":{"line":35,"column":13},"end":{"line":35,"column":18}},"loc":{"start":{"line":35,"column":22},"end":{"line":45,"column":5}},"line":35},"3":{"name":"(anonymous_3)","decl":{"start":{"line":36,"column":21},"end":{"line":36,"column":22}},"loc":{"start":{"line":36,"column":34},"end":{"line":44,"column":7}},"line":36}},"branchMap":{"0":{"loc":{"start":{"line":14,"column":46},"end":{"line":14,"column":92}},"type":"cond-expr","locations":[{"start":{"line":14,"column":70},"end":{"line":14,"column":73}},{"start":{"line":14,"column":76},"end":{"line":14,"column":92}}],"line":14},"1":{"loc":{"start":{"line":14,"column":46},"end":{"line":14,"column":67}},"type":"binary-expr","locations":[{"start":{"line":14,"column":46},"end":{"line":14,"column":49}},{"start":{"line":14,"column":53},"end":{"line":14,"column":67}}],"line":14},"2":{"loc":{"start":{"line":19,"column":24},"end":{"line":19,"column":111}},"type":"cond-expr","locations":[{"start":{"line":19,"column":55},"end":{"line":19,"column":56}},{"start":{"line":19,"column":59},"end":{"line":19,"column":111}}],"line":19},"3":{"loc":{"start":{"line":25,"column":4},"end":{"line":28,"column":6}},"type":"if","locations":[{"start":{"line":25,"column":4},"end":{"line":28,"column":6}},{"start":{"line":25,"column":4},"end":{"line":28,"column":6}}],"line":25},"4":{"loc":{"start":{"line":29,"column":4},"end":{"line":32,"column":6}},"type":"if","locations":[{"start":{"line":29,"column":4},"end":{"line":32,"column":6}},{"start":{"line":29,"column":4},"end":{"line":32,"column":6}}],"line":29},"5":{"loc":{"start":{"line":37,"column":8},"end":{"line":40,"column":10}},"type":"if","locations":[{"start":{"line":37,"column":8},"end":{"line":40,"column":10}},{"start":{"line":37,"column":8},"end":{"line":40,"column":10}}],"line":37},"6":{"loc":{"start":{"line":43,"column":15},"end":{"line":43,"column":58}},"type":"cond-expr","locations":[{"start":{"line":43,"column":46},"end":{"line":43,"column":50}},{"start":{"line":43,"column":53},"end":{"line":43,"column":58}}],"line":43},"7":{"loc":{"start":{"line":47,"column":4},"end":{"line":50,"column":6}},"type":"if","locations":[{"start":{"line":47,"column":4},"end":{"line":50,"column":6}},{"start":{"line":47,"column":4},"end":{"line":50,"column":6}}],"line":47},"8":{"loc":{"start":{"line":74,"column":4},"end":{"line":101,"column":5}},"type":"if","locations":[{"start":{"line":74,"column":4},"end":{"line":101,"column":5}},{"start":{"line":74,"column":4},"end":{"line":101,"column":5}}],"line":74},"9":{"loc":{"start":{"line":75,"column":6},"end":{"line":96,"column":7}},"type":"switch","locations":[{"start":{"line":76,"column":8},"end":{"line":81,"column":16}},{"start":{"line":83,"column":8},"end":{"line":88,"column":16}},{"start":{"line":90,"column":8},"end":{"line":95,"column":16}}],"line":75}},"s":{"0":1,"1":1,"2":1,"3":1,"4":1,"5":3,"6":1,"7":1,"8":1,"9":1,"10":1,"11":1,"12":0,"13":1,"14":0,"15":1,"16":1,"17":5,"18":0,"19":5,"20":5,"21":5,"22":1,"23":0,"24":1,"25":1,"26":1,"27":1,"28":0,"29":0,"30":0,"31":0,"32":0,"33":0,"34":0,"35":1,"36":1,"37":1,"38":0,"39":1},"f":{"0":3,"1":1,"2":1,"3":5},"b":{"0":[2,1],"1":[3,3],"2":[0,1],"3":[0,1],"4":[0,1],"5":[0,5],"6":[5,0],"7":[0,1],"8":[0,1],"9":[0,0,0]},"_coverageSchema":"43e27e138ebf9cfc5966b082cf9a028302ed4184","hash":"4b77b319bb8aa1e94c0718b9c7b1939f77caf10c","contentHash":"a3789d343a8199215d8043f8c3d9af8cb52776d56e5580202e13e9a81dcbd875"},"C:\\Users\\user\\Desktop\\boris\\team_work_server\\api\\v1\\middlewares\\articleValidation\\updateArticleValidator.js":{"path":"C:\\Users\\user\\Desktop\\boris\\team_work_server\\api\\v1\\middlewares\\articleValidation\\updateArticleValidator.js","statementMap":{"0":{"start":{"line":3,"column":0},"end":{"line":5,"column":3}},"1":{"start":{"line":6,"column":0},"end":{"line":6,"column":25}},"2":{"start":{"line":8,"column":12},"end":{"line":8,"column":66}},"3":{"start":{"line":10,"column":11},"end":{"line":10,"column":49}},"4":{"start":{"line":12,"column":39},"end":{"line":12,"column":93}},"5":{"start":{"line":14,"column":15},"end":{"line":97,"column":1}},"6":{"start":{"line":15,"column":2},"end":{"line":96,"column":3}},"7":{"start":{"line":16,"column":18},"end":{"line":16,"column":27}},"8":{"start":{"line":21,"column":8},"end":{"line":21,"column":16}},"9":{"start":{"line":22,"column":4},"end":{"line":25,"column":6}},"10":{"start":{"line":22,"column":46},"end":{"line":25,"column":6}},"11":{"start":{"line":26,"column":24},"end":{"line":26,"column":26}},"12":{"start":{"line":28,"column":4},"end":{"line":45,"column":5}},"13":{"start":{"line":30,"column":8},"end":{"line":38,"column":11}},"14":{"start":{"line":31,"column":10},"end":{"line":34,"column":12}},"15":{"start":{"line":31,"column":37},"end":{"line":34,"column":12}},"16":{"start":{"line":35,"column":21},"end":{"line":35,"column":72}},"17":{"start":{"line":36,"column":10},"end":{"line":36,"column":31}},"18":{"start":{"line":37,"column":10},"end":{"line":37,"column":61}},"19":{"start":{"line":41,"column":6},"end":{"line":44,"column":8}},"20":{"start":{"line":41,"column":28},"end":{"line":44,"column":8}},"21":{"start":{"line":47,"column":17},"end":{"line":52,"column":5}},"22":{"start":{"line":54,"column":19},"end":{"line":59,"column":6}},"23":{"start":{"line":64,"column":8},"end":{"line":64,"column":43}},"24":{"start":{"line":66,"column":4},"end":{"line":93,"column":5}},"25":{"start":{"line":67,"column":6},"end":{"line":88,"column":7}},"26":{"start":{"line":69,"column":10},"end":{"line":72,"column":13}},"27":{"start":{"line":73,"column":10},"end":{"line":73,"column":16}},"28":{"start":{"line":76,"column":10},"end":{"line":79,"column":13}},"29":{"start":{"line":80,"column":10},"end":{"line":80,"column":16}},"30":{"start":{"line":83,"column":10},"end":{"line":86,"column":13}},"31":{"start":{"line":87,"column":10},"end":{"line":87,"column":16}},"32":{"start":{"line":90,"column":6},"end":{"line":90,"column":27}},"33":{"start":{"line":91,"column":6},"end":{"line":91,"column":75}},"34":{"start":{"line":92,"column":6},"end":{"line":92,"column":13}},"35":{"start":{"line":95,"column":4},"end":{"line":95,"column":39}},"36":{"start":{"line":99,"column":0},"end":{"line":99,"column":27}}},"fnMap":{"0":{"name":"_interopRequireDefault","decl":{"start":{"line":12,"column":9},"end":{"line":12,"column":31}},"loc":{"start":{"line":12,"column":37},"end":{"line":12,"column":95}},"line":12},"1":{"name":"(anonymous_1)","decl":{"start":{"line":14,"column":15},"end":{"line":14,"column":16}},"loc":{"start":{"line":14,"column":35},"end":{"line":97,"column":1}},"line":14},"2":{"name":"check","decl":{"start":{"line":29,"column":15},"end":{"line":29,"column":20}},"loc":{"start":{"line":29,"column":24},"end":{"line":39,"column":7}},"line":29},"3":{"name":"(anonymous_3)","decl":{"start":{"line":30,"column":23},"end":{"line":30,"column":24}},"loc":{"start":{"line":30,"column":36},"end":{"line":38,"column":9}},"line":30}},"branchMap":{"0":{"loc":{"start":{"line":12,"column":46},"end":{"line":12,"column":92}},"type":"cond-expr","locations":[{"start":{"line":12,"column":70},"end":{"line":12,"column":73}},{"start":{"line":12,"column":76},"end":{"line":12,"column":92}}],"line":12},"1":{"loc":{"start":{"line":12,"column":46},"end":{"line":12,"column":67}},"type":"binary-expr","locations":[{"start":{"line":12,"column":46},"end":{"line":12,"column":49}},{"start":{"line":12,"column":53},"end":{"line":12,"column":67}}],"line":12},"2":{"loc":{"start":{"line":22,"column":4},"end":{"line":25,"column":6}},"type":"if","locations":[{"start":{"line":22,"column":4},"end":{"line":25,"column":6}},{"start":{"line":22,"column":4},"end":{"line":25,"column":6}}],"line":22},"3":{"loc":{"start":{"line":22,"column":8},"end":{"line":22,"column":44}},"type":"binary-expr","locations":[{"start":{"line":22,"column":8},"end":{"line":22,"column":16}},{"start":{"line":22,"column":20},"end":{"line":22,"column":44}}],"line":22},"4":{"loc":{"start":{"line":28,"column":4},"end":{"line":45,"column":5}},"type":"if","locations":[{"start":{"line":28,"column":4},"end":{"line":45,"column":5}},{"start":{"line":28,"column":4},"end":{"line":45,"column":5}}],"line":28},"5":{"loc":{"start":{"line":31,"column":10},"end":{"line":34,"column":12}},"type":"if","locations":[{"start":{"line":31,"column":10},"end":{"line":34,"column":12}},{"start":{"line":31,"column":10},"end":{"line":34,"column":12}}],"line":31},"6":{"loc":{"start":{"line":37,"column":17},"end":{"line":37,"column":60}},"type":"cond-expr","locations":[{"start":{"line":37,"column":48},"end":{"line":37,"column":52}},{"start":{"line":37,"column":55},"end":{"line":37,"column":60}}],"line":37},"7":{"loc":{"start":{"line":41,"column":6},"end":{"line":44,"column":8}},"type":"if","locations":[{"start":{"line":41,"column":6},"end":{"line":44,"column":8}},{"start":{"line":41,"column":6},"end":{"line":44,"column":8}}],"line":41},"8":{"loc":{"start":{"line":66,"column":4},"end":{"line":93,"column":5}},"type":"if","locations":[{"start":{"line":66,"column":4},"end":{"line":93,"column":5}},{"start":{"line":66,"column":4},"end":{"line":93,"column":5}}],"line":66},"9":{"loc":{"start":{"line":67,"column":6},"end":{"line":88,"column":7}},"type":"switch","locations":[{"start":{"line":68,"column":8},"end":{"line":73,"column":16}},{"start":{"line":75,"column":8},"end":{"line":80,"column":16}},{"start":{"line":82,"column":8},"end":{"line":87,"column":16}}],"line":67},"10":{"loc":{"start":{"line":91,"column":24},"end":{"line":91,"column":74}},"type":"cond-expr","locations":[{"start":{"line":91,"column":51},"end":{"line":91,"column":60}},{"start":{"line":91,"column":63},"end":{"line":91,"column":74}}],"line":91}},"s":{"0":1,"1":1,"2":1,"3":1,"4":2,"5":1,"6":1,"7":1,"8":1,"9":1,"10":0,"11":1,"12":1,"13":1,"14":5,"15":0,"16":5,"17":5,"18":5,"19":1,"20":0,"21":1,"22":1,"23":1,"24":1,"25":0,"26":0,"27":0,"28":0,"29":0,"30":0,"31":0,"32":1,"33":1,"34":1,"35":0,"36":1},"f":{"0":2,"1":1,"2":1,"3":5},"b":{"0":[1,1],"1":[2,2],"2":[0,1],"3":[1,1],"4":[1,0],"5":[0,5],"6":[5,0],"7":[0,1],"8":[0,1],"9":[0,0,0],"10":[0,1]},"_coverageSchema":"43e27e138ebf9cfc5966b082cf9a028302ed4184","hash":"299deb2f40412a932df0d84b562ba3c20e0751d4","contentHash":"c98afca4d2307f01ee671f48aaa37490637fd856ecad58e4c90d6b712c758a6a"},"C:\\Users\\user\\Desktop\\boris\\team_work_server\\api\\v1\\routes\\auth.js":{"path":"C:\\Users\\user\\Desktop\\boris\\team_work_server\\api\\v1\\routes\\auth.js","statementMap":{"0":{"start":{"line":3,"column":0},"end":{"line":5,"column":3}},"1":{"start":{"line":6,"column":0},"end":{"line":6,"column":25}},"2":{"start":{"line":8,"column":15},"end":{"line":8,"column":57}},"3":{"start":{"line":10,"column":32},"end":{"line":10,"column":106}},"4":{"start":{"line":12,"column":14},"end":{"line":12,"column":85}},"5":{"start":{"line":14,"column":14},"end":{"line":14,"column":85}},"6":{"start":{"line":16,"column":39},"end":{"line":16,"column":93}},"7":{"start":{"line":18,"column":15},"end":{"line":18,"column":40}},"8":{"start":{"line":20,"column":0},"end":{"line":20,"column":84}},"9":{"start":{"line":21,"column":0},"end":{"line":21,"column":81}},"10":{"start":{"line":22,"column":15},"end":{"line":22,"column":21}},"11":{"start":{"line":23,"column":0},"end":{"line":23,"column":27}}},"fnMap":{"0":{"name":"_interopRequireDefault","decl":{"start":{"line":16,"column":9},"end":{"line":16,"column":31}},"loc":{"start":{"line":16,"column":37},"end":{"line":16,"column":95}},"line":16}},"branchMap":{"0":{"loc":{"start":{"line":16,"column":46},"end":{"line":16,"column":92}},"type":"cond-expr","locations":[{"start":{"line":16,"column":70},"end":{"line":16,"column":73}},{"start":{"line":16,"column":76},"end":{"line":16,"column":92}}],"line":16},"1":{"loc":{"start":{"line":16,"column":46},"end":{"line":16,"column":67}},"type":"binary-expr","locations":[{"start":{"line":16,"column":46},"end":{"line":16,"column":49}},{"start":{"line":16,"column":53},"end":{"line":16,"column":67}}],"line":16}},"s":{"0":1,"1":1,"2":1,"3":1,"4":1,"5":1,"6":4,"7":1,"8":1,"9":1,"10":1,"11":1},"f":{"0":4},"b":{"0":[3,1],"1":[4,4]},"_coverageSchema":"43e27e138ebf9cfc5966b082cf9a028302ed4184","hash":"b7a371c5dd910308ec25f5a1b3d56fd64a03fdf9","contentHash":"0bb9f4e3e903e4dd20e04c57cd3719c4dc9aaa9f370ce88b9d3eb0754731fe02"},"C:\\Users\\user\\Desktop\\boris\\team_work_server\\api\\v1\\controllers\\authanticationController.js":{"path":"C:\\Users\\user\\Desktop\\boris\\team_work_server\\api\\v1\\controllers\\authanticationController.js","statementMap":{"0":{"start":{"line":3,"column":0},"end":{"line":5,"column":3}},"1":{"start":{"line":6,"column":0},"end":{"line":6,"column":25}},"2":{"start":{"line":8,"column":15},"end":{"line":8,"column":57}},"3":{"start":{"line":10,"column":20},"end":{"line":10,"column":67}},"4":{"start":{"line":12,"column":12},"end":{"line":12,"column":61}},"5":{"start":{"line":14,"column":12},"end":{"line":14,"column":63}},"6":{"start":{"line":16,"column":19},"end":{"line":16,"column":77}},"7":{"start":{"line":18,"column":11},"end":{"line":18,"column":66}},"8":{"start":{"line":20,"column":39},"end":{"line":20,"column":93}},"9":{"start":{"line":22,"column":12},"end":{"line":22,"column":35}},"10":{"start":{"line":23,"column":0},"end":{"line":23,"column":52}},"11":{"start":{"line":25,"column":15},"end":{"line":103,"column":3}},"12":{"start":{"line":32,"column":4},"end":{"line":56,"column":5}},"13":{"start":{"line":33,"column":20},"end":{"line":33,"column":35}},"14":{"start":{"line":35,"column":19},"end":{"line":35,"column":73}},"15":{"start":{"line":35,"column":46},"end":{"line":35,"column":72}},"16":{"start":{"line":37,"column":6},"end":{"line":39,"column":9}},"17":{"start":{"line":37,"column":16},"end":{"line":39,"column":9}},"18":{"start":{"line":40,"column":6},"end":{"line":40,"column":64}},"19":{"start":{"line":42,"column":6},"end":{"line":43,"column":9}},"20":{"start":{"line":45,"column":20},"end":{"line":45,"column":83}},"21":{"start":{"line":47,"column":6},"end":{"line":51,"column":9}},"22":{"start":{"line":53,"column":6},"end":{"line":55,"column":9}},"23":{"start":{"line":66,"column":4},"end":{"line":100,"column":5}},"24":{"start":{"line":67,"column":20},"end":{"line":67,"column":29}},"25":{"start":{"line":69,"column":19},"end":{"line":69,"column":73}},"26":{"start":{"line":69,"column":46},"end":{"line":69,"column":72}},"27":{"start":{"line":71,"column":6},"end":{"line":75,"column":7}},"28":{"start":{"line":72,"column":8},"end":{"line":74,"column":11}},"29":{"start":{"line":77,"column":21},"end":{"line":80,"column":8}},"30":{"start":{"line":82,"column":6},"end":{"line":94,"column":7}},"31":{"start":{"line":83,"column":22},"end":{"line":83,"column":84}},"32":{"start":{"line":85,"column":8},"end":{"line":88,"column":11}},"33":{"start":{"line":90,"column":8},"end":{"line":93,"column":11}},"34":{"start":{"line":96,"column":6},"end":{"line":99,"column":9}},"35":{"start":{"line":105,"column":0},"end":{"line":105,"column":27}}},"fnMap":{"0":{"name":"_interopRequireDefault","decl":{"start":{"line":20,"column":9},"end":{"line":20,"column":31}},"loc":{"start":{"line":20,"column":37},"end":{"line":20,"column":95}},"line":20},"1":{"name":"(anonymous_1)","decl":{"start":{"line":31,"column":2},"end":{"line":31,"column":3}},"loc":{"start":{"line":31,"column":27},"end":{"line":57,"column":3}},"line":31},"2":{"name":"(anonymous_2)","decl":{"start":{"line":35,"column":38},"end":{"line":35,"column":39}},"loc":{"start":{"line":35,"column":46},"end":{"line":35,"column":72}},"line":35},"3":{"name":"(anonymous_3)","decl":{"start":{"line":65,"column":2},"end":{"line":65,"column":3}},"loc":{"start":{"line":65,"column":24},"end":{"line":101,"column":3}},"line":65},"4":{"name":"(anonymous_4)","decl":{"start":{"line":69,"column":38},"end":{"line":69,"column":39}},"loc":{"start":{"line":69,"column":46},"end":{"line":69,"column":72}},"line":69}},"branchMap":{"0":{"loc":{"start":{"line":20,"column":46},"end":{"line":20,"column":92}},"type":"cond-expr","locations":[{"start":{"line":20,"column":70},"end":{"line":20,"column":73}},{"start":{"line":20,"column":76},"end":{"line":20,"column":92}}],"line":20},"1":{"loc":{"start":{"line":20,"column":46},"end":{"line":20,"column":67}},"type":"binary-expr","locations":[{"start":{"line":20,"column":46},"end":{"line":20,"column":49}},{"start":{"line":20,"column":53},"end":{"line":20,"column":67}}],"line":20},"2":{"loc":{"start":{"line":37,"column":6},"end":{"line":39,"column":9}},"type":"if","locations":[{"start":{"line":37,"column":6},"end":{"line":39,"column":9}},{"start":{"line":37,"column":6},"end":{"line":39,"column":9}}],"line":37},"3":{"loc":{"start":{"line":71,"column":6},"end":{"line":75,"column":7}},"type":"if","locations":[{"start":{"line":71,"column":6},"end":{"line":75,"column":7}},{"start":{"line":71,"column":6},"end":{"line":75,"column":7}}],"line":71},"4":{"loc":{"start":{"line":82,"column":6},"end":{"line":94,"column":7}},"type":"if","locations":[{"start":{"line":82,"column":6},"end":{"line":94,"column":7}},{"start":{"line":82,"column":6},"end":{"line":94,"column":7}}],"line":82}},"s":{"0":1,"1":1,"2":1,"3":1,"4":1,"5":1,"6":1,"7":1,"8":6,"9":1,"10":1,"11":1,"12":1,"13":1,"14":1,"15":1,"16":1,"17":0,"18":1,"19":1,"20":1,"21":1,"22":0,"23":1,"24":1,"25":1,"26":1,"27":1,"28":0,"29":1,"30":1,"31":1,"32":1,"33":0,"34":0,"35":1},"f":{"0":6,"1":1,"2":1,"3":1,"4":1},"b":{"0":[3,3],"1":[6,6],"2":[0,1],"3":[0,1],"4":[1,0]},"_coverageSchema":"43e27e138ebf9cfc5966b082cf9a028302ed4184","hash":"e052ca527d32d88801c12389dab9384d9ae8eac0","contentHash":"8b16292aa5e686ebf956f40acb4031a670b79fee678389e48218986ab84d56bd"},"C:\\Users\\user\\Desktop\\boris\\team_work_server\\api\\v1\\heplpers\\hash.js":{"path":"C:\\Users\\user\\Desktop\\boris\\team_work_server\\api\\v1\\heplpers\\hash.js","statementMap":{"0":{"start":{"line":3,"column":0},"end":{"line":5,"column":3}},"1":{"start":{"line":6,"column":0},"end":{"line":6,"column":25}},"2":{"start":{"line":8,"column":16},"end":{"line":8,"column":59}},"3":{"start":{"line":10,"column":39},"end":{"line":10,"column":93}},"4":{"start":{"line":12,"column":19},"end":{"line":12,"column":20}},"5":{"start":{"line":14,"column":21},"end":{"line":22,"column":1}},"6":{"start":{"line":15,"column":25},"end":{"line":20,"column":4}},"7":{"start":{"line":16,"column":4},"end":{"line":19,"column":7}},"8":{"start":{"line":17,"column":6},"end":{"line":17,"column":27}},"9":{"start":{"line":17,"column":15},"end":{"line":17,"column":27}},"10":{"start":{"line":18,"column":6},"end":{"line":18,"column":20}},"11":{"start":{"line":21,"column":2},"end":{"line":21,"column":24}},"12":{"start":{"line":24,"column":15},"end":{"line":24,"column":27}},"13":{"start":{"line":25,"column":0},"end":{"line":25,"column":27}}},"fnMap":{"0":{"name":"_interopRequireDefault","decl":{"start":{"line":10,"column":9},"end":{"line":10,"column":31}},"loc":{"start":{"line":10,"column":37},"end":{"line":10,"column":95}},"line":10},"1":{"name":"(anonymous_1)","decl":{"start":{"line":14,"column":21},"end":{"line":14,"column":22}},"loc":{"start":{"line":14,"column":33},"end":{"line":22,"column":1}},"line":14},"2":{"name":"(anonymous_2)","decl":{"start":{"line":15,"column":37},"end":{"line":15,"column":38}},"loc":{"start":{"line":15,"column":58},"end":{"line":20,"column":3}},"line":15},"3":{"name":"(anonymous_3)","decl":{"start":{"line":16,"column":49},"end":{"line":16,"column":50}},"loc":{"start":{"line":16,"column":70},"end":{"line":19,"column":5}},"line":16}},"branchMap":{"0":{"loc":{"start":{"line":10,"column":46},"end":{"line":10,"column":92}},"type":"cond-expr","locations":[{"start":{"line":10,"column":70},"end":{"line":10,"column":73}},{"start":{"line":10,"column":76},"end":{"line":10,"column":92}}],"line":10},"1":{"loc":{"start":{"line":10,"column":46},"end":{"line":10,"column":67}},"type":"binary-expr","locations":[{"start":{"line":10,"column":46},"end":{"line":10,"column":49}},{"start":{"line":10,"column":53},"end":{"line":10,"column":67}}],"line":10},"2":{"loc":{"start":{"line":17,"column":6},"end":{"line":17,"column":27}},"type":"if","locations":[{"start":{"line":17,"column":6},"end":{"line":17,"column":27}},{"start":{"line":17,"column":6},"end":{"line":17,"column":27}}],"line":17}},"s":{"0":1,"1":1,"2":1,"3":1,"4":1,"5":1,"6":1,"7":1,"8":1,"9":0,"10":1,"11":1,"12":1,"13":1},"f":{"0":1,"1":1,"2":1,"3":1},"b":{"0":[0,1],"1":[1,1],"2":[0,1]},"_coverageSchema":"43e27e138ebf9cfc5966b082cf9a028302ed4184","hash":"89f12dd5728f986d08af1c6745e1e6f5c1951a85","contentHash":"21ef705564956c49fae35090e81f4e162dddb902a02bed8b6afc233de60cc921"},"C:\\Users\\user\\Desktop\\boris\\team_work_server\\api\\v1\\heplpers\\compareHash.js":{"path":"C:\\Users\\user\\Desktop\\boris\\team_work_server\\api\\v1\\heplpers\\compareHash.js","statementMap":{"0":{"start":{"line":3,"column":0},"end":{"line":5,"column":3}},"1":{"start":{"line":6,"column":0},"end":{"line":6,"column":25}},"2":{"start":{"line":8,"column":16},"end":{"line":8,"column":59}},"3":{"start":{"line":10,"column":39},"end":{"line":10,"column":93}},"4":{"start":{"line":12,"column":24},"end":{"line":28,"column":1}},"5":{"start":{"line":16,"column":25},"end":{"line":26,"column":4}},"6":{"start":{"line":17,"column":4},"end":{"line":25,"column":7}},"7":{"start":{"line":18,"column":6},"end":{"line":18,"column":27}},"8":{"start":{"line":18,"column":15},"end":{"line":18,"column":27}},"9":{"start":{"line":20,"column":6},"end":{"line":24,"column":7}},"10":{"start":{"line":21,"column":8},"end":{"line":21,"column":22}},"11":{"start":{"line":23,"column":8},"end":{"line":23,"column":23}},"12":{"start":{"line":27,"column":2},"end":{"line":27,"column":24}},"13":{"start":{"line":30,"column":15},"end":{"line":30,"column":30}},"14":{"start":{"line":31,"column":0},"end":{"line":31,"column":27}}},"fnMap":{"0":{"name":"_interopRequireDefault","decl":{"start":{"line":10,"column":9},"end":{"line":10,"column":31}},"loc":{"start":{"line":10,"column":37},"end":{"line":10,"column":95}},"line":10},"1":{"name":"(anonymous_1)","decl":{"start":{"line":12,"column":24},"end":{"line":12,"column":25}},"loc":{"start":{"line":15,"column":6},"end":{"line":28,"column":1}},"line":15},"2":{"name":"(anonymous_2)","decl":{"start":{"line":16,"column":37},"end":{"line":16,"column":38}},"loc":{"start":{"line":16,"column":58},"end":{"line":26,"column":3}},"line":16},"3":{"name":"(anonymous_3)","decl":{"start":{"line":17,"column":61},"end":{"line":17,"column":62}},"loc":{"start":{"line":17,"column":76},"end":{"line":25,"column":5}},"line":17}},"branchMap":{"0":{"loc":{"start":{"line":10,"column":46},"end":{"line":10,"column":92}},"type":"cond-expr","locations":[{"start":{"line":10,"column":70},"end":{"line":10,"column":73}},{"start":{"line":10,"column":76},"end":{"line":10,"column":92}}],"line":10},"1":{"loc":{"start":{"line":10,"column":46},"end":{"line":10,"column":67}},"type":"binary-expr","locations":[{"start":{"line":10,"column":46},"end":{"line":10,"column":49}},{"start":{"line":10,"column":53},"end":{"line":10,"column":67}}],"line":10},"2":{"loc":{"start":{"line":18,"column":6},"end":{"line":18,"column":27}},"type":"if","locations":[{"start":{"line":18,"column":6},"end":{"line":18,"column":27}},{"start":{"line":18,"column":6},"end":{"line":18,"column":27}}],"line":18},"3":{"loc":{"start":{"line":20,"column":6},"end":{"line":24,"column":7}},"type":"if","locations":[{"start":{"line":20,"column":6},"end":{"line":24,"column":7}},{"start":{"line":20,"column":6},"end":{"line":24,"column":7}}],"line":20}},"s":{"0":1,"1":1,"2":1,"3":1,"4":1,"5":1,"6":1,"7":1,"8":0,"9":1,"10":1,"11":0,"12":1,"13":1,"14":1},"f":{"0":1,"1":1,"2":1,"3":1},"b":{"0":[0,1],"1":[1,1],"2":[0,1],"3":[1,0]},"_coverageSchema":"43e27e138ebf9cfc5966b082cf9a028302ed4184","hash":"4aad1f4d9c3cc58a44376c0314654546d41d467b","contentHash":"a240fc74867a340c34ec7713d951206f360197e77b39d1f09178e44ca1eab1a2"},"C:\\Users\\user\\Desktop\\boris\\team_work_server\\api\\v1\\middlewares\\authValidation\\signup.js":{"path":"C:\\Users\\user\\Desktop\\boris\\team_work_server\\api\\v1\\middlewares\\authValidation\\signup.js","statementMap":{"0":{"start":{"line":3,"column":0},"end":{"line":5,"column":3}},"1":{"start":{"line":6,"column":0},"end":{"line":6,"column":25}},"2":{"start":{"line":8,"column":12},"end":{"line":8,"column":64}},"3":{"start":{"line":10,"column":11},"end":{"line":10,"column":49}},"4":{"start":{"line":12,"column":39},"end":{"line":12,"column":93}},"5":{"start":{"line":14,"column":15},"end":{"line":143,"column":1}},"6":{"start":{"line":15,"column":22},"end":{"line":15,"column":100}},"7":{"start":{"line":27,"column":6},"end":{"line":27,"column":14}},"8":{"start":{"line":28,"column":15},"end":{"line":40,"column":3}},"9":{"start":{"line":42,"column":17},"end":{"line":54,"column":4}},"10":{"start":{"line":59,"column":6},"end":{"line":59,"column":41}},"11":{"start":{"line":61,"column":2},"end":{"line":142,"column":3}},"12":{"start":{"line":62,"column":4},"end":{"line":137,"column":5}},"13":{"start":{"line":64,"column":8},"end":{"line":72,"column":11}},"14":{"start":{"line":73,"column":8},"end":{"line":73,"column":14}},"15":{"start":{"line":76,"column":8},"end":{"line":79,"column":11}},"16":{"start":{"line":80,"column":8},"end":{"line":80,"column":14}},"17":{"start":{"line":83,"column":8},"end":{"line":86,"column":11}},"18":{"start":{"line":87,"column":8},"end":{"line":87,"column":14}},"19":{"start":{"line":90,"column":8},"end":{"line":93,"column":11}},"20":{"start":{"line":94,"column":8},"end":{"line":94,"column":14}},"21":{"start":{"line":97,"column":8},"end":{"line":100,"column":11}},"22":{"start":{"line":101,"column":8},"end":{"line":101,"column":14}},"23":{"start":{"line":104,"column":8},"end":{"line":107,"column":11}},"24":{"start":{"line":108,"column":8},"end":{"line":108,"column":14}},"25":{"start":{"line":111,"column":8},"end":{"line":114,"column":11}},"26":{"start":{"line":115,"column":8},"end":{"line":115,"column":14}},"27":{"start":{"line":118,"column":8},"end":{"line":121,"column":11}},"28":{"start":{"line":122,"column":8},"end":{"line":122,"column":14}},"29":{"start":{"line":125,"column":8},"end":{"line":128,"column":11}},"30":{"start":{"line":129,"column":8},"end":{"line":129,"column":14}},"31":{"start":{"line":132,"column":8},"end":{"line":135,"column":11}},"32":{"start":{"line":136,"column":8},"end":{"line":136,"column":14}},"33":{"start":{"line":139,"column":4},"end":{"line":139,"column":33}},"34":{"start":{"line":140,"column":4},"end":{"line":140,"column":22}},"35":{"start":{"line":141,"column":4},"end":{"line":141,"column":11}},"36":{"start":{"line":145,"column":0},"end":{"line":145,"column":27}}},"fnMap":{"0":{"name":"_interopRequireDefault","decl":{"start":{"line":12,"column":9},"end":{"line":12,"column":31}},"loc":{"start":{"line":12,"column":37},"end":{"line":12,"column":95}},"line":12},"1":{"name":"(anonymous_1)","decl":{"start":{"line":14,"column":15},"end":{"line":14,"column":16}},"loc":{"start":{"line":14,"column":35},"end":{"line":143,"column":1}},"line":14}},"branchMap":{"0":{"loc":{"start":{"line":12,"column":46},"end":{"line":12,"column":92}},"type":"cond-expr","locations":[{"start":{"line":12,"column":70},"end":{"line":12,"column":73}},{"start":{"line":12,"column":76},"end":{"line":12,"column":92}}],"line":12},"1":{"loc":{"start":{"line":12,"column":46},"end":{"line":12,"column":67}},"type":"binary-expr","locations":[{"start":{"line":12,"column":46},"end":{"line":12,"column":4
[...]
":{"0":6},"b":{"0":[5,1],"1":[6,6]},"_coverageSchema":"43e27e138ebf9cfc5966b082cf9a028302ed4184","hash":"0309e51fef43c1978ddb84bc0285966934ce4c70","contentHash":"8447e3a65c11a3e33c162ccdbf386796a4efb49b68b84f881a422dde942f62bf"},"C:\\Users\\user\\Desktop\\boris\\team_work_server\\api\\v1\\controllers\\adminController.js":{"path":"C:\\Users\\user\\Desktop\\boris\\team_work_server\\api\\v1\\controllers\\adminController.js","statementMap":{"0":{"start":{"line":3,"column":0},"end":{"line":5,"column":3}},"1":{"start":{"line":6,"column":0},"end":{"line":6,"column":25}},"2":{"start":{"line":8,"column":17},"end":{"line":8,"column":62}},"3":{"start":{"line":10,"column":19},"end":{"line":10,"column":75}},"4":{"start":{"line":12,"column":19},"end":{"line":12,"column":75}},"5":{"start":{"line":14,"column":15},"end":{"line":14,"column":67}},"6":{"start":{"line":16,"column":15},"end":{"line":16,"column":67}},"7":{"start":{"line":18,"column":39},"end":{"line":18,"column":93}},"8":{"start":{"line":20,"column":15},"end":{"line":94,"column":3}},"9":{"start":{"line":27,"column":17},"end":{"line":27,"column":19}},"10":{"start":{"line":29,"column":4},"end":{"line":49,"column":7}},"11":{"start":{"line":30,"column":22},"end":{"line":30,"column":72}},"12":{"start":{"line":30,"column":49},"end":{"line":30,"column":71}},"13":{"start":{"line":32,"column":6},"end":{"line":32,"column":27}},"14":{"start":{"line":33,"column":6},"end":{"line":36,"column":9}},"15":{"start":{"line":33,"column":20},"end":{"line":36,"column":9}},"16":{"start":{"line":37,"column":16},"end":{"line":46,"column":7}},"17":{"start":{"line":47,"column":6},"end":{"line":48,"column":9}},"18":{"start":{"line":51,"column":4},"end":{"line":55,"column":7}},"19":{"start":{"line":65,"column":17},"end":{"line":65,"column":19}},"20":{"start":{"line":67,"column":4},"end":{"line":85,"column":7}},"21":{"start":{"line":68,"column":22},"end":{"line":68,"column":72}},"22":{"start":{"line":68,"column":49},"end":{"line":68,"column":71}},"23":{"start":{"line":70,"column":6},"end":{"line":73,"column":9}},"24":{"start":{"line":70,"column":20},"end":{"line":73,"column":9}},"25":{"start":{"line":74,"column":16},"end":{"line":82,"column":7}},"26":{"start":{"line":83,"column":6},"end":{"line":84,"column":9}},"27":{"start":{"line":87,"column":4},"end":{"line":91,"column":7}},"28":{"start":{"line":96,"column":0},"end":{"line":96,"column":27}}},"fnMap":{"0":{"name":"_interopRequireDefault","decl":{"start":{"line":18,"column":9},"end":{"line":18,"column":31}},"loc":{"start":{"line":18,"column":37},"end":{"line":18,"column":95}},"line":18},"1":{"name":"(anonymous_1)","decl":{"start":{"line":26,"column":2},"end":{"line":26,"column":3}},"loc":{"start":{"line":26,"column":32},"end":{"line":56,"column":3}},"line":26},"2":{"name":"(anonymous_2)","decl":{"start":{"line":29,"column":33},"end":{"line":29,"column":34}},"loc":{"start":{"line":29,"column":41},"end":{"line":49,"column":5}},"line":29},"3":{"name":"(anonymous_3)","decl":{"start":{"line":30,"column":44},"end":{"line":30,"column":45}},"loc":{"start":{"line":30,"column":49},"end":{"line":30,"column":71}},"line":30},"4":{"name":"(anonymous_4)","decl":{"start":{"line":64,"column":2},"end":{"line":64,"column":3}},"loc":{"start":{"line":64,"column":32},"end":{"line":92,"column":3}},"line":64},"5":{"name":"(anonymous_5)","decl":{"start":{"line":67,"column":33},"end":{"line":67,"column":34}},"loc":{"start":{"line":67,"column":41},"end":{"line":85,"column":5}},"line":67},"6":{"name":"(anonymous_6)","decl":{"start":{"line":68,"column":44},"end":{"line":68,"column":45}},"loc":{"start":{"line":68,"column":49},"end":{"line":68,"column":71}},"line":68}},"branchMap":{"0":{"loc":{"start":{"line":18,"column":46},"end":{"line":18,"column":92}},"type":"cond-expr","locations":[{"start":{"line":18,"column":70},"end":{"line":18,"column":73}},{"start":{"line":18,"column":76},"end":{"line":18,"column":92}}],"line":18},"1":{"loc":{"start":{"line":18,"column":46},"end":{"line":18,"column":67}},"type":"binary-expr","locations":[{"start":{"line":18,"column":46},"end":{"line":18,"column":49}},{"start":{"line":18,"column":53},"end":{"line":18,"column":67}}],"line":18},"2":{"loc":{"start":{"line":33,"column":6},"end":{"line":36,"column":9}},"type":"if","locations":[{"start":{"line":33,"column":6},"end":{"line":36,"column":9}},{"start":{"line":33,"column":6},"end":{"line":36,"column":9}}],"line":33},"3":{"loc":{"start":{"line":70,"column":6},"end":{"line":73,"column":9}},"type":"if","locations":[{"start":{"line":70,"column":6},"end":{"line":73,"column":9}},{"start":{"line":70,"column":6},"end":{"line":73,"column":9}}],"line":70}},"s":{"0":1,"1":1,"2":1,"3":1,"4":1,"5":1,"6":1,"7":5,"8":1,"9":1,"10":1,"11":2,"12":2,"13":2,"14":2,"15":0,"16":2,"17":2,"18":1,"19":1,"20":1,"21":2,"22":2,"23":2,"24":0,"25":2,"26":2,"27":1,"28":1},"f":{"0":5,"1":1,"2":2,"3":2,"4":1,"5":2,"6":2},"b":{"0":[4,1],"1":[5,5],"2":[0,2],"3":[0,2]},"_coverageSchema":"43e27e138ebf9cfc5966b082cf9a028302ed4184","hash":"6c8a8854a825159c439bd571b5c8bf3404e9ffb3","contentHash":"5514373c354dd17b9486e16fac5f5e93780b174d2fef08ad205e4e358c126698"},"C:\\Users\\user\\Desktop\\boris\\team_work_server\\api\\v1\\controllers\\adminIgnoreController.js":{"path":"C:\\Users\\user\\Desktop\\boris\\team_work_server\\api\\v1\\controllers\\adminIgnoreController.js","statementMap":{"0":{"start":{"line":3,"column":0},"end":{"line":5,"column":3}},"1":{"start":{"line":6,"column":0},"end":{"line":6,"column":25}},"2":{"start":{"line":8,"column":19},"end":{"line":8,"column":75}},"3":{"start":{"line":10,"column":19},"end":{"line":10,"column":75}},"4":{"start":{"line":12,"column":39},"end":{"line":12,"column":93}},"5":{"start":{"line":14,"column":15},"end":{"line":70,"column":3}},"6":{"start":{"line":23,"column":8},"end":{"line":23,"column":18}},"7":{"start":{"line":25,"column":20},"end":{"line":25,"column":83}},"8":{"start":{"line":25,"column":62},"end":{"line":25,"column":82}},"9":{"start":{"line":27,"column":4},"end":{"line":32,"column":5}},"10":{"start":{"line":28,"column":6},"end":{"line":31,"column":9}},"11":{"start":{"line":34,"column":4},"end":{"line":34,"column":44}},"12":{"start":{"line":36,"column":4},"end":{"line":39,"column":7}},"13":{"start":{"line":51,"column":8},"end":{"line":51,"column":18}},"14":{"start":{"line":53,"column":20},"end":{"line":53,"column":83}},"15":{"start":{"line":53,"column":62},"end":{"line":53,"column":82}},"16":{"start":{"line":55,"column":4},"end":{"line":60,"column":5}},"17":{"start":{"line":56,"column":6},"end":{"line":59,"column":9}},"18":{"start":{"line":62,"column":4},"end":{"line":62,"column":44}},"19":{"start":{"line":64,"column":4},"end":{"line":67,"column":7}},"20":{"start":{"line":72,"column":0},"end":{"line":72,"column":27}}},"fnMap":{"0":{"name":"_interopRequireDefault","decl":{"start":{"line":12,"column":9},"end":{"line":12,"column":31}},"loc":{"start":{"line":12,"column":37},"end":{"line":12,"column":95}},"line":12},"1":{"name":"(anonymous_1)","decl":{"start":{"line":20,"column":2},"end":{"line":20,"column":3}},"loc":{"start":{"line":20,"column":26},"end":{"line":40,"column":3}},"line":20},"2":{"name":"(anonymous_2)","decl":{"start":{"line":25,"column":51},"end":{"line":25,"column":52}},"loc":{"start":{"line":25,"column":62},"end":{"line":25,"column":82}},"line":25},"3":{"name":"(anonymous_3)","decl":{"start":{"line":48,"column":2},"end":{"line":48,"column":3}},"loc":{"start":{"line":48,"column":26},"end":{"line":68,"column":3}},"line":48},"4":{"name":"(anonymous_4)","decl":{"start":{"line":53,"column":51},"end":{"line":53,"column":52}},"loc":{"start":{"line":53,"column":62},"end":{"line":53,"column":82}},"line":53}},"branchMap":{"0":{"loc":{"start":{"line":12,"column":46},"end":{"line":12,"column":92}},"type":"cond-expr","locations":[{"start":{"line":12,"column":70},"end":{"line":12,"column":73}},{"start":{"line":12,"column":76},"end":{"line":12,"column":92}}],"line":12},"1":{"loc":{"start":{"line":12,"column":46},"end":{"line":12,"column":67}},"type":"binary-expr","locations":[{"start":{"line":12,"column":46},"end":{"line":12,"column":49}},{"start":{"line":12,"column":53},"end":{"line":12,"column":67}}],"line":12},"2":{"loc":{"start":{"line":27,"column":4},"end":{"line":32,"column":5}},"type":"if","locations":[{"start":{"line":27,"column":4},"end":{"line":32,"column":5}},{"start":{"line":27,"column":4},"end":{"line":32,"column":5}}],"line":27},"3":{"loc":{"start":{"line":55,"column":4},"end":{"line":60,"column":5}},"type":"if","locations":[{"start":{"line":55,"column":4},"end":{"line":60,"column":5}},{"start":{"line":55,"column":4},"end":{"line":60,"column":5}}],"line":55}},"s":{"0":1,"1":1,"2":1,"3":1,"4":2,"5":1,"6":1,"7":1,"8":2,"9":1,"10":0,"11":1,"12":1,"13":1,"14":1,"15":2,"16":1,"17":0,"18":1,"19":1,"20":1},"f":{"0":2,"1":1,"2":2,"3":1,"4":2},"b":{"0":[2,0],"1":[2,2],"2":[0,1],"3":[0,1]},"_coverageSchema":"43e27e138ebf9cfc5966b082cf9a028302ed4184","hash":"ab4ab2148eecff137b54d7f691ac6f69cb52914e","contentHash":"9b566a75f80809838ac56d9a53c9914caade84de172d75e5b6c9e6933af8d034"},"C:\\Users\\user\\Desktop\\boris\\team_work_server\\api\\v1\\controllers\\adminDeleteController.js":{"path":"C:\\Users\\user\\Desktop\\boris\\team_work_server\\api\\v1\\controllers\\adminDeleteController.js","statementMap":{"0":{"start":{"line":3,"column":0},"end":{"line":5,"column":3}},"1":{"start":{"line":6,"column":0},"end":{"line":6,"column":25}},"2":{"start":{"line":8,"column":19},"end":{"line":8,"column":75}},"3":{"start":{"line":10,"column":15},"end":{"line":10,"column":67}},"4":{"start":{"line":12,"column":16},"end":{"line":12,"column":69}},"5":{"start":{"line":14,"column":15},"end":{"line":14,"column":67}},"6":{"start":{"line":16,"column":19},"end":{"line":16,"column":75}},"7":{"start":{"line":18,"column":39},"end":{"line":18,"column":93}},"8":{"start":{"line":20,"column":15},"end":{"line":104,"column":3}},"9":{"start":{"line":29,"column":8},"end":{"line":29,"column":18}},"10":{"start":{"line":31,"column":22},"end":{"line":31,"column":85}},"11":{"start":{"line":31,"column":64},"end":{"line":31,"column":84}},"12":{"start":{"line":33,"column":4},"end":{"line":38,"column":5}},"13":{"start":{"line":34,"column":6},"end":{"line":37,"column":9}},"14":{"start":{"line":40,"column":21},"end":{"line":40,"column":67}},"15":{"start":{"line":40,"column":52},"end":{"line":40,"column":66}},"16":{"start":{"line":42,"column":22},"end":{"line":42,"column":40}},"17":{"start":{"line":44,"column":17},"end":{"line":44,"column":74}},"18":{"start":{"line":44,"column":50},"end":{"line":44,"column":73}},"19":{"start":{"line":46,"column":20},"end":{"line":46,"column":82}},"20":{"start":{"line":46,"column":58},"end":{"line":46,"column":81}},"21":{"start":{"line":48,"column":4},"end":{"line":53,"column":5}},"22":{"start":{"line":49,"column":6},"end":{"line":52,"column":9}},"23":{"start":{"line":55,"column":16},"end":{"line":55,"column":75}},"24":{"start":{"line":55,"column":48},"end":{"line":55,"column":74}},"25":{"start":{"line":57,"column":17},"end":{"line":57,"column":75}},"26":{"start":{"line":57,"column":48},"end":{"line":57,"column":74}},"27":{"start":{"line":59,"column":17},"end":{"line":59,"column":79}},"28":{"start":{"line":59,"column":52},"end":{"line":59,"column":78}},"29":{"start":{"line":61,"column":4},"end":{"line":61,"column":40}},"30":{"start":{"line":63,"column":4},"end":{"line":63,"column":112}},"31":{"start":{"line":63,"column":21},"end":{"line":63,"column":110}},"32":{"start":{"line":63,"column":79},"end":{"line":63,"column":105}},"33":{"start":{"line":64,"column":4},"end":{"line":64,"column":111}},"34":{"start":{"line":64,"column":22},"end":{"line":64,"column":109}},"35":{"start":{"line":64,"column":78},"end":{"line":64,"column":104}},"36":{"start":{"line":65,"column":4},"end":{"line":65,"column":119}},"37":{"start":{"line":65,"column":22},"end":{"line":65,"column":117}},"38":{"start":{"line":65,"column":86},"end":{"line":65,"column":112}},"39":{"start":{"line":66,"column":4},"end":{"line":69,"column":7}},"40":{"start":{"line":81,"column":8},"end":{"line":81,"column":18}},"41":{"start":{"line":83,"column":22},"end":{"line":83,"column":77}},"42":{"start":{"line":83,"column":60},"end":{"line":83,"column":76}},"43":{"start":{"line":85,"column":4},"end":{"line":90,"column":5}},"44":{"start":{"line":86,"column":6},"end":{"line":89,"column":9}},"45":{"start":{"line":92,"column":17},"end":{"line":92,"column":76}},"46":{"start":{"line":92,"column":52},"end":{"line":92,"column":75}},"47":{"start":{"line":94,"column":4},"end":{"line":94,"column":119}},"48":{"start":{"line":94,"column":22},"end":{"line":94,"column":117}},"49":{"start":{"line":94,"column":86},"end":{"line":94,"column":112}},"50":{"start":{"line":96,"column":4},"end":{"line":96,"column":42}},"51":{"start":{"line":98,"column":4},"end":{"line":101,"column":7}},"52":{"start":{"line":106,"column":0},"end":{"line":106,"column":27}}},"fnMap":{"0":{"name":"_interopRequireDefault","decl":{"start":{"line":18,"column":9},"end":{"line":18,"column":31}},"loc":{"start":{"line":18,"column":37},"end":{"line":18,"column":95}},"line":18},"1":{"name":"(anonymous_1)","decl":{"start":{"line":26,"column":2},"end":{"line":26,"column":3}},"loc":{"start":{"line":26,"column":26},"end":{"line":70,"column":3}},"line":26},"2":{"name":"(anonymous_2)","decl":{"start":{"line":31,"column":53},"end":{"line":31,"column":54}},"loc":{"start":{"line":31,"column":64},"end":{"line":31,"column":84}},"line":31},"3":{"name":"(anonymous_3)","decl":{"start":{"line":40,"column":47},"end":{"line":40,"column":48}},"loc":{"start":{"line":40,"column":52},"end":{"line":40,"column":66}},"line":40},"4":{"name":"(anonymous_4)","decl":{"start":{"line":44,"column":39},"end":{"line":44,"column":40}},"loc":{"start":{"line":44,"column":50},"end":{"line":44,"column":73}},"line":44},"5":{"name":"(anonymous_5)","decl":{"start":{"line":46,"column":47},"end":{"line":46,"column":48}},"loc":{"start":{"line":46,"column":58},"end":{"line":46,"column":81}},"line":46},"6":{"name":"(anonymous_6)","decl":{"start":{"line":55,"column":41},"end":{"line":55,"column":42}},"loc":{"start":{"line":55,"column":48},"end":{"line":55,"column":74}},"line":55},"7":{"name":"(anonymous_7)","decl":{"start":{"line":57,"column":41},"end":{"line":57,"column":42}},"loc":{"start":{"line":57,"column":48},"end":{"line":57,"column":74}},"line":57},"8":{"name":"(anonymous_8)","decl":{"start":{"line":59,"column":45},"end":{"line":59,"column":46}},"loc":{"start":{"line":59,"column":52},"end":{"line":59,"column":78}},"line":59},"9":{"name":"(anonymous_9)","decl":{"start":{"line":63,"column":16},"end":{"line":63,"column":17}},"loc":{"start":{"line":63,"column":21},"end":{"line":63,"column":110}},"line":63},"10":{"name":"(anonymous_10)","decl":{"start":{"line":63,"column":74},"end":{"line":63,"column":75}},"loc":{"start":{"line":63,"column":79},"end":{"line":63,"column":105}},"line":63},"11":{"name":"(anonymous_11)","decl":{"start":{"line":64,"column":17},"end":{"line":64,"column":18}},"loc":{"start":{"line":64,"column":22},"end":{"line":64,"column":109}},"line":64},"12":{"name":"(anonymous_12)","decl":{"start":{"line":64,"column":73},"end":{"line":64,"column":74}},"loc":{"start":{"line":64,"column":78},"end":{"line":64,"column":104}},"line":64},"13":{"name":"(anonymous_13)","decl":{"start":{"line":65,"column":17},"end":{"line":65,"column":18}},"loc":{"start":{"line":65,"column":22},"end":{"line":65,"column":117}},"line":65},"14":{"name":"(anonymous_14)","decl":{"start":{"line":65,"column":81},"end":{"line":65,"column":82}},"loc":{"start":{"line":65,"column":86},"end":{"line":65,"column":112}},"line":65},"15":{"name":"(anonymous_15)","decl":{"start":{"line":78,"column":2},"end":{"line":78,"column":3}},"loc":{"start":{"line":78,"column":26},"end":{"line":102,"column":3}},"line":78},"16":{"name":"(anonymous_16)","decl":{"start":{"line":83,"column":53},"end":{"line":83,"column":54}},"loc":{"start":{"line":83,"column":60},"end":{"line":83,"column":76}},"line":83},"17":{"name":"(anonymous_17)","decl":{"start":{"line":92,"column":45},"end":{"line":92,"column":46}},"loc":{"start":{"line":92,"column":52},"end":{"line":92,"column":75}},"line":92},"18":{"name":"(anonymous_18)","decl":{"start":{"line":94,"column":17},"end":{"line":94,"column":18}},"loc":{"start":{"line":94,"column":22},"end":{"line":94,"column":117}},"line":94},"19":{"name":"(anonymous_19)","decl":{"start":{"line":94,"column":81},"end":{"line":94,"column":82}},"loc":{"start":{"line":94,"column":86},"end":{"line":94,"column":112}},"line":94}},"branchMap":{"0":{"loc":{"start":{"line":18,"column":46},"end":{"line":18,"column":92}},"type":"cond-expr","locations":[{"start":{"line":18,"column":70},"end":{"line":18,"column":73}},{"start":{"line":18,"column":76},"end":{"line":18,"column":92}}],"line":18},"1":{"loc":{"start":{"line":18,"column":46},"end":{"line":18,"column":67}},"type":"binary-expr","locations":[{"start":{"line":18,"column":46},"end":{"line":18,"column":49}},{"start":{"line":18,"column":53},"end":{"line":18,"column":67}}],"line":18},"2":{"loc":{"start":{"line":33,"column":4},"end":{"line":38,"column":5}},"type":"if","locations":[{"start":{"line":33,"column":4},"end":{"line":38,"column":5}},{"start":{"line":33,"column":4},"end":{"line":38,"column":5}}],"line":33},"3":{"loc":{"start":{"line":48,"column":4},"end":{"line":53,"column":5}},"type":"if","locations":[{"start":{"line":48,"column":4},"end":{"line":53,"column":5}},{"start":{"line":48,"column":4},"end":{"line":53,"column":5}}],"line":48},"4":{"loc":{"start":{"line":85,"column":4},"end":{"line":90,"column":5}},"type":"if","locations":[{"start":{"line":85,"column":4},"end":{"line":90,"column":5}},{"start":{"line":85,"column":4},"end":{"line":90,"column":5}}],"line":85}},"s":{"0":1,"1":1,"2":1,"3":1,"4":1,"5":1,"6":1,"7":5,"8":1,"9":1,"10":1,"11":1,"12":1,"13":0,"14":1,"15":1,"16":1,"17":1,"18":1,"19":1,"20":1,"21":1,"22":0,"23":1,"24":5,"25":1,"26":0,"27":1,"28":1,"29":1,"30":1,"31":5,"32":5,"33":1,"34":0,"35":0,"36":1,"37":1,"38":1,"39":1,"40":1,"41":1,"42":1,"43":1,"44":0,"45":1,"46":1,"47":1,"48":1,"49":1,"50":1,"51":1,"52":1},"f":{"0":5,"1":1,"2":1,"3":1,"4":1,"5":1,"6":5,"7":0,"8":1,"9":5,"10":5,"11":0,"12":0,"13":1,"14":1,"15":1,"16":1,"17":1,"18":1,"19":1},"b":{"0":[5,0],"1":[5,5],"2":[0,1],"3":[0,1],"4":[0,1]},"_coverageSchema":"43e27e138ebf9cfc5966b082cf9a028302ed4184","hash":"6fb6dbfbf65db1da9db1596c896508e9c7e4f58b","contentHash":"4e8e308f28c276d73fe3e57b112b45c251dcd795f70982267a477205c644372a"},"C:\\Users\\user\\Desktop\\boris\\team_work_server\\api\\v1\\middlewares\\adminValidation\\admin.js":{"path":"C:\\Users\\user\\Desktop\\boris\\team_work_server\\api\\v1\\middlewares\\adminValidation\\admin.js","statementMap":{"0":{"start":{"line":3,"column":0},"end":{"line":5,"column":3}},"1":{"start":{"line":6,"column":0},"end":{"line":6,"column":25}},"2":{"start":{"line":8,"column":15},"end":{"line":15,"column":1}},"3":{"start":{"line":9,"column":16},"end":{"line":9,"column":25}},"4":{"start":{"line":10,"column":2},"end":{"line":13,"column":5}},"5":{"start":{"line":10,"column":31},"end":{"line":13,"column":5}},"6":{"start":{"line":14,"column":2},"end":{"line":14,"column":9}},"7":{"start":{"line":17,"column":0},"end":{"line":17,"column":27}}},"fnMap":{"0":{"name":"(anonymous_0)","decl":{"start":{"line":8,"column":15},"end":{"line":8,"column":16}},"loc":{"start":{"line":8,"column":35},"end":{"line":15,"column":1}},"line":8}},"branchMap":{"0":{"loc":{"start":{"line":10,"column":2},"end":{"line":13,"column":5}},"type":"if","locations":[{"start":{"line":10,"column":2},"end":{"line":13,"column":5}},{"start":{"line":10,"column":2},"end":{"line":13,"column":5}}],"line":10}},"s":{"0":1,"1":1,"2":1,"3":6,"4":6,"5":0,"6":6,"7":1},"f":{"0":6},"b":{"0":[0,6]},"_coverageSchema":"43e27e138ebf9cfc5966b082cf9a028302ed4184","hash":"ae68f2a0b95b4074245f10e44dc0ce77ba1bbf0e","contentHash":"90020fd226e598317fc263df57698470570bb74bfae9ef8e0d77b1a246d0f529"}}